[3.673s] DEBUG:colcon:Command line arguments: ['/usr/bin/colcon', 'build']
[3.673s] DEBUG:colcon:Parsed command line arguments: Namespace(allow_overriding=[], ament_cmake_args=None, base_paths=['.'], build_base='build', catkin_cmake_args=None, catkin_skip_building_tests=False, cmake_args=None, cmake_clean_cache=False, cmake_clean_first=False, cmake_force_configure=False, cmake_target=None, cmake_target_skip_unavailable=False, continue_on_error=False, event_handlers=None, executor='parallel', ignore_user_meta=False, install_base='install', log_base=None, log_level=None, main=<bound method BuildVerb.main of <colcon_core.verb.build.BuildVerb object at 0x7fc1b71612b0>>, merge_install=False, metas=['./colcon.meta'], packages_above=None, packages_above_and_dependencies=None, packages_above_depth=None, packages_end=None, packages_ignore=None, packages_ignore_regex=None, packages_select=None, packages_select_build_failed=False, packages_select_by_dep=None, packages_select_regex=None, packages_select_test_failures=False, packages_skip=None, packages_skip_build_finished=False, packages_skip_by_dep=None, packages_skip_regex=None, packages_skip_test_passed=False, packages_skip_up_to=None, packages_start=None, packages_up_to=None, packages_up_to_regex=None, parallel_workers=4, paths=None, symlink_install=False, test_result_base=None, verb_extension=<colcon_core.verb.build.BuildVerb object at 0x7fc1b71612b0>, verb_name='build', verb_parser=<colcon_defaults.argument_parser.defaults.DefaultArgumentsDecorator object at 0x7fc1b71617f0>)
[3.979s] Level 1:colcon.colcon_core.package_discovery:discover_packages(colcon_meta) check parameters
[3.980s] Level 1:colcon.colcon_core.package_discovery:discover_packages(recursive) check parameters
[3.980s] Level 1:colcon.colcon_core.package_discovery:discover_packages(ignore) check parameters
[3.980s] Level 1:colcon.colcon_core.package_discovery:discover_packages(path) check parameters
[3.980s] Level 1:colcon.colcon_core.package_discovery:discover_packages(colcon_meta) discover
[3.980s] Level 1:colcon.colcon_core.package_discovery:discover_packages(recursive) discover
[3.980s] INFO:colcon.colcon_core.package_discovery:Crawling recursively for packages in '/home/antel460/TDDE05/ros2_ws/src/labs'
[3.981s] Level 1:colcon.colcon_core.package_identification:_identify(.) by extensions ['ignore', 'ignore_ament_install']
[3.981s] Level 1:colcon.colcon_core.package_identification:_identify(.) by extension 'ignore'
[3.982s] Level 1:colcon.colcon_core.package_identification:_identify(.) by extension 'ignore_ament_install'
[3.983s] Level 1:colcon.colcon_core.package_identification:_identify(.) by extensions ['colcon_pkg']
[3.983s] Level 1:colcon.colcon_core.package_identification:_identify(.) by extension 'colcon_pkg'
[3.984s] Level 1:colcon.colcon_core.package_identification:_identify(.) by extensions ['colcon_meta']
[3.984s] Level 1:colcon.colcon_core.package_identification:_identify(.) by extension 'colcon_meta'
[3.984s] Level 1:colcon.colcon_core.package_identification:_identify(.) by extensions ['ros']
[3.984s] Level 1:colcon.colcon_core.package_identification:_identify(.) by extension 'ros'
[4.020s] Level 1:colcon.colcon_core.package_identification:_identify(.) by extensions ['cmake', 'python']
[4.020s] Level 1:colcon.colcon_core.package_identification:_identify(.) by extension 'cmake'
[4.021s] Level 1:colcon.colcon_core.package_identification:_identify(.) by extension 'python'
[4.022s] Level 1:colcon.colcon_core.package_identification:_identify(.) by extensions ['python_setup_py']
[4.022s] Level 1:colcon.colcon_core.package_identification:_identify(.) by extension 'python_setup_py'
[4.023s] Level 1:colcon.colcon_core.package_identification:_identify(air_lab2) by extensions ['ignore', 'ignore_ament_install']
[4.023s] Level 1:colcon.colcon_core.package_identification:_identify(air_lab2) by extension 'ignore'
[4.024s] Level 1:colcon.colcon_core.package_identification:_identify(air_lab2) by extension 'ignore_ament_install'
[4.025s] Level 1:colcon.colcon_core.package_identification:_identify(air_lab2) by extensions ['colcon_pkg']
[4.025s] Level 1:colcon.colcon_core.package_identification:_identify(air_lab2) by extension 'colcon_pkg'
[4.026s] Level 1:colcon.colcon_core.package_identification:_identify(air_lab2) by extensions ['colcon_meta']
[4.026s] Level 1:colcon.colcon_core.package_identification:_identify(air_lab2) by extension 'colcon_meta'
[4.026s] Level 1:colcon.colcon_core.package_identification:_identify(air_lab2) by extensions ['ros']
[4.026s] Level 1:colcon.colcon_core.package_identification:_identify(air_lab2) by extension 'ros'
[4.034s] DEBUG:colcon.colcon_core.package_identification:Package 'air_lab2' with type 'ros.ament_python' and name 'air_lab2'
[4.035s] Level 1:colcon.colcon_core.package_identification:_identify(air_lab3) by extensions ['ignore', 'ignore_ament_install']
[4.036s] Level 1:colcon.colcon_core.package_identification:_identify(air_lab3) by extension 'ignore'
[4.037s] Level 1:colcon.colcon_core.package_identification:_identify(air_lab3) by extension 'ignore_ament_install'
[4.038s] Level 1:colcon.colcon_core.package_identification:_identify(air_lab3) by extensions ['colcon_pkg']
[4.039s] Level 1:colcon.colcon_core.package_identification:_identify(air_lab3) by extension 'colcon_pkg'
[4.039s] Level 1:colcon.colcon_core.package_identification:_identify(air_lab3) by extensions ['colcon_meta']
[4.039s] Level 1:colcon.colcon_core.package_identification:_identify(air_lab3) by extension 'colcon_meta'
[4.040s] Level 1:colcon.colcon_core.package_identification:_identify(air_lab3) by extensions ['ros']
[4.040s] Level 1:colcon.colcon_core.package_identification:_identify(air_lab3) by extension 'ros'
[4.044s] DEBUG:colcon.colcon_core.package_identification:Package 'air_lab3' with type 'ros.ament_python' and name 'air_lab3'
[4.046s] Level 1:colcon.colcon_core.package_identification:_identify(air_lab5) by extensions ['ignore', 'ignore_ament_install']
[4.047s] Level 1:colcon.colcon_core.package_identification:_identify(air_lab5) by extension 'ignore'
[4.047s] Level 1:colcon.colcon_core.package_identification:_identify(air_lab5) by extension 'ignore_ament_install'
[4.049s] Level 1:colcon.colcon_core.package_identification:_identify(air_lab5) by extensions ['colcon_pkg']
[4.049s] Level 1:colcon.colcon_core.package_identification:_identify(air_lab5) by extension 'colcon_pkg'
[4.050s] Level 1:colcon.colcon_core.package_identification:_identify(air_lab5) by extensions ['colcon_meta']
[4.050s] Level 1:colcon.colcon_core.package_identification:_identify(air_lab5) by extension 'colcon_meta'
[4.050s] Level 1:colcon.colcon_core.package_identification:_identify(air_lab5) by extensions ['ros']
[4.051s] Level 1:colcon.colcon_core.package_identification:_identify(air_lab5) by extension 'ros'
[4.056s] DEBUG:colcon.colcon_core.package_identification:Package 'air_lab5' with type 'ros.ament_python' and name 'air_lab5'
[4.058s] Level 1:colcon.colcon_core.package_identification:_identify(air_lab_common) by extensions ['ignore', 'ignore_ament_install']
[4.058s] Level 1:colcon.colcon_core.package_identification:_identify(air_lab_common) by extension 'ignore'
[4.059s] Level 1:colcon.colcon_core.package_identification:_identify(air_lab_common) by extension 'ignore_ament_install'
[4.060s] Level 1:colcon.colcon_core.package_identification:_identify(air_lab_common) by extensions ['colcon_pkg']
[4.060s] Level 1:colcon.colcon_core.package_identification:_identify(air_lab_common) by extension 'colcon_pkg'
[4.061s] Level 1:colcon.colcon_core.package_identification:_identify(air_lab_common) by extensions ['colcon_meta']
[4.061s] Level 1:colcon.colcon_core.package_identification:_identify(air_lab_common) by extension 'colcon_meta'
[4.062s] Level 1:colcon.colcon_core.package_identification:_identify(air_lab_common) by extensions ['ros']
[4.062s] Level 1:colcon.colcon_core.package_identification:_identify(air_lab_common) by extension 'ros'
[4.067s] DEBUG:colcon.colcon_core.package_identification:Package 'air_lab_common' with type 'ros.ament_python' and name 'air_lab_common'
[4.068s] Level 1:colcon.colcon_core.package_identification:_identify(air_lab_interfaces) by extensions ['ignore', 'ignore_ament_install']
[4.068s] Level 1:colcon.colcon_core.package_identification:_identify(air_lab_interfaces) by extension 'ignore'
[4.069s] Level 1:colcon.colcon_core.package_identification:_identify(air_lab_interfaces) by extension 'ignore_ament_install'
[4.070s] Level 1:colcon.colcon_core.package_identification:_identify(air_lab_interfaces) by extensions ['colcon_pkg']
[4.070s] Level 1:colcon.colcon_core.package_identification:_identify(air_lab_interfaces) by extension 'colcon_pkg'
[4.071s] Level 1:colcon.colcon_core.package_identification:_identify(air_lab_interfaces) by extensions ['colcon_meta']
[4.071s] Level 1:colcon.colcon_core.package_identification:_identify(air_lab_interfaces) by extension 'colcon_meta'
[4.072s] Level 1:colcon.colcon_core.package_identification:_identify(air_lab_interfaces) by extensions ['ros']
[4.072s] Level 1:colcon.colcon_core.package_identification:_identify(air_lab_interfaces) by extension 'ros'
[4.077s] DEBUG:colcon.colcon_core.package_identification:Package 'air_lab_interfaces' with type 'ros.ament_cmake' and name 'air_lab_interfaces'
[4.078s] Level 1:colcon.colcon_core.package_identification:_identify(build) by extensions ['ignore', 'ignore_ament_install']
[4.078s] Level 1:colcon.colcon_core.package_identification:_identify(build) by extension 'ignore'
[4.079s] Level 1:colcon.colcon_core.package_identification:_identify(build) ignored
[4.080s] Level 1:colcon.colcon_core.package_identification:_identify(install) by extensions ['ignore', 'ignore_ament_install']
[4.081s] Level 1:colcon.colcon_core.package_identification:_identify(install) by extension 'ignore'
[4.081s] Level 1:colcon.colcon_core.package_identification:_identify(install) ignored
[4.084s] Level 1:colcon.colcon_core.package_identification:_identify(log) by extensions ['ignore', 'ignore_ament_install']
[4.084s] Level 1:colcon.colcon_core.package_identification:_identify(log) by extension 'ignore'
[4.092s] Level 1:colcon.colcon_core.package_identification:_identify(log) ignored
[4.093s] Level 1:colcon.colcon_core.package_discovery:discover_packages(recursive) using defaults
[4.093s] Level 1:colcon.colcon_core.package_discovery:discover_packages(ignore) discover
[4.093s] Level 1:colcon.colcon_core.package_discovery:discover_packages(ignore) using defaults
[4.093s] Level 1:colcon.colcon_core.package_discovery:discover_packages(path) discover
[4.093s] Level 1:colcon.colcon_core.package_discovery:discover_packages(path) using defaults
[4.419s] Level 1:colcon.colcon_core.package_discovery:discover_packages(prefix_path) check parameters
[4.419s] Level 1:colcon.colcon_core.package_discovery:discover_packages(prefix_path) discover
[4.630s] DEBUG:colcon.colcon_installed_package_information.package_discovery:Found 5 installed packages in /home/antel460/TDDE05/ros2_ws/install
[4.676s] DEBUG:colcon.colcon_installed_package_information.package_discovery:Found 1 installed packages in /home/antel460/TDDE05/ros2_ws/src/labs/air_lab5/install
[4.730s] DEBUG:colcon.colcon_installed_package_information.package_discovery:Found 1 installed packages in /home/antel460/TDDE05/ros2_ws/src/labs/air_lab2/install
[4.812s] DEBUG:colcon.colcon_installed_package_information.package_discovery:Found 10 installed packages in /courses/TDDE05/software/ros2_ws/install
[4.815s] DEBUG:colcon.colcon_installed_package_information.package_discovery:Found 297 installed packages in /opt/ros/galactic
[4.817s] Level 1:colcon.colcon_core.package_discovery:discover_packages(prefix_path) using defaults
[5.053s] Level 5:colcon.colcon_core.verb:set package 'air_lab2' build argument 'cmake_args' from command line to 'None'
[5.053s] Level 5:colcon.colcon_core.verb:set package 'air_lab2' build argument 'cmake_target' from command line to 'None'
[5.053s] Level 5:colcon.colcon_core.verb:set package 'air_lab2' build argument 'cmake_target_skip_unavailable' from command line to 'False'
[5.053s] Level 5:colcon.colcon_core.verb:set package 'air_lab2' build argument 'cmake_clean_cache' from command line to 'False'
[5.054s] Level 5:colcon.colcon_core.verb:set package 'air_lab2' build argument 'cmake_clean_first' from command line to 'False'
[5.054s] Level 5:colcon.colcon_core.verb:set package 'air_lab2' build argument 'cmake_force_configure' from command line to 'False'
[5.054s] Level 5:colcon.colcon_core.verb:set package 'air_lab2' build argument 'ament_cmake_args' from command line to 'None'
[5.054s] Level 5:colcon.colcon_core.verb:set package 'air_lab2' build argument 'catkin_cmake_args' from command line to 'None'
[5.054s] Level 5:colcon.colcon_core.verb:set package 'air_lab2' build argument 'catkin_skip_building_tests' from command line to 'False'
[5.054s] DEBUG:colcon.colcon_core.verb:Building package 'air_lab2' with the following arguments: {'ament_cmake_args': None, 'build_base': '/home/antel460/TDDE05/ros2_ws/src/labs/build/air_lab2', 'catkin_cmake_args': None, 'catkin_skip_building_tests': False, 'cmake_args': None, 'cmake_clean_cache': False, 'cmake_clean_first': False, 'cmake_force_configure': False, 'cmake_target': None, 'cmake_target_skip_unavailable': False, 'install_base': '/home/antel460/TDDE05/ros2_ws/src/labs/install/air_lab2', 'merge_install': False, 'path': '/home/antel460/TDDE05/ros2_ws/src/labs/air_lab2', 'symlink_install': False, 'test_result_base': None}
[5.055s] Level 5:colcon.colcon_core.verb:set package 'air_lab_common' build argument 'cmake_args' from command line to 'None'
[5.056s] Level 5:colcon.colcon_core.verb:set package 'air_lab_common' build argument 'cmake_target' from command line to 'None'
[5.056s] Level 5:colcon.colcon_core.verb:set package 'air_lab_common' build argument 'cmake_target_skip_unavailable' from command line to 'False'
[5.056s] Level 5:colcon.colcon_core.verb:set package 'air_lab_common' build argument 'cmake_clean_cache' from command line to 'False'
[5.056s] Level 5:colcon.colcon_core.verb:set package 'air_lab_common' build argument 'cmake_clean_first' from command line to 'False'
[5.056s] Level 5:colcon.colcon_core.verb:set package 'air_lab_common' build argument 'cmake_force_configure' from command line to 'False'
[5.056s] Level 5:colcon.colcon_core.verb:set package 'air_lab_common' build argument 'ament_cmake_args' from command line to 'None'
[5.056s] Level 5:colcon.colcon_core.verb:set package 'air_lab_common' build argument 'catkin_cmake_args' from command line to 'None'
[5.056s] Level 5:colcon.colcon_core.verb:set package 'air_lab_common' build argument 'catkin_skip_building_tests' from command line to 'False'
[5.056s] DEBUG:colcon.colcon_core.verb:Building package 'air_lab_common' with the following arguments: {'ament_cmake_args': None, 'build_base': '/home/antel460/TDDE05/ros2_ws/src/labs/build/air_lab_common', 'catkin_cmake_args': None, 'catkin_skip_building_tests': False, 'cmake_args': None, 'cmake_clean_cache': False, 'cmake_clean_first': False, 'cmake_force_configure': False, 'cmake_target': None, 'cmake_target_skip_unavailable': False, 'install_base': '/home/antel460/TDDE05/ros2_ws/src/labs/install/air_lab_common', 'merge_install': False, 'path': '/home/antel460/TDDE05/ros2_ws/src/labs/air_lab_common', 'symlink_install': False, 'test_result_base': None}
[5.058s] Level 5:colcon.colcon_core.verb:set package 'air_lab_interfaces' build argument 'cmake_args' from command line to 'None'
[5.058s] Level 5:colcon.colcon_core.verb:set package 'air_lab_interfaces' build argument 'cmake_target' from command line to 'None'
[5.058s] Level 5:colcon.colcon_core.verb:set package 'air_lab_interfaces' build argument 'cmake_target_skip_unavailable' from command line to 'False'
[5.058s] Level 5:colcon.colcon_core.verb:set package 'air_lab_interfaces' build argument 'cmake_clean_cache' from command line to 'False'
[5.058s] Level 5:colcon.colcon_core.verb:set package 'air_lab_interfaces' build argument 'cmake_clean_first' from command line to 'False'
[5.058s] Level 5:colcon.colcon_core.verb:set package 'air_lab_interfaces' build argument 'cmake_force_configure' from command line to 'False'
[5.058s] Level 5:colcon.colcon_core.verb:set package 'air_lab_interfaces' build argument 'ament_cmake_args' from command line to 'None'
[5.058s] Level 5:colcon.colcon_core.verb:set package 'air_lab_interfaces' build argument 'catkin_cmake_args' from command line to 'None'
[5.058s] Level 5:colcon.colcon_core.verb:set package 'air_lab_interfaces' build argument 'catkin_skip_building_tests' from command line to 'False'
[5.058s] DEBUG:colcon.colcon_core.verb:Building package 'air_lab_interfaces' with the following arguments: {'ament_cmake_args': None, 'build_base': '/home/antel460/TDDE05/ros2_ws/src/labs/build/air_lab_interfaces', 'catkin_cmake_args': None, 'catkin_skip_building_tests': False, 'cmake_args': None, 'cmake_clean_cache': False, 'cmake_clean_first': False, 'cmake_force_configure': False, 'cmake_target': None, 'cmake_target_skip_unavailable': False, 'install_base': '/home/antel460/TDDE05/ros2_ws/src/labs/install/air_lab_interfaces', 'merge_install': False, 'path': '/home/antel460/TDDE05/ros2_ws/src/labs/air_lab_interfaces', 'symlink_install': False, 'test_result_base': None}
[5.059s] Level 5:colcon.colcon_core.verb:set package 'air_lab3' build argument 'cmake_args' from command line to 'None'
[5.059s] Level 5:colcon.colcon_core.verb:set package 'air_lab3' build argument 'cmake_target' from command line to 'None'
[5.060s] Level 5:colcon.colcon_core.verb:set package 'air_lab3' build argument 'cmake_target_skip_unavailable' from command line to 'False'
[5.060s] Level 5:colcon.colcon_core.verb:set package 'air_lab3' build argument 'cmake_clean_cache' from command line to 'False'
[5.060s] Level 5:colcon.colcon_core.verb:set package 'air_lab3' build argument 'cmake_clean_first' from command line to 'False'
[5.060s] Level 5:colcon.colcon_core.verb:set package 'air_lab3' build argument 'cmake_force_configure' from command line to 'False'
[5.060s] Level 5:colcon.colcon_core.verb:set package 'air_lab3' build argument 'ament_cmake_args' from command line to 'None'
[5.060s] Level 5:colcon.colcon_core.verb:set package 'air_lab3' build argument 'catkin_cmake_args' from command line to 'None'
[5.060s] Level 5:colcon.colcon_core.verb:set package 'air_lab3' build argument 'catkin_skip_building_tests' from command line to 'False'
[5.060s] DEBUG:colcon.colcon_core.verb:Building package 'air_lab3' with the following arguments: {'ament_cmake_args': None, 'build_base': '/home/antel460/TDDE05/ros2_ws/src/labs/build/air_lab3', 'catkin_cmake_args': None, 'catkin_skip_building_tests': False, 'cmake_args': None, 'cmake_clean_cache': False, 'cmake_clean_first': False, 'cmake_force_configure': False, 'cmake_target': None, 'cmake_target_skip_unavailable': False, 'install_base': '/home/antel460/TDDE05/ros2_ws/src/labs/install/air_lab3', 'merge_install': False, 'path': '/home/antel460/TDDE05/ros2_ws/src/labs/air_lab3', 'symlink_install': False, 'test_result_base': None}
[5.061s] Level 5:colcon.colcon_core.verb:set package 'air_lab5' build argument 'cmake_args' from command line to 'None'
[5.062s] Level 5:colcon.colcon_core.verb:set package 'air_lab5' build argument 'cmake_target' from command line to 'None'
[5.062s] Level 5:colcon.colcon_core.verb:set package 'air_lab5' build argument 'cmake_target_skip_unavailable' from command line to 'False'
[5.062s] Level 5:colcon.colcon_core.verb:set package 'air_lab5' build argument 'cmake_clean_cache' from command line to 'False'
[5.062s] Level 5:colcon.colcon_core.verb:set package 'air_lab5' build argument 'cmake_clean_first' from command line to 'False'
[5.062s] Level 5:colcon.colcon_core.verb:set package 'air_lab5' build argument 'cmake_force_configure' from command line to 'False'
[5.062s] Level 5:colcon.colcon_core.verb:set package 'air_lab5' build argument 'ament_cmake_args' from command line to 'None'
[5.062s] Level 5:colcon.colcon_core.verb:set package 'air_lab5' build argument 'catkin_cmake_args' from command line to 'None'
[5.062s] Level 5:colcon.colcon_core.verb:set package 'air_lab5' build argument 'catkin_skip_building_tests' from command line to 'False'
[5.062s] DEBUG:colcon.colcon_core.verb:Building package 'air_lab5' with the following arguments: {'ament_cmake_args': None, 'build_base': '/home/antel460/TDDE05/ros2_ws/src/labs/build/air_lab5', 'catkin_cmake_args': None, 'catkin_skip_building_tests': False, 'cmake_args': None, 'cmake_clean_cache': False, 'cmake_clean_first': False, 'cmake_force_configure': False, 'cmake_target': None, 'cmake_target_skip_unavailable': False, 'install_base': '/home/antel460/TDDE05/ros2_ws/src/labs/install/air_lab5', 'merge_install': False, 'path': '/home/antel460/TDDE05/ros2_ws/src/labs/air_lab5', 'symlink_install': False, 'test_result_base': None}
[5.063s] INFO:colcon.colcon_core.executor:Executing jobs using 'parallel' executor
[5.067s] DEBUG:colcon.colcon_parallel_executor.executor.parallel:run_until_complete
[5.068s] INFO:colcon.colcon_ros.task.ament_cmake.build:Building ROS package in '/home/antel460/TDDE05/ros2_ws/src/labs/air_lab_interfaces' with build type 'ament_cmake'
[5.068s] INFO:colcon.colcon_cmake.task.cmake.build:Building CMake package in '/home/antel460/TDDE05/ros2_ws/src/labs/air_lab_interfaces'
[5.119s] INFO:colcon.colcon_core.plugin_system:Skipping extension 'colcon_core.shell.bat': Not used on non-Windows systems
[5.120s] INFO:colcon.colcon_core.shell:Skip shell extension 'powershell' for command environment: Not usable outside of PowerShell
[5.120s] DEBUG:colcon.colcon_core.shell:Skip shell extension 'dsv' for command environment
[5.482s] INFO:colcon.colcon_ros.task.ament_python.build:Building ROS package in '/home/antel460/TDDE05/ros2_ws/src/labs/air_lab2' with build type 'ament_python'
[5.483s] Level 1:colcon.colcon_core.shell:create_environment_hook('air_lab2', 'ament_prefix_path')
[5.485s] INFO:colcon.colcon_core.shell:Creating environment hook '/home/antel460/TDDE05/ros2_ws/src/labs/install/air_lab2/share/air_lab2/hook/ament_prefix_path.ps1'
[5.496s] INFO:colcon.colcon_core.shell:Creating environment descriptor '/home/antel460/TDDE05/ros2_ws/src/labs/install/air_lab2/share/air_lab2/hook/ament_prefix_path.dsv'
[5.506s] INFO:colcon.colcon_core.shell:Creating environment hook '/home/antel460/TDDE05/ros2_ws/src/labs/install/air_lab2/share/air_lab2/hook/ament_prefix_path.sh'
[5.517s] INFO:colcon.colcon_core.shell:Skip shell extension 'powershell' for command environment: Not usable outside of PowerShell
[5.517s] DEBUG:colcon.colcon_core.shell:Skip shell extension 'dsv' for command environment
[5.823s] INFO:colcon.colcon_ros.task.ament_python.build:Building ROS package in '/home/antel460/TDDE05/ros2_ws/src/labs/air_lab_common' with build type 'ament_python'
[5.824s] Level 1:colcon.colcon_core.shell:create_environment_hook('air_lab_common', 'ament_prefix_path')
[5.826s] INFO:colcon.colcon_core.shell:Creating environment hook '/home/antel460/TDDE05/ros2_ws/src/labs/install/air_lab_common/share/air_lab_common/hook/ament_prefix_path.ps1'
[5.837s] INFO:colcon.colcon_core.shell:Creating environment descriptor '/home/antel460/TDDE05/ros2_ws/src/labs/install/air_lab_common/share/air_lab_common/hook/ament_prefix_path.dsv'
[5.851s] INFO:colcon.colcon_core.shell:Creating environment hook '/home/antel460/TDDE05/ros2_ws/src/labs/install/air_lab_common/share/air_lab_common/hook/ament_prefix_path.sh'
[5.864s] INFO:colcon.colcon_core.shell:Skip shell extension 'powershell' for command environment: Not usable outside of PowerShell
[5.864s] DEBUG:colcon.colcon_core.shell:Skip shell extension 'dsv' for command environment
[6.221s] DEBUG:colcon.colcon_core.event_handler.log_command:Invoking command in '/home/antel460/TDDE05/ros2_ws/src/labs/build/air_lab_interfaces': CMAKE_PREFIX_PATH=${CMAKE_PREFIX_PATH}:/home/antel460/TDDE05/ros2_ws/install/air_lab5:/home/antel460/TDDE05/ros2_ws/install/air_lab3:/home/antel460/TDDE05/ros2_ws/install/air_lab_common:/home/antel460/TDDE05/ros2_ws/install/air_lab2:/home/antel460/TDDE05/ros2_ws/src/labs/air_lab5/install/air_lab5:/home/antel460/TDDE05/ros2_ws/src/labs/air_lab2/install/air_lab2:/courses/TDDE05/software/ros2_ws/install/air_tsts:/courses/TDDE05/software/ros2_ws/install/air_simple_sim:/courses/TDDE05/software/ros2_ws/install/air_bringup:/opt/ros/galactic /usr/bin/cmake /home/antel460/TDDE05/ros2_ws/src/labs/air_lab_interfaces -DCMAKE_INSTALL_PREFIX=/home/antel460/TDDE05/ros2_ws/src/labs/install/air_lab_interfaces
[10.935s] INFO:colcon.colcon_core.task.python.build:Building Python package in '/home/antel460/TDDE05/ros2_ws/src/labs/air_lab2'
[10.938s] INFO:colcon.colcon_core.shell:Skip shell extension 'powershell' for command environment: Not usable outside of PowerShell
[10.939s] DEBUG:colcon.colcon_core.shell:Skip shell extension 'dsv' for command environment
[16.074s] INFO:colcon.colcon_core.task.python.build:Building Python package in '/home/antel460/TDDE05/ros2_ws/src/labs/air_lab_common'
[16.077s] INFO:colcon.colcon_core.shell:Skip shell extension 'powershell' for command environment: Not usable outside of PowerShell
[16.077s] DEBUG:colcon.colcon_core.shell:Skip shell extension 'dsv' for command environment
[24.599s] DEBUG:colcon.colcon_core.event_handler.log_command:Invoking command in '/home/antel460/TDDE05/ros2_ws/src/labs/air_lab2': PYTHONPATH=/home/antel460/TDDE05/ros2_ws/src/labs/build/air_lab2/prefix_override:/home/antel460/TDDE05/ros2_ws/src/labs/install/air_lab2/lib/python3.8/site-packages:${PYTHONPATH} /usr/bin/python3 setup.py egg_info --egg-base ../build/air_lab2 build --build-base /home/antel460/TDDE05/ros2_ws/src/labs/build/air_lab2/build install --record /home/antel460/TDDE05/ros2_ws/src/labs/build/air_lab2/install.log --single-version-externally-managed
[24.849s] DEBUG:colcon.colcon_core.event_handler.log_command:Invoking command in '/home/antel460/TDDE05/ros2_ws/src/labs/air_lab_common': PYTHONPATH=/home/antel460/TDDE05/ros2_ws/src/labs/build/air_lab_common/prefix_override:/home/antel460/TDDE05/ros2_ws/src/labs/install/air_lab_common/lib/python3.8/site-packages:${PYTHONPATH} /usr/bin/python3 setup.py egg_info --egg-base ../build/air_lab_common build --build-base /home/antel460/TDDE05/ros2_ws/src/labs/build/air_lab_common/build install --record /home/antel460/TDDE05/ros2_ws/src/labs/build/air_lab_common/install.log --single-version-externally-managed
[45.041s] DEBUG:colcon.colcon_core.event_handler.log_command:Invoked command in '/home/antel460/TDDE05/ros2_ws/src/labs/air_lab_common' returned '0': PYTHONPATH=/home/antel460/TDDE05/ros2_ws/src/labs/build/air_lab_common/prefix_override:/home/antel460/TDDE05/ros2_ws/src/labs/install/air_lab_common/lib/python3.8/site-packages:${PYTHONPATH} /usr/bin/python3 setup.py egg_info --egg-base ../build/air_lab_common build --build-base /home/antel460/TDDE05/ros2_ws/src/labs/build/air_lab_common/build install --record /home/antel460/TDDE05/ros2_ws/src/labs/build/air_lab_common/install.log --single-version-externally-managed
[45.118s] Level 1:colcon.colcon_core.environment:checking '/home/antel460/TDDE05/ros2_ws/src/labs/install/air_lab_common' for CMake module files
[45.172s] Level 1:colcon.colcon_core.environment:checking '/home/antel460/TDDE05/ros2_ws/src/labs/install/air_lab_common' for CMake config files
[45.225s] Level 1:colcon.colcon_core.environment:checking '/home/antel460/TDDE05/ros2_ws/src/labs/install/air_lab_common/lib'
[45.229s] Level 1:colcon.colcon_core.environment:checking '/home/antel460/TDDE05/ros2_ws/src/labs/install/air_lab_common/bin'
[45.232s] Level 1:colcon.colcon_core.environment:checking '/home/antel460/TDDE05/ros2_ws/src/labs/install/air_lab_common/lib/pkgconfig/air_lab_common.pc'
[45.234s] Level 1:colcon.colcon_core.environment:checking '/home/antel460/TDDE05/ros2_ws/src/labs/install/air_lab_common/lib/python3.8/site-packages'
[45.237s] Level 1:colcon.colcon_core.shell:create_environment_hook('air_lab_common', 'pythonpath')
[45.238s] INFO:colcon.colcon_core.shell:Creating environment hook '/home/antel460/TDDE05/ros2_ws/src/labs/install/air_lab_common/share/air_lab_common/hook/pythonpath.ps1'
[45.247s] INFO:colcon.colcon_core.shell:Creating environment descriptor '/home/antel460/TDDE05/ros2_ws/src/labs/install/air_lab_common/share/air_lab_common/hook/pythonpath.dsv'
[45.257s] INFO:colcon.colcon_core.shell:Creating environment hook '/home/antel460/TDDE05/ros2_ws/src/labs/install/air_lab_common/share/air_lab_common/hook/pythonpath.sh'
[45.267s] Level 1:colcon.colcon_core.environment:checking '/home/antel460/TDDE05/ros2_ws/src/labs/install/air_lab_common/bin'
[45.268s] Level 1:colcon.colcon_core.environment:create_environment_scripts_only(air_lab_common)
[45.271s] INFO:colcon.colcon_core.shell:Creating package script '/home/antel460/TDDE05/ros2_ws/src/labs/install/air_lab_common/share/air_lab_common/package.ps1'
[45.281s] INFO:colcon.colcon_core.shell:Creating package descriptor '/home/antel460/TDDE05/ros2_ws/src/labs/install/air_lab_common/share/air_lab_common/package.dsv'
[45.294s] INFO:colcon.colcon_core.shell:Creating package script '/home/antel460/TDDE05/ros2_ws/src/labs/install/air_lab_common/share/air_lab_common/package.sh'
[45.315s] INFO:colcon.colcon_core.shell:Creating package script '/home/antel460/TDDE05/ros2_ws/src/labs/install/air_lab_common/share/air_lab_common/package.bash'
[45.333s] INFO:colcon.colcon_core.shell:Creating package script '/home/antel460/TDDE05/ros2_ws/src/labs/install/air_lab_common/share/air_lab_common/package.zsh'
[45.344s] Level 1:colcon.colcon_core.environment:create_file_with_runtime_dependencies(/home/antel460/TDDE05/ros2_ws/src/labs/install/air_lab_common/share/colcon-core/packages/air_lab_common)
[48.292s] Level 1:colcon.colcon_core.environment:checking '/home/antel460/TDDE05/ros2_ws/src/labs/install/air_lab2' for CMake module files
[48.294s] DEBUG:colcon.colcon_core.event_handler.log_command:Invoked command in '/home/antel460/TDDE05/ros2_ws/src/labs/air_lab2' returned '0': PYTHONPATH=/home/antel460/TDDE05/ros2_ws/src/labs/build/air_lab2/prefix_override:/home/antel460/TDDE05/ros2_ws/src/labs/install/air_lab2/lib/python3.8/site-packages:${PYTHONPATH} /usr/bin/python3 setup.py egg_info --egg-base ../build/air_lab2 build --build-base /home/antel460/TDDE05/ros2_ws/src/labs/build/air_lab2/build install --record /home/antel460/TDDE05/ros2_ws/src/labs/build/air_lab2/install.log --single-version-externally-managed
[48.364s] Level 1:colcon.colcon_core.environment:checking '/home/antel460/TDDE05/ros2_ws/src/labs/install/air_lab2' for CMake config files
[48.420s] Level 1:colcon.colcon_core.environment:checking '/home/antel460/TDDE05/ros2_ws/src/labs/install/air_lab2/lib'
[48.425s] Level 1:colcon.colcon_core.environment:checking '/home/antel460/TDDE05/ros2_ws/src/labs/install/air_lab2/bin'
[48.427s] Level 1:colcon.colcon_core.environment:checking '/home/antel460/TDDE05/ros2_ws/src/labs/install/air_lab2/lib/pkgconfig/air_lab2.pc'
[48.429s] Level 1:colcon.colcon_core.environment:checking '/home/antel460/TDDE05/ros2_ws/src/labs/install/air_lab2/lib/python3.8/site-packages'
[48.431s] Level 1:colcon.colcon_core.shell:create_environment_hook('air_lab2', 'pythonpath')
[48.433s] INFO:colcon.colcon_core.shell:Creating environment hook '/home/antel460/TDDE05/ros2_ws/src/labs/install/air_lab2/share/air_lab2/hook/pythonpath.ps1'
[48.443s] INFO:colcon.colcon_core.shell:Creating environment descriptor '/home/antel460/TDDE05/ros2_ws/src/labs/install/air_lab2/share/air_lab2/hook/pythonpath.dsv'
[48.454s] INFO:colcon.colcon_core.shell:Creating environment hook '/home/antel460/TDDE05/ros2_ws/src/labs/install/air_lab2/share/air_lab2/hook/pythonpath.sh'
[48.464s] Level 1:colcon.colcon_core.environment:checking '/home/antel460/TDDE05/ros2_ws/src/labs/install/air_lab2/bin'
[48.466s] Level 1:colcon.colcon_core.environment:create_environment_scripts_only(air_lab2)
[48.468s] INFO:colcon.colcon_core.shell:Creating package script '/home/antel460/TDDE05/ros2_ws/src/labs/install/air_lab2/share/air_lab2/package.ps1'
[48.478s] INFO:colcon.colcon_core.shell:Creating package descriptor '/home/antel460/TDDE05/ros2_ws/src/labs/install/air_lab2/share/air_lab2/package.dsv'
[48.488s] INFO:colcon.colcon_core.shell:Creating package script '/home/antel460/TDDE05/ros2_ws/src/labs/install/air_lab2/share/air_lab2/package.sh'
[48.497s] INFO:colcon.colcon_core.shell:Creating package script '/home/antel460/TDDE05/ros2_ws/src/labs/install/air_lab2/share/air_lab2/package.bash'
[48.508s] INFO:colcon.colcon_core.shell:Creating package script '/home/antel460/TDDE05/ros2_ws/src/labs/install/air_lab2/share/air_lab2/package.zsh'
[48.517s] Level 1:colcon.colcon_core.environment:create_file_with_runtime_dependencies(/home/antel460/TDDE05/ros2_ws/src/labs/install/air_lab2/share/colcon-core/packages/air_lab2)
[79.890s] DEBUG:colcon.colcon_core.event_handler.log_command:Invoked command in '/home/antel460/TDDE05/ros2_ws/src/labs/build/air_lab_interfaces' returned '0': CMAKE_PREFIX_PATH=${CMAKE_PREFIX_PATH}:/home/antel460/TDDE05/ros2_ws/install/air_lab5:/home/antel460/TDDE05/ros2_ws/install/air_lab3:/home/antel460/TDDE05/ros2_ws/install/air_lab_common:/home/antel460/TDDE05/ros2_ws/install/air_lab2:/home/antel460/TDDE05/ros2_ws/src/labs/air_lab5/install/air_lab5:/home/antel460/TDDE05/ros2_ws/src/labs/air_lab2/install/air_lab2:/courses/TDDE05/software/ros2_ws/install/air_tsts:/courses/TDDE05/software/ros2_ws/install/air_simple_sim:/courses/TDDE05/software/ros2_ws/install/air_bringup:/opt/ros/galactic /usr/bin/cmake /home/antel460/TDDE05/ros2_ws/src/labs/air_lab_interfaces -DCMAKE_INSTALL_PREFIX=/home/antel460/TDDE05/ros2_ws/src/labs/install/air_lab_interfaces
[79.901s] DEBUG:colcon.colcon_core.event_handler.log_command:Invoking command in '/home/antel460/TDDE05/ros2_ws/src/labs/build/air_lab_interfaces': CMAKE_PREFIX_PATH=${CMAKE_PREFIX_PATH}:/home/antel460/TDDE05/ros2_ws/install/air_lab5:/home/antel460/TDDE05/ros2_ws/install/air_lab3:/home/antel460/TDDE05/ros2_ws/install/air_lab_common:/home/antel460/TDDE05/ros2_ws/install/air_lab2:/home/antel460/TDDE05/ros2_ws/src/labs/air_lab5/install/air_lab5:/home/antel460/TDDE05/ros2_ws/src/labs/air_lab2/install/air_lab2:/courses/TDDE05/software/ros2_ws/install/air_tsts:/courses/TDDE05/software/ros2_ws/install/air_simple_sim:/courses/TDDE05/software/ros2_ws/install/air_bringup:/opt/ros/galactic /usr/bin/cmake --build /home/antel460/TDDE05/ros2_ws/src/labs/build/air_lab_interfaces -- -j4 -l4
[170.024s] DEBUG:colcon.colcon_core.event_handler.log_command:Invoked command in '/home/antel460/TDDE05/ros2_ws/src/labs/build/air_lab_interfaces' returned '0': CMAKE_PREFIX_PATH=${CMAKE_PREFIX_PATH}:/home/antel460/TDDE05/ros2_ws/install/air_lab5:/home/antel460/TDDE05/ros2_ws/install/air_lab3:/home/antel460/TDDE05/ros2_ws/install/air_lab_common:/home/antel460/TDDE05/ros2_ws/install/air_lab2:/home/antel460/TDDE05/ros2_ws/src/labs/air_lab5/install/air_lab5:/home/antel460/TDDE05/ros2_ws/src/labs/air_lab2/install/air_lab2:/courses/TDDE05/software/ros2_ws/install/air_tsts:/courses/TDDE05/software/ros2_ws/install/air_simple_sim:/courses/TDDE05/software/ros2_ws/install/air_bringup:/opt/ros/galactic /usr/bin/cmake --build /home/antel460/TDDE05/ros2_ws/src/labs/build/air_lab_interfaces -- -j4 -l4
[184.002s] DEBUG:colcon.colcon_core.event_handler.log_command:Invoking command in '/home/antel460/TDDE05/ros2_ws/src/labs/build/air_lab_interfaces': CMAKE_PREFIX_PATH=${CMAKE_PREFIX_PATH}:/home/antel460/TDDE05/ros2_ws/install/air_lab5:/home/antel460/TDDE05/ros2_ws/install/air_lab3:/home/antel460/TDDE05/ros2_ws/install/air_lab_common:/home/antel460/TDDE05/ros2_ws/install/air_lab2:/home/antel460/TDDE05/ros2_ws/src/labs/air_lab5/install/air_lab5:/home/antel460/TDDE05/ros2_ws/src/labs/air_lab2/install/air_lab2:/courses/TDDE05/software/ros2_ws/install/air_tsts:/courses/TDDE05/software/ros2_ws/install/air_simple_sim:/courses/TDDE05/software/ros2_ws/install/air_bringup:/opt/ros/galactic /usr/bin/cmake --install /home/antel460/TDDE05/ros2_ws/src/labs/build/air_lab_interfaces
[193.757s] Level 1:colcon.colcon_core.environment:create_environment_scripts_only(air_lab_interfaces)
[193.761s] Level 1:colcon.colcon_core.environment:checking '/home/antel460/TDDE05/ros2_ws/src/labs/install/air_lab_interfaces' for CMake module files
[193.762s] DEBUG:colcon.colcon_core.event_handler.log_command:Invoked command in '/home/antel460/TDDE05/ros2_ws/src/labs/build/air_lab_interfaces' returned '0': CMAKE_PREFIX_PATH=${CMAKE_PREFIX_PATH}:/home/antel460/TDDE05/ros2_ws/install/air_lab5:/home/antel460/TDDE05/ros2_ws/install/air_lab3:/home/antel460/TDDE05/ros2_ws/install/air_lab_common:/home/antel460/TDDE05/ros2_ws/install/air_lab2:/home/antel460/TDDE05/ros2_ws/src/labs/air_lab5/install/air_lab5:/home/antel460/TDDE05/ros2_ws/src/labs/air_lab2/install/air_lab2:/courses/TDDE05/software/ros2_ws/install/air_tsts:/courses/TDDE05/software/ros2_ws/install/air_simple_sim:/courses/TDDE05/software/ros2_ws/install/air_bringup:/opt/ros/galactic /usr/bin/cmake --install /home/antel460/TDDE05/ros2_ws/src/labs/build/air_lab_interfaces
[193.835s] Level 1:colcon.colcon_core.environment:checking '/home/antel460/TDDE05/ros2_ws/src/labs/install/air_lab_interfaces' for CMake config files
[193.931s] Level 1:colcon.colcon_core.shell:create_environment_hook('air_lab_interfaces', 'cmake_prefix_path')
[193.934s] INFO:colcon.colcon_core.shell:Creating environment hook '/home/antel460/TDDE05/ros2_ws/src/labs/install/air_lab_interfaces/share/air_lab_interfaces/hook/cmake_prefix_path.ps1'
[193.942s] INFO:colcon.colcon_core.shell:Creating environment descriptor '/home/antel460/TDDE05/ros2_ws/src/labs/install/air_lab_interfaces/share/air_lab_interfaces/hook/cmake_prefix_path.dsv'
[193.950s] INFO:colcon.colcon_core.shell:Creating environment hook '/home/antel460/TDDE05/ros2_ws/src/labs/install/air_lab_interfaces/share/air_lab_interfaces/hook/cmake_prefix_path.sh'
[193.961s] Level 1:colcon.colcon_core.environment:checking '/home/antel460/TDDE05/ros2_ws/src/labs/install/air_lab_interfaces/lib'
[193.964s] Level 1:colcon.colcon_core.shell:create_environment_hook('air_lab_interfaces', 'ld_library_path_lib')
[193.967s] INFO:colcon.colcon_core.shell:Creating environment hook '/home/antel460/TDDE05/ros2_ws/src/labs/install/air_lab_interfaces/share/air_lab_interfaces/hook/ld_library_path_lib.ps1'
[193.986s] INFO:colcon.colcon_core.shell:Creating environment descriptor '/home/antel460/TDDE05/ros2_ws/src/labs/install/air_lab_interfaces/share/air_lab_interfaces/hook/ld_library_path_lib.dsv'
[193.995s] INFO:colcon.colcon_core.shell:Creating environment hook '/home/antel460/TDDE05/ros2_ws/src/labs/install/air_lab_interfaces/share/air_lab_interfaces/hook/ld_library_path_lib.sh'
[194.003s] Level 1:colcon.colcon_core.environment:checking '/home/antel460/TDDE05/ros2_ws/src/labs/install/air_lab_interfaces/bin'
[194.004s] Level 1:colcon.colcon_core.environment:checking '/home/antel460/TDDE05/ros2_ws/src/labs/install/air_lab_interfaces/lib/pkgconfig/air_lab_interfaces.pc'
[194.007s] Level 1:colcon.colcon_core.environment:checking '/home/antel460/TDDE05/ros2_ws/src/labs/install/air_lab_interfaces/lib/python3.8/site-packages'
[194.009s] Level 1:colcon.colcon_core.shell:create_environment_hook('air_lab_interfaces', 'pythonpath')
[194.011s] INFO:colcon.colcon_core.shell:Creating environment hook '/home/antel460/TDDE05/ros2_ws/src/labs/install/air_lab_interfaces/share/air_lab_interfaces/hook/pythonpath.ps1'
[194.018s] INFO:colcon.colcon_core.shell:Creating environment descriptor '/home/antel460/TDDE05/ros2_ws/src/labs/install/air_lab_interfaces/share/air_lab_interfaces/hook/pythonpath.dsv'
[194.027s] INFO:colcon.colcon_core.shell:Creating environment hook '/home/antel460/TDDE05/ros2_ws/src/labs/install/air_lab_interfaces/share/air_lab_interfaces/hook/pythonpath.sh'
[194.036s] Level 1:colcon.colcon_core.environment:checking '/home/antel460/TDDE05/ros2_ws/src/labs/install/air_lab_interfaces/bin'
[194.040s] INFO:colcon.colcon_core.shell:Creating package script '/home/antel460/TDDE05/ros2_ws/src/labs/install/air_lab_interfaces/share/air_lab_interfaces/package.ps1'
[194.051s] INFO:colcon.colcon_core.shell:Creating package descriptor '/home/antel460/TDDE05/ros2_ws/src/labs/install/air_lab_interfaces/share/air_lab_interfaces/package.dsv'
[194.062s] INFO:colcon.colcon_core.shell:Creating package script '/home/antel460/TDDE05/ros2_ws/src/labs/install/air_lab_interfaces/share/air_lab_interfaces/package.sh'
[194.073s] INFO:colcon.colcon_core.shell:Creating package script '/home/antel460/TDDE05/ros2_ws/src/labs/install/air_lab_interfaces/share/air_lab_interfaces/package.bash'
[194.082s] INFO:colcon.colcon_core.shell:Creating package script '/home/antel460/TDDE05/ros2_ws/src/labs/install/air_lab_interfaces/share/air_lab_interfaces/package.zsh'
[194.091s] Level 1:colcon.colcon_core.environment:create_file_with_runtime_dependencies(/home/antel460/TDDE05/ros2_ws/src/labs/install/air_lab_interfaces/share/colcon-core/packages/air_lab_interfaces)
[207.403s] Level 1:colcon.colcon_core.environment:create_environment_scripts_only(air_lab_interfaces)
[207.407s] Level 1:colcon.colcon_core.environment:checking '/home/antel460/TDDE05/ros2_ws/src/labs/install/air_lab_interfaces' for CMake module files
[207.518s] Level 1:colcon.colcon_core.environment:checking '/home/antel460/TDDE05/ros2_ws/src/labs/install/air_lab_interfaces' for CMake config files
[207.647s] Level 1:colcon.colcon_core.shell:create_environment_hook('air_lab_interfaces', 'cmake_prefix_path')
[207.649s] INFO:colcon.colcon_core.shell:Creating environment hook '/home/antel460/TDDE05/ros2_ws/src/labs/install/air_lab_interfaces/share/air_lab_interfaces/hook/cmake_prefix_path.ps1'
[207.661s] INFO:colcon.colcon_core.shell:Creating environment descriptor '/home/antel460/TDDE05/ros2_ws/src/labs/install/air_lab_interfaces/share/air_lab_interfaces/hook/cmake_prefix_path.dsv'
[207.672s] INFO:colcon.colcon_core.shell:Creating environment hook '/home/antel460/TDDE05/ros2_ws/src/labs/install/air_lab_interfaces/share/air_lab_interfaces/hook/cmake_prefix_path.sh'
[207.688s] Level 1:colcon.colcon_core.environment:checking '/home/antel460/TDDE05/ros2_ws/src/labs/install/air_lab_interfaces/lib'
[207.691s] Level 1:colcon.colcon_core.shell:create_environment_hook('air_lab_interfaces', 'ld_library_path_lib')
[207.693s] INFO:colcon.colcon_core.shell:Creating environment hook '/home/antel460/TDDE05/ros2_ws/src/labs/install/air_lab_interfaces/share/air_lab_interfaces/hook/ld_library_path_lib.ps1'
[207.704s] INFO:colcon.colcon_core.shell:Creating environment descriptor '/home/antel460/TDDE05/ros2_ws/src/labs/install/air_lab_interfaces/share/air_lab_interfaces/hook/ld_library_path_lib.dsv'
[207.714s] INFO:colcon.colcon_core.shell:Creating environment hook '/home/antel460/TDDE05/ros2_ws/src/labs/install/air_lab_interfaces/share/air_lab_interfaces/hook/ld_library_path_lib.sh'
[207.725s] Level 1:colcon.colcon_core.environment:checking '/home/antel460/TDDE05/ros2_ws/src/labs/install/air_lab_interfaces/bin'
[207.726s] Level 1:colcon.colcon_core.environment:checking '/home/antel460/TDDE05/ros2_ws/src/labs/install/air_lab_interfaces/lib/pkgconfig/air_lab_interfaces.pc'
[207.729s] Level 1:colcon.colcon_core.environment:checking '/home/antel460/TDDE05/ros2_ws/src/labs/install/air_lab_interfaces/lib/python3.8/site-packages'
[207.730s] Level 1:colcon.colcon_core.shell:create_environment_hook('air_lab_interfaces', 'pythonpath')
[207.733s] INFO:colcon.colcon_core.shell:Creating environment hook '/home/antel460/TDDE05/ros2_ws/src/labs/install/air_lab_interfaces/share/air_lab_interfaces/hook/pythonpath.ps1'
[207.743s] INFO:colcon.colcon_core.shell:Creating environment descriptor '/home/antel460/TDDE05/ros2_ws/src/labs/install/air_lab_interfaces/share/air_lab_interfaces/hook/pythonpath.dsv'
[207.754s] INFO:colcon.colcon_core.shell:Creating environment hook '/home/antel460/TDDE05/ros2_ws/src/labs/install/air_lab_interfaces/share/air_lab_interfaces/hook/pythonpath.sh'
[207.765s] Level 1:colcon.colcon_core.environment:checking '/home/antel460/TDDE05/ros2_ws/src/labs/install/air_lab_interfaces/bin'
[207.769s] INFO:colcon.colcon_core.shell:Creating package script '/home/antel460/TDDE05/ros2_ws/src/labs/install/air_lab_interfaces/share/air_lab_interfaces/package.ps1'
[207.780s] INFO:colcon.colcon_core.shell:Creating package descriptor '/home/antel460/TDDE05/ros2_ws/src/labs/install/air_lab_interfaces/share/air_lab_interfaces/package.dsv'
[207.790s] INFO:colcon.colcon_core.shell:Creating package script '/home/antel460/TDDE05/ros2_ws/src/labs/install/air_lab_interfaces/share/air_lab_interfaces/package.sh'
[207.802s] INFO:colcon.colcon_core.shell:Creating package script '/home/antel460/TDDE05/ros2_ws/src/labs/install/air_lab_interfaces/share/air_lab_interfaces/package.bash'
[207.813s] INFO:colcon.colcon_core.shell:Creating package script '/home/antel460/TDDE05/ros2_ws/src/labs/install/air_lab_interfaces/share/air_lab_interfaces/package.zsh'
[207.825s] Level 1:colcon.colcon_core.environment:create_file_with_runtime_dependencies(/home/antel460/TDDE05/ros2_ws/src/labs/install/air_lab_interfaces/share/colcon-core/packages/air_lab_interfaces)
[207.833s] INFO:colcon.colcon_ros.task.ament_python.build:Building ROS package in '/home/antel460/TDDE05/ros2_ws/src/labs/air_lab3' with build type 'ament_python'
[207.833s] Level 1:colcon.colcon_core.shell:create_environment_hook('air_lab3', 'ament_prefix_path')
[207.835s] INFO:colcon.colcon_core.shell:Creating environment hook '/home/antel460/TDDE05/ros2_ws/src/labs/install/air_lab3/share/air_lab3/hook/ament_prefix_path.ps1'
[207.849s] INFO:colcon.colcon_core.shell:Creating environment descriptor '/home/antel460/TDDE05/ros2_ws/src/labs/install/air_lab3/share/air_lab3/hook/ament_prefix_path.dsv'
[207.861s] INFO:colcon.colcon_core.shell:Creating environment hook '/home/antel460/TDDE05/ros2_ws/src/labs/install/air_lab3/share/air_lab3/hook/ament_prefix_path.sh'
[207.873s] INFO:colcon.colcon_core.shell:Skip shell extension 'powershell' for command environment: Not usable outside of PowerShell
[207.873s] DEBUG:colcon.colcon_core.shell:Skip shell extension 'dsv' for command environment
[208.316s] INFO:colcon.colcon_ros.task.ament_python.build:Building ROS package in '/home/antel460/TDDE05/ros2_ws/src/labs/air_lab5' with build type 'ament_python'
[208.317s] Level 1:colcon.colcon_core.shell:create_environment_hook('air_lab5', 'ament_prefix_path')
[208.319s] INFO:colcon.colcon_core.shell:Creating environment hook '/home/antel460/TDDE05/ros2_ws/src/labs/install/air_lab5/share/air_lab5/hook/ament_prefix_path.ps1'
[208.331s] INFO:colcon.colcon_core.shell:Creating environment descriptor '/home/antel460/TDDE05/ros2_ws/src/labs/install/air_lab5/share/air_lab5/hook/ament_prefix_path.dsv'
[208.342s] INFO:colcon.colcon_core.shell:Creating environment hook '/home/antel460/TDDE05/ros2_ws/src/labs/install/air_lab5/share/air_lab5/hook/ament_prefix_path.sh'
[208.352s] INFO:colcon.colcon_core.shell:Skip shell extension 'powershell' for command environment: Not usable outside of PowerShell
[208.352s] DEBUG:colcon.colcon_core.shell:Skip shell extension 'dsv' for command environment
[213.563s] INFO:colcon.colcon_core.task.python.build:Building Python package in '/home/antel460/TDDE05/ros2_ws/src/labs/air_lab3'
[213.567s] INFO:colcon.colcon_core.shell:Skip shell extension 'powershell' for command environment: Not usable outside of PowerShell
[213.567s] DEBUG:colcon.colcon_core.shell:Skip shell extension 'dsv' for command environment
[218.518s] INFO:colcon.colcon_core.task.python.build:Building Python package in '/home/antel460/TDDE05/ros2_ws/src/labs/air_lab5'
[218.521s] INFO:colcon.colcon_core.shell:Skip shell extension 'powershell' for command environment: Not usable outside of PowerShell
[218.521s] DEBUG:colcon.colcon_core.shell:Skip shell extension 'dsv' for command environment
[227.236s] DEBUG:colcon.colcon_core.event_handler.log_command:Invoking command in '/home/antel460/TDDE05/ros2_ws/src/labs/air_lab3': AMENT_PREFIX_PATH=/home/antel460/TDDE05/ros2_ws/src/labs/install/air_lab_interfaces:${AMENT_PREFIX_PATH} CMAKE_PREFIX_PATH=/home/antel460/TDDE05/ros2_ws/src/labs/install/air_lab_interfaces:${CMAKE_PREFIX_PATH} LD_LIBRARY_PATH=/home/antel460/TDDE05/ros2_ws/src/labs/install/air_lab_interfaces/lib:${LD_LIBRARY_PATH} PYTHONPATH=/home/antel460/TDDE05/ros2_ws/src/labs/build/air_lab3/prefix_override:/home/antel460/TDDE05/ros2_ws/src/labs/install/air_lab3/lib/python3.8/site-packages:/home/antel460/TDDE05/ros2_ws/src/labs/install/air_lab_interfaces/lib/python3.8/site-packages:${PYTHONPATH} /usr/bin/python3 setup.py egg_info --egg-base ../build/air_lab3 build --build-base /home/antel460/TDDE05/ros2_ws/src/labs/build/air_lab3/build install --record /home/antel460/TDDE05/ros2_ws/src/labs/build/air_lab3/install.log --single-version-externally-managed
[227.725s] DEBUG:colcon.colcon_core.event_handler.log_command:Invoking command in '/home/antel460/TDDE05/ros2_ws/src/labs/air_lab5': AMENT_PREFIX_PATH=/home/antel460/TDDE05/ros2_ws/src/labs/install/air_lab_interfaces:${AMENT_PREFIX_PATH} CMAKE_PREFIX_PATH=/home/antel460/TDDE05/ros2_ws/src/labs/install/air_lab_interfaces:${CMAKE_PREFIX_PATH} LD_LIBRARY_PATH=/home/antel460/TDDE05/ros2_ws/src/labs/install/air_lab_interfaces/lib:${LD_LIBRARY_PATH} PYTHONPATH=/home/antel460/TDDE05/ros2_ws/src/labs/build/air_lab5/prefix_override:/home/antel460/TDDE05/ros2_ws/src/labs/install/air_lab5/lib/python3.8/site-packages:/home/antel460/TDDE05/ros2_ws/src/labs/install/air_lab_interfaces/lib/python3.8/site-packages:${PYTHONPATH} /usr/bin/python3 setup.py egg_info --egg-base ../build/air_lab5 build --build-base /home/antel460/TDDE05/ros2_ws/src/labs/build/air_lab5/build install --record /home/antel460/TDDE05/ros2_ws/src/labs/build/air_lab5/install.log --single-version-externally-managed
[247.739s] Level 1:colcon.colcon_core.environment:checking '/home/antel460/TDDE05/ros2_ws/src/labs/install/air_lab3' for CMake module files
[247.740s] DEBUG:colcon.colcon_core.event_handler.log_command:Invoked command in '/home/antel460/TDDE05/ros2_ws/src/labs/air_lab3' returned '0': AMENT_PREFIX_PATH=/home/antel460/TDDE05/ros2_ws/src/labs/install/air_lab_interfaces:${AMENT_PREFIX_PATH} CMAKE_PREFIX_PATH=/home/antel460/TDDE05/ros2_ws/src/labs/install/air_lab_interfaces:${CMAKE_PREFIX_PATH} LD_LIBRARY_PATH=/home/antel460/TDDE05/ros2_ws/src/labs/install/air_lab_interfaces/lib:${LD_LIBRARY_PATH} PYTHONPATH=/home/antel460/TDDE05/ros2_ws/src/labs/build/air_lab3/prefix_override:/home/antel460/TDDE05/ros2_ws/src/labs/install/air_lab3/lib/python3.8/site-packages:/home/antel460/TDDE05/ros2_ws/src/labs/install/air_lab_interfaces/lib/python3.8/site-packages:${PYTHONPATH} /usr/bin/python3 setup.py egg_info --egg-base ../build/air_lab3 build --build-base /home/antel460/TDDE05/ros2_ws/src/labs/build/air_lab3/build install --record /home/antel460/TDDE05/ros2_ws/src/labs/build/air_lab3/install.log --single-version-externally-managed
[247.797s] Level 1:colcon.colcon_core.environment:checking '/home/antel460/TDDE05/ros2_ws/src/labs/install/air_lab3' for CMake config files
[247.854s] Level 1:colcon.colcon_core.environment:checking '/home/antel460/TDDE05/ros2_ws/src/labs/install/air_lab3/lib'
[247.857s] Level 1:colcon.colcon_core.environment:checking '/home/antel460/TDDE05/ros2_ws/src/labs/install/air_lab3/bin'
[247.860s] Level 1:colcon.colcon_core.environment:checking '/home/antel460/TDDE05/ros2_ws/src/labs/install/air_lab3/lib/pkgconfig/air_lab3.pc'
[247.862s] Level 1:colcon.colcon_core.environment:checking '/home/antel460/TDDE05/ros2_ws/src/labs/install/air_lab3/lib/python3.8/site-packages'
[247.863s] Level 1:colcon.colcon_core.shell:create_environment_hook('air_lab3', 'pythonpath')
[247.865s] INFO:colcon.colcon_core.shell:Creating environment hook '/home/antel460/TDDE05/ros2_ws/src/labs/install/air_lab3/share/air_lab3/hook/pythonpath.ps1'
[247.876s] INFO:colcon.colcon_core.shell:Creating environment descriptor '/home/antel460/TDDE05/ros2_ws/src/labs/install/air_lab3/share/air_lab3/hook/pythonpath.dsv'
[247.886s] INFO:colcon.colcon_core.shell:Creating environment hook '/home/antel460/TDDE05/ros2_ws/src/labs/install/air_lab3/share/air_lab3/hook/pythonpath.sh'
[247.897s] Level 1:colcon.colcon_core.environment:checking '/home/antel460/TDDE05/ros2_ws/src/labs/install/air_lab3/bin'
[247.900s] Level 1:colcon.colcon_core.environment:create_environment_scripts_only(air_lab3)
[247.902s] INFO:colcon.colcon_core.shell:Creating package script '/home/antel460/TDDE05/ros2_ws/src/labs/install/air_lab3/share/air_lab3/package.ps1'
[247.912s] INFO:colcon.colcon_core.shell:Creating package descriptor '/home/antel460/TDDE05/ros2_ws/src/labs/install/air_lab3/share/air_lab3/package.dsv'
[247.923s] INFO:colcon.colcon_core.shell:Creating package script '/home/antel460/TDDE05/ros2_ws/src/labs/install/air_lab3/share/air_lab3/package.sh'
[247.933s] INFO:colcon.colcon_core.shell:Creating package script '/home/antel460/TDDE05/ros2_ws/src/labs/install/air_lab3/share/air_lab3/package.bash'
[247.943s] INFO:colcon.colcon_core.shell:Creating package script '/home/antel460/TDDE05/ros2_ws/src/labs/install/air_lab3/share/air_lab3/package.zsh'
[247.952s] Level 1:colcon.colcon_core.environment:create_file_with_runtime_dependencies(/home/antel460/TDDE05/ros2_ws/src/labs/install/air_lab3/share/colcon-core/packages/air_lab3)
[248.576s] Level 1:colcon.colcon_core.environment:checking '/home/antel460/TDDE05/ros2_ws/src/labs/install/air_lab5' for CMake module files
[248.577s] DEBUG:colcon.colcon_core.event_handler.log_command:Invoked command in '/home/antel460/TDDE05/ros2_ws/src/labs/air_lab5' returned '0': AMENT_PREFIX_PATH=/home/antel460/TDDE05/ros2_ws/src/labs/install/air_lab_interfaces:${AMENT_PREFIX_PATH} CMAKE_PREFIX_PATH=/home/antel460/TDDE05/ros2_ws/src/labs/install/air_lab_interfaces:${CMAKE_PREFIX_PATH} LD_LIBRARY_PATH=/home/antel460/TDDE05/ros2_ws/src/labs/install/air_lab_interfaces/lib:${LD_LIBRARY_PATH} PYTHONPATH=/home/antel460/TDDE05/ros2_ws/src/labs/build/air_lab5/prefix_override:/home/antel460/TDDE05/ros2_ws/src/labs/install/air_lab5/lib/python3.8/site-packages:/home/antel460/TDDE05/ros2_ws/src/labs/install/air_lab_interfaces/lib/python3.8/site-packages:${PYTHONPATH} /usr/bin/python3 setup.py egg_info --egg-base ../build/air_lab5 build --build-base /home/antel460/TDDE05/ros2_ws/src/labs/build/air_lab5/build install --record /home/antel460/TDDE05/ros2_ws/src/labs/build/air_lab5/install.log --single-version-externally-managed
[248.637s] Level 1:colcon.colcon_core.environment:checking '/home/antel460/TDDE05/ros2_ws/src/labs/install/air_lab5' for CMake config files
[248.717s] Level 1:colcon.colcon_core.environment:checking '/home/antel460/TDDE05/ros2_ws/src/labs/install/air_lab5/lib'
[248.720s] Level 1:colcon.colcon_core.environment:checking '/home/antel460/TDDE05/ros2_ws/src/labs/install/air_lab5/bin'
[248.722s] Level 1:colcon.colcon_core.environment:checking '/home/antel460/TDDE05/ros2_ws/src/labs/install/air_lab5/lib/pkgconfig/air_lab5.pc'
[248.724s] Level 1:colcon.colcon_core.environment:checking '/home/antel460/TDDE05/ros2_ws/src/labs/install/air_lab5/lib/python3.8/site-packages'
[248.726s] Level 1:colcon.colcon_core.shell:create_environment_hook('air_lab5', 'pythonpath')
[248.727s] INFO:colcon.colcon_core.shell:Creating environment hook '/home/antel460/TDDE05/ros2_ws/src/labs/install/air_lab5/share/air_lab5/hook/pythonpath.ps1'
[248.737s] INFO:colcon.colcon_core.shell:Creating environment descriptor '/home/antel460/TDDE05/ros2_ws/src/labs/install/air_lab5/share/air_lab5/hook/pythonpath.dsv'
[248.749s] INFO:colcon.colcon_core.shell:Creating environment hook '/home/antel460/TDDE05/ros2_ws/src/labs/install/air_lab5/share/air_lab5/hook/pythonpath.sh'
[248.761s] Level 1:colcon.colcon_core.environment:checking '/home/antel460/TDDE05/ros2_ws/src/labs/install/air_lab5/bin'
[248.762s] Level 1:colcon.colcon_core.environment:create_environment_scripts_only(air_lab5)
[248.765s] INFO:colcon.colcon_core.shell:Creating package script '/home/antel460/TDDE05/ros2_ws/src/labs/install/air_lab5/share/air_lab5/package.ps1'
[248.776s] INFO:colcon.colcon_core.shell:Creating package descriptor '/home/antel460/TDDE05/ros2_ws/src/labs/install/air_lab5/share/air_lab5/package.dsv'
[248.786s] INFO:colcon.colcon_core.shell:Creating package script '/home/antel460/TDDE05/ros2_ws/src/labs/install/air_lab5/share/air_lab5/package.sh'
[248.802s] INFO:colcon.colcon_core.shell:Creating package script '/home/antel460/TDDE05/ros2_ws/src/labs/install/air_lab5/share/air_lab5/package.bash'
[248.812s] INFO:colcon.colcon_core.shell:Creating package script '/home/antel460/TDDE05/ros2_ws/src/labs/install/air_lab5/share/air_lab5/package.zsh'
[248.823s] Level 1:colcon.colcon_core.environment:create_file_with_runtime_dependencies(/home/antel460/TDDE05/ros2_ws/src/labs/install/air_lab5/share/colcon-core/packages/air_lab5)
[248.832s] DEBUG:colcon.colcon_parallel_executor.executor.parallel:closing loop
[248.833s] DEBUG:colcon.colcon_parallel_executor.executor.parallel:loop closed
[248.833s] DEBUG:colcon.colcon_parallel_executor.executor.parallel:run_until_complete finished with '0'
[248.833s] DEBUG:colcon.colcon_core.event_reactor:joining thread
[249.011s] INFO:colcon.colcon_core.plugin_system:Skipping extension 'colcon_notification.desktop_notification.terminal_notifier': Not used on non-Darwin systems
[249.011s] INFO:colcon.colcon_core.plugin_system:Skipping extension 'colcon_notification.desktop_notification.win32': Not used on non-Windows systems
[249.011s] INFO:colcon.colcon_notification.desktop_notification:Sending desktop notification using 'notify2'
[249.322s] DEBUG:colcon.colcon_core.event_reactor:joined thread
[249.324s] INFO:colcon.colcon_core.shell:Creating prefix script '/home/antel460/TDDE05/ros2_ws/src/labs/install/local_setup.ps1'
[249.339s] INFO:colcon.colcon_core.shell:Creating prefix util module '/home/antel460/TDDE05/ros2_ws/src/labs/install/_local_setup_util_ps1.py'
[249.350s] INFO:colcon.colcon_core.shell:Creating prefix chain script '/home/antel460/TDDE05/ros2_ws/src/labs/install/setup.ps1'
[249.477s] INFO:colcon.colcon_core.shell:Creating prefix script '/home/antel460/TDDE05/ros2_ws/src/labs/install/local_setup.sh'
[249.487s] INFO:colcon.colcon_core.shell:Creating prefix util module '/home/antel460/TDDE05/ros2_ws/src/labs/install/_local_setup_util_sh.py'
[249.496s] INFO:colcon.colcon_core.shell:Creating prefix chain script '/home/antel460/TDDE05/ros2_ws/src/labs/install/setup.sh'
[249.626s] INFO:colcon.colcon_core.shell:Creating prefix script '/home/antel460/TDDE05/ros2_ws/src/labs/install/local_setup.bash'
[249.636s] INFO:colcon.colcon_core.shell:Creating prefix chain script '/home/antel460/TDDE05/ros2_ws/src/labs/install/setup.bash'
[249.752s] INFO:colcon.colcon_core.shell:Creating prefix script '/home/antel460/TDDE05/ros2_ws/src/labs/install/local_setup.zsh'
[249.761s] INFO:colcon.colcon_core.shell:Creating prefix chain script '/home/antel460/TDDE05/ros2_ws/src/labs/install/setup.zsh'
