[1.917s] Invoking command in '/home/antel460/TDDE05/ros2_ws/src/labs/air_lab2': PYTHONPATH=/home/antel460/TDDE05/ros2_ws/src/labs/air_lab2/build/air_lab2/prefix_override:/home/antel460/TDDE05/ros2_ws/src/labs/air_lab2/install/air_lab2/lib/python3.8/site-packages:${PYTHONPATH} /usr/bin/python3 setup.py egg_info --egg-base build/air_lab2 build --build-base /home/antel460/TDDE05/ros2_ws/src/labs/air_lab2/build/air_lab2/build install --record /home/antel460/TDDE05/ros2_ws/src/labs/air_lab2/build/air_lab2/install.log --single-version-externally-managed
[2.336s] running egg_info
[2.338s] writing build/air_lab2/air_lab2.egg-info/PKG-INFO
[2.342s] writing dependency_links to build/air_lab2/air_lab2.egg-info/dependency_links.txt
[2.344s] writing entry points to build/air_lab2/air_lab2.egg-info/entry_points.txt
[2.347s] writing requirements to build/air_lab2/air_lab2.egg-info/requires.txt
[2.349s] writing top-level names to build/air_lab2/air_lab2.egg-info/top_level.txt
[2.868s] writing manifest file 'build/air_lab2/air_lab2.egg-info/SOURCES.txt'
[2.870s] running build
[2.871s] running build_py
[2.872s] copying air_lab2/random_exploration.py -> /home/antel460/TDDE05/ros2_ws/src/labs/air_lab2/build/air_lab2/build/lib/air_lab2
[2.876s] running install
[2.879s] running install_lib
[2.882s] copying /home/antel460/TDDE05/ros2_ws/src/labs/air_lab2/build/air_lab2/build/lib/air_lab2/random_exploration.py -> /home/antel460/TDDE05/ros2_ws/src/labs/air_lab2/install/air_lab2/lib/python3.8/site-packages/air_lab2
[2.888s] byte-compiling /home/antel460/TDDE05/ros2_ws/src/labs/air_lab2/install/air_lab2/lib/python3.8/site-packages/air_lab2/random_exploration.py to random_exploration.cpython-38.pyc
[2.896s] running install_data
[2.898s] running install_egg_info
[2.899s] removing '/home/antel460/TDDE05/ros2_ws/src/labs/air_lab2/install/air_lab2/lib/python3.8/site-packages/air_lab2-0.0.0-py3.8.egg-info' (and everything under it)
[2.907s] Copying build/air_lab2/air_lab2.egg-info to /home/antel460/TDDE05/ros2_ws/src/labs/air_lab2/install/air_lab2/lib/python3.8/site-packages/air_lab2-0.0.0-py3.8.egg-info
[2.941s] running install_scripts
[2.968s] Installing lab2_node script to /home/antel460/TDDE05/ros2_ws/src/labs/air_lab2/install/air_lab2/lib/air_lab2
[2.971s] Installing random_exploration script to /home/antel460/TDDE05/ros2_ws/src/labs/air_lab2/install/air_lab2/lib/air_lab2
[2.974s] writing list of installed files to '/home/antel460/TDDE05/ros2_ws/src/labs/air_lab2/build/air_lab2/install.log'
[3.018s] Invoked command in '/home/antel460/TDDE05/ros2_ws/src/labs/air_lab2' returned '0': PYTHONPATH=/home/antel460/TDDE05/ros2_ws/src/labs/air_lab2/build/air_lab2/prefix_override:/home/antel460/TDDE05/ros2_ws/src/labs/air_lab2/install/air_lab2/lib/python3.8/site-packages:${PYTHONPATH} /usr/bin/python3 setup.py egg_info --egg-base build/air_lab2 build --build-base /home/antel460/TDDE05/ros2_ws/src/labs/air_lab2/build/air_lab2/build install --record /home/antel460/TDDE05/ros2_ws/src/labs/air_lab2/build/air_lab2/install.log --single-version-externally-managed
