[6.008s] DEBUG:colcon:Command line arguments: ['/usr/bin/colcon', 'build']
[6.008s] DEBUG:colcon:Parsed command line arguments: Namespace(allow_overriding=[], ament_cmake_args=None, base_paths=['.'], build_base='build', catkin_cmake_args=None, catkin_skip_building_tests=False, cmake_args=None, cmake_clean_cache=False, cmake_clean_first=False, cmake_force_configure=False, cmake_target=None, cmake_target_skip_unavailable=False, continue_on_error=False, event_handlers=None, executor='parallel', ignore_user_meta=False, install_base='install', log_base=None, log_level=None, main=<bound method BuildVerb.main of <colcon_core.verb.build.BuildVerb object at 0x7f1b90ba3190>>, merge_install=False, metas=['./colcon.meta'], packages_above=None, packages_above_and_dependencies=None, packages_above_depth=None, packages_end=None, packages_ignore=None, packages_ignore_regex=None, packages_select=None, packages_select_build_failed=False, packages_select_by_dep=None, packages_select_regex=None, packages_select_test_failures=False, packages_skip=None, packages_skip_build_finished=False, packages_skip_by_dep=None, packages_skip_regex=None, packages_skip_test_passed=False, packages_skip_up_to=None, packages_start=None, packages_up_to=None, packages_up_to_regex=None, parallel_workers=4, paths=None, symlink_install=False, test_result_base=None, verb_extension=<colcon_core.verb.build.BuildVerb object at 0x7f1b90ba3190>, verb_name='build', verb_parser=<colcon_defaults.argument_parser.defaults.DefaultArgumentsDecorator object at 0x7f1b90ba36d0>)
[6.642s] Level 1:colcon.colcon_core.package_discovery:discover_packages(colcon_meta) check parameters
[6.643s] Level 1:colcon.colcon_core.package_discovery:discover_packages(recursive) check parameters
[6.643s] Level 1:colcon.colcon_core.package_discovery:discover_packages(ignore) check parameters
[6.643s] Level 1:colcon.colcon_core.package_discovery:discover_packages(path) check parameters
[6.643s] Level 1:colcon.colcon_core.package_discovery:discover_packages(colcon_meta) discover
[6.643s] Level 1:colcon.colcon_core.package_discovery:discover_packages(recursive) discover
[6.644s] INFO:colcon.colcon_core.package_discovery:Crawling recursively for packages in '/home/antel460/TDDE05/ros2_ws/src/labs/air_lab5'
[6.645s] Level 1:colcon.colcon_core.package_identification:_identify(.) by extensions ['ignore', 'ignore_ament_install']
[6.645s] Level 1:colcon.colcon_core.package_identification:_identify(.) by extension 'ignore'
[6.645s] Level 1:colcon.colcon_core.package_identification:_identify(.) by extension 'ignore_ament_install'
[6.646s] Level 1:colcon.colcon_core.package_identification:_identify(.) by extensions ['colcon_pkg']
[6.646s] Level 1:colcon.colcon_core.package_identification:_identify(.) by extension 'colcon_pkg'
[6.647s] Level 1:colcon.colcon_core.package_identification:_identify(.) by extensions ['colcon_meta']
[6.647s] Level 1:colcon.colcon_core.package_identification:_identify(.) by extension 'colcon_meta'
[6.648s] Level 1:colcon.colcon_core.package_identification:_identify(.) by extensions ['ros']
[6.648s] Level 1:colcon.colcon_core.package_identification:_identify(.) by extension 'ros'
[6.727s] DEBUG:colcon.colcon_core.package_identification:Package '.' with type 'ros.ament_python' and name 'air_lab5'
[6.727s] Level 1:colcon.colcon_core.package_discovery:discover_packages(recursive) using defaults
[6.727s] Level 1:colcon.colcon_core.package_discovery:discover_packages(ignore) discover
[6.727s] Level 1:colcon.colcon_core.package_discovery:discover_packages(ignore) using defaults
[6.727s] Level 1:colcon.colcon_core.package_discovery:discover_packages(path) discover
[6.727s] Level 1:colcon.colcon_core.package_discovery:discover_packages(path) using defaults
[7.326s] Level 1:colcon.colcon_core.package_discovery:discover_packages(prefix_path) check parameters
[7.326s] Level 1:colcon.colcon_core.package_discovery:discover_packages(prefix_path) discover
[7.798s] DEBUG:colcon.colcon_installed_package_information.package_discovery:Found 5 installed packages in /home/antel460/TDDE05/ros2_ws/install
[7.872s] DEBUG:colcon.colcon_installed_package_information.package_discovery:Found 1 installed packages in /home/antel460/TDDE05/ros2_ws/src/labs/air_lab5/install
[7.953s] DEBUG:colcon.colcon_installed_package_information.package_discovery:Found 1 installed packages in /home/antel460/TDDE05/ros2_ws/src/labs/air_lab2/install
[8.060s] DEBUG:colcon.colcon_installed_package_information.package_discovery:Found 10 installed packages in /courses/TDDE05/software/ros2_ws/install
[8.064s] DEBUG:colcon.colcon_installed_package_information.package_discovery:Found 297 installed packages in /opt/ros/galactic
[8.066s] Level 1:colcon.colcon_core.package_discovery:discover_packages(prefix_path) using defaults
[8.364s] Level 5:colcon.colcon_core.verb:set package 'air_lab5' build argument 'cmake_args' from command line to 'None'
[8.364s] Level 5:colcon.colcon_core.verb:set package 'air_lab5' build argument 'cmake_target' from command line to 'None'
[8.364s] Level 5:colcon.colcon_core.verb:set package 'air_lab5' build argument 'cmake_target_skip_unavailable' from command line to 'False'
[8.364s] Level 5:colcon.colcon_core.verb:set package 'air_lab5' build argument 'cmake_clean_cache' from command line to 'False'
[8.364s] Level 5:colcon.colcon_core.verb:set package 'air_lab5' build argument 'cmake_clean_first' from command line to 'False'
[8.365s] Level 5:colcon.colcon_core.verb:set package 'air_lab5' build argument 'cmake_force_configure' from command line to 'False'
[8.365s] Level 5:colcon.colcon_core.verb:set package 'air_lab5' build argument 'ament_cmake_args' from command line to 'None'
[8.365s] Level 5:colcon.colcon_core.verb:set package 'air_lab5' build argument 'catkin_cmake_args' from command line to 'None'
[8.365s] Level 5:colcon.colcon_core.verb:set package 'air_lab5' build argument 'catkin_skip_building_tests' from command line to 'False'
[8.365s] DEBUG:colcon.colcon_core.verb:Building package 'air_lab5' with the following arguments: {'ament_cmake_args': None, 'build_base': '/home/antel460/TDDE05/ros2_ws/src/labs/air_lab5/build/air_lab5', 'catkin_cmake_args': None, 'catkin_skip_building_tests': False, 'cmake_args': None, 'cmake_clean_cache': False, 'cmake_clean_first': False, 'cmake_force_configure': False, 'cmake_target': None, 'cmake_target_skip_unavailable': False, 'install_base': '/home/antel460/TDDE05/ros2_ws/src/labs/air_lab5/install/air_lab5', 'merge_install': False, 'path': '/home/antel460/TDDE05/ros2_ws/src/labs/air_lab5', 'symlink_install': False, 'test_result_base': None}
[8.368s] INFO:colcon.colcon_core.executor:Executing jobs using 'parallel' executor
[8.387s] DEBUG:colcon.colcon_parallel_executor.executor.parallel:run_until_complete
[8.387s] INFO:colcon.colcon_ros.task.ament_python.build:Building ROS package in '/home/antel460/TDDE05/ros2_ws/src/labs/air_lab5' with build type 'ament_python'
[8.388s] Level 1:colcon.colcon_core.shell:create_environment_hook('air_lab5', 'ament_prefix_path')
[8.490s] INFO:colcon.colcon_core.plugin_system:Skipping extension 'colcon_core.shell.bat': Not used on non-Windows systems
[8.490s] INFO:colcon.colcon_core.shell:Creating environment hook '/home/antel460/TDDE05/ros2_ws/src/labs/air_lab5/install/air_lab5/share/air_lab5/hook/ament_prefix_path.ps1'
[8.525s] INFO:colcon.colcon_core.shell:Creating environment descriptor '/home/antel460/TDDE05/ros2_ws/src/labs/air_lab5/install/air_lab5/share/air_lab5/hook/ament_prefix_path.dsv'
[8.550s] INFO:colcon.colcon_core.shell:Creating environment hook '/home/antel460/TDDE05/ros2_ws/src/labs/air_lab5/install/air_lab5/share/air_lab5/hook/ament_prefix_path.sh'
[8.570s] INFO:colcon.colcon_core.shell:Skip shell extension 'powershell' for command environment: Not usable outside of PowerShell
[8.570s] DEBUG:colcon.colcon_core.shell:Skip shell extension 'dsv' for command environment
[17.680s] INFO:colcon.colcon_core.task.python.build:Building Python package in '/home/antel460/TDDE05/ros2_ws/src/labs/air_lab5'
[17.683s] INFO:colcon.colcon_core.shell:Skip shell extension 'powershell' for command environment: Not usable outside of PowerShell
[17.683s] DEBUG:colcon.colcon_core.shell:Skip shell extension 'dsv' for command environment
[32.408s] DEBUG:colcon.colcon_core.event_handler.log_command:Invoking command in '/home/antel460/TDDE05/ros2_ws/src/labs/air_lab5': PYTHONPATH=/home/antel460/TDDE05/ros2_ws/src/labs/air_lab5/build/air_lab5/prefix_override:/home/antel460/TDDE05/ros2_ws/src/labs/air_lab5/install/air_lab5/lib/python3.8/site-packages:${PYTHONPATH} /usr/bin/python3 setup.py egg_info --egg-base build/air_lab5 build --build-base /home/antel460/TDDE05/ros2_ws/src/labs/air_lab5/build/air_lab5/build install --record /home/antel460/TDDE05/ros2_ws/src/labs/air_lab5/build/air_lab5/install.log --single-version-externally-managed
[69.162s] DEBUG:colcon.colcon_core.event_handler.log_command:Invoked command in '/home/antel460/TDDE05/ros2_ws/src/labs/air_lab5' returned '0': PYTHONPATH=/home/antel460/TDDE05/ros2_ws/src/labs/air_lab5/build/air_lab5/prefix_override:/home/antel460/TDDE05/ros2_ws/src/labs/air_lab5/install/air_lab5/lib/python3.8/site-packages:${PYTHONPATH} /usr/bin/python3 setup.py egg_info --egg-base build/air_lab5 build --build-base /home/antel460/TDDE05/ros2_ws/src/labs/air_lab5/build/air_lab5/build install --record /home/antel460/TDDE05/ros2_ws/src/labs/air_lab5/build/air_lab5/install.log --single-version-externally-managed
[69.281s] Level 1:colcon.colcon_core.environment:checking '/home/antel460/TDDE05/ros2_ws/src/labs/air_lab5/install/air_lab5' for CMake module files
[69.387s] Level 1:colcon.colcon_core.environment:checking '/home/antel460/TDDE05/ros2_ws/src/labs/air_lab5/install/air_lab5' for CMake config files
[69.516s] Level 1:colcon.colcon_core.environment:checking '/home/antel460/TDDE05/ros2_ws/src/labs/air_lab5/install/air_lab5/lib'
[69.524s] Level 1:colcon.colcon_core.environment:checking '/home/antel460/TDDE05/ros2_ws/src/labs/air_lab5/install/air_lab5/bin'
[69.527s] Level 1:colcon.colcon_core.environment:checking '/home/antel460/TDDE05/ros2_ws/src/labs/air_lab5/install/air_lab5/lib/pkgconfig/air_lab5.pc'
[69.532s] Level 1:colcon.colcon_core.environment:checking '/home/antel460/TDDE05/ros2_ws/src/labs/air_lab5/install/air_lab5/lib/python3.8/site-packages'
[69.535s] Level 1:colcon.colcon_core.shell:create_environment_hook('air_lab5', 'pythonpath')
[69.539s] INFO:colcon.colcon_core.shell:Creating environment hook '/home/antel460/TDDE05/ros2_ws/src/labs/air_lab5/install/air_lab5/share/air_lab5/hook/pythonpath.ps1'
[69.552s] INFO:colcon.colcon_core.shell:Creating environment descriptor '/home/antel460/TDDE05/ros2_ws/src/labs/air_lab5/install/air_lab5/share/air_lab5/hook/pythonpath.dsv'
[69.565s] INFO:colcon.colcon_core.shell:Creating environment hook '/home/antel460/TDDE05/ros2_ws/src/labs/air_lab5/install/air_lab5/share/air_lab5/hook/pythonpath.sh'
[69.578s] Level 1:colcon.colcon_core.environment:checking '/home/antel460/TDDE05/ros2_ws/src/labs/air_lab5/install/air_lab5/bin'
[69.580s] Level 1:colcon.colcon_core.environment:create_environment_scripts_only(air_lab5)
[69.583s] INFO:colcon.colcon_core.shell:Creating package script '/home/antel460/TDDE05/ros2_ws/src/labs/air_lab5/install/air_lab5/share/air_lab5/package.ps1'
[69.601s] INFO:colcon.colcon_core.shell:Creating package descriptor '/home/antel460/TDDE05/ros2_ws/src/labs/air_lab5/install/air_lab5/share/air_lab5/package.dsv'
[69.624s] INFO:colcon.colcon_core.shell:Creating package script '/home/antel460/TDDE05/ros2_ws/src/labs/air_lab5/install/air_lab5/share/air_lab5/package.sh'
[69.643s] INFO:colcon.colcon_core.shell:Creating package script '/home/antel460/TDDE05/ros2_ws/src/labs/air_lab5/install/air_lab5/share/air_lab5/package.bash'
[69.663s] INFO:colcon.colcon_core.shell:Creating package script '/home/antel460/TDDE05/ros2_ws/src/labs/air_lab5/install/air_lab5/share/air_lab5/package.zsh'
[69.685s] Level 1:colcon.colcon_core.environment:create_file_with_runtime_dependencies(/home/antel460/TDDE05/ros2_ws/src/labs/air_lab5/install/air_lab5/share/colcon-core/packages/air_lab5)
[69.694s] DEBUG:colcon.colcon_parallel_executor.executor.parallel:closing loop
[69.694s] DEBUG:colcon.colcon_parallel_executor.executor.parallel:loop closed
[69.694s] DEBUG:colcon.colcon_parallel_executor.executor.parallel:run_until_complete finished with '0'
[69.694s] DEBUG:colcon.colcon_core.event_reactor:joining thread
[69.962s] INFO:colcon.colcon_core.plugin_system:Skipping extension 'colcon_notification.desktop_notification.terminal_notifier': Not used on non-Darwin systems
[69.963s] INFO:colcon.colcon_core.plugin_system:Skipping extension 'colcon_notification.desktop_notification.win32': Not used on non-Windows systems
[69.963s] INFO:colcon.colcon_notification.desktop_notification:Sending desktop notification using 'notify2'
[70.336s] DEBUG:colcon.colcon_core.event_reactor:joined thread
[70.340s] INFO:colcon.colcon_core.shell:Creating prefix script '/home/antel460/TDDE05/ros2_ws/src/labs/air_lab5/install/local_setup.ps1'
[70.354s] INFO:colcon.colcon_core.shell:Creating prefix util module '/home/antel460/TDDE05/ros2_ws/src/labs/air_lab5/install/_local_setup_util_ps1.py'
[70.367s] INFO:colcon.colcon_core.shell:Creating prefix chain script '/home/antel460/TDDE05/ros2_ws/src/labs/air_lab5/install/setup.ps1'
[70.516s] INFO:colcon.colcon_core.shell:Creating prefix script '/home/antel460/TDDE05/ros2_ws/src/labs/air_lab5/install/local_setup.sh'
[70.539s] INFO:colcon.colcon_core.shell:Creating prefix util module '/home/antel460/TDDE05/ros2_ws/src/labs/air_lab5/install/_local_setup_util_sh.py'
[70.553s] INFO:colcon.colcon_core.shell:Creating prefix chain script '/home/antel460/TDDE05/ros2_ws/src/labs/air_lab5/install/setup.sh'
[70.712s] INFO:colcon.colcon_core.shell:Creating prefix script '/home/antel460/TDDE05/ros2_ws/src/labs/air_lab5/install/local_setup.bash'
[70.723s] INFO:colcon.colcon_core.shell:Creating prefix chain script '/home/antel460/TDDE05/ros2_ws/src/labs/air_lab5/install/setup.bash'
[70.910s] INFO:colcon.colcon_core.shell:Creating prefix script '/home/antel460/TDDE05/ros2_ws/src/labs/air_lab5/install/local_setup.zsh'
[70.923s] INFO:colcon.colcon_core.shell:Creating prefix chain script '/home/antel460/TDDE05/ros2_ws/src/labs/air_lab5/install/setup.zsh'
