[1.685s] Invoking command in '/home/antel460/TDDE05/ros2_ws/src/labs/air_lab2': PYTHONPATH=/home/antel460/TDDE05/ros2_ws/src/labs/air_lab2/build/air_lab2/prefix_override:/home/antel460/TDDE05/ros2_ws/src/labs/air_lab2/install/air_lab2/lib/python3.8/site-packages:${PYTHONPATH} /usr/bin/python3 setup.py egg_info --egg-base build/air_lab2 build --build-base /home/antel460/TDDE05/ros2_ws/src/labs/air_lab2/build/air_lab2/build install --record /home/antel460/TDDE05/ros2_ws/src/labs/air_lab2/build/air_lab2/install.log --single-version-externally-managed
[2.305s] running egg_info
[2.306s] writing build/air_lab2/air_lab2.egg-info/PKG-INFO
[2.309s] writing dependency_links to build/air_lab2/air_lab2.egg-info/dependency_links.txt
[2.314s] writing entry points to build/air_lab2/air_lab2.egg-info/entry_points.txt
[2.317s] writing requirements to build/air_lab2/air_lab2.egg-info/requires.txt
[2.320s] writing top-level names to build/air_lab2/air_lab2.egg-info/top_level.txt
[3.754s] writing manifest file 'build/air_lab2/air_lab2.egg-info/SOURCES.txt'
[3.756s] running build
[3.757s] running build_py
[3.759s] copying air_lab2/random_exploration.py -> /home/antel460/TDDE05/ros2_ws/src/labs/air_lab2/build/air_lab2/build/lib/air_lab2
[3.763s] running install
[3.767s] running install_lib
[3.780s] copying /home/antel460/TDDE05/ros2_ws/src/labs/air_lab2/build/air_lab2/build/lib/air_lab2/random_exploration.py -> /home/antel460/TDDE05/ros2_ws/src/labs/air_lab2/install/air_lab2/lib/python3.8/site-packages/air_lab2
[3.785s] byte-compiling /home/antel460/TDDE05/ros2_ws/src/labs/air_lab2/install/air_lab2/lib/python3.8/site-packages/air_lab2/random_exploration.py to random_exploration.cpython-38.pyc
[3.793s] running install_data
[3.796s] running install_egg_info
[3.797s] removing '/home/antel460/TDDE05/ros2_ws/src/labs/air_lab2/install/air_lab2/lib/python3.8/site-packages/air_lab2-0.0.0-py3.8.egg-info' (and everything under it)
[3.804s] Copying build/air_lab2/air_lab2.egg-info to /home/antel460/TDDE05/ros2_ws/src/labs/air_lab2/install/air_lab2/lib/python3.8/site-packages/air_lab2-0.0.0-py3.8.egg-info
[3.842s] running install_scripts
[3.892s] Installing lab2_node script to /home/antel460/TDDE05/ros2_ws/src/labs/air_lab2/install/air_lab2/lib/air_lab2
[3.895s] Installing random_exploration script to /home/antel460/TDDE05/ros2_ws/src/labs/air_lab2/install/air_lab2/lib/air_lab2
[3.899s] writing list of installed files to '/home/antel460/TDDE05/ros2_ws/src/labs/air_lab2/build/air_lab2/install.log'
[3.945s] Invoked command in '/home/antel460/TDDE05/ros2_ws/src/labs/air_lab2' returned '0': PYTHONPATH=/home/antel460/TDDE05/ros2_ws/src/labs/air_lab2/build/air_lab2/prefix_override:/home/antel460/TDDE05/ros2_ws/src/labs/air_lab2/install/air_lab2/lib/python3.8/site-packages:${PYTHONPATH} /usr/bin/python3 setup.py egg_info --egg-base build/air_lab2 build --build-base /home/antel460/TDDE05/ros2_ws/src/labs/air_lab2/build/air_lab2/build install --record /home/antel460/TDDE05/ros2_ws/src/labs/air_lab2/build/air_lab2/install.log --single-version-externally-managed
