[4.926s] DEBUG:colcon:Command line arguments: ['/usr/bin/colcon', 'build']
[4.927s] DEBUG:colcon:Parsed command line arguments: Namespace(allow_overriding=[], ament_cmake_args=None, base_paths=['.'], build_base='build', catkin_cmake_args=None, catkin_skip_building_tests=False, cmake_args=None, cmake_clean_cache=False, cmake_clean_first=False, cmake_force_configure=False, cmake_target=None, cmake_target_skip_unavailable=False, continue_on_error=False, event_handlers=None, executor='parallel', ignore_user_meta=False, install_base='install', log_base=None, log_level=None, main=<bound method BuildVerb.main of <colcon_core.verb.build.BuildVerb object at 0x7fce4e099160>>, merge_install=False, metas=['./colcon.meta'], packages_above=None, packages_above_and_dependencies=None, packages_above_depth=None, packages_end=None, packages_ignore=None, packages_ignore_regex=None, packages_select=None, packages_select_build_failed=False, packages_select_by_dep=None, packages_select_regex=None, packages_select_test_failures=False, packages_skip=None, packages_skip_build_finished=False, packages_skip_by_dep=None, packages_skip_regex=None, packages_skip_test_passed=False, packages_skip_up_to=None, packages_start=None, packages_up_to=None, packages_up_to_regex=None, parallel_workers=4, paths=None, symlink_install=False, test_result_base=None, verb_extension=<colcon_core.verb.build.BuildVerb object at 0x7fce4e099160>, verb_name='build', verb_parser=<colcon_defaults.argument_parser.defaults.DefaultArgumentsDecorator object at 0x7fce4e0996a0>)
[5.451s] Level 1:colcon.colcon_core.package_discovery:discover_packages(colcon_meta) check parameters
[5.453s] Level 1:colcon.colcon_core.package_discovery:discover_packages(recursive) check parameters
[5.453s] Level 1:colcon.colcon_core.package_discovery:discover_packages(ignore) check parameters
[5.453s] Level 1:colcon.colcon_core.package_discovery:discover_packages(path) check parameters
[5.453s] Level 1:colcon.colcon_core.package_discovery:discover_packages(colcon_meta) discover
[5.454s] Level 1:colcon.colcon_core.package_discovery:discover_packages(recursive) discover
[5.454s] INFO:colcon.colcon_core.package_discovery:Crawling recursively for packages in '/home/antel460/TDDE05/ros2_ws/src/labs/air_lab5'
[5.456s] Level 1:colcon.colcon_core.package_identification:_identify(.) by extensions ['ignore', 'ignore_ament_install']
[5.457s] Level 1:colcon.colcon_core.package_identification:_identify(.) by extension 'ignore'
[5.457s] Level 1:colcon.colcon_core.package_identification:_identify(.) by extension 'ignore_ament_install'
[5.459s] Level 1:colcon.colcon_core.package_identification:_identify(.) by extensions ['colcon_pkg']
[5.459s] Level 1:colcon.colcon_core.package_identification:_identify(.) by extension 'colcon_pkg'
[5.460s] Level 1:colcon.colcon_core.package_identification:_identify(.) by extensions ['colcon_meta']
[5.460s] Level 1:colcon.colcon_core.package_identification:_identify(.) by extension 'colcon_meta'
[5.460s] Level 1:colcon.colcon_core.package_identification:_identify(.) by extensions ['ros']
[5.461s] Level 1:colcon.colcon_core.package_identification:_identify(.) by extension 'ros'
[5.544s] DEBUG:colcon.colcon_core.package_identification:Package '.' with type 'ros.ament_python' and name 'air_lab5'
[5.544s] Level 1:colcon.colcon_core.package_discovery:discover_packages(recursive) using defaults
[5.545s] Level 1:colcon.colcon_core.package_discovery:discover_packages(ignore) discover
[5.545s] Level 1:colcon.colcon_core.package_discovery:discover_packages(ignore) using defaults
[5.545s] Level 1:colcon.colcon_core.package_discovery:discover_packages(path) discover
[5.545s] Level 1:colcon.colcon_core.package_discovery:discover_packages(path) using defaults
[6.028s] Level 1:colcon.colcon_core.package_discovery:discover_packages(prefix_path) check parameters
[6.028s] Level 1:colcon.colcon_core.package_discovery:discover_packages(prefix_path) discover
[6.341s] DEBUG:colcon.colcon_installed_package_information.package_discovery:Found 5 installed packages in /home/antel460/TDDE05/ros2_ws/install
[6.416s] DEBUG:colcon.colcon_installed_package_information.package_discovery:Found 1 installed packages in /home/antel460/TDDE05/ros2_ws/src/labs/air_lab5/install
[6.525s] DEBUG:colcon.colcon_installed_package_information.package_discovery:Found 1 installed packages in /home/antel460/TDDE05/ros2_ws/src/labs/air_lab2/install
[6.643s] DEBUG:colcon.colcon_installed_package_information.package_discovery:Found 10 installed packages in /courses/TDDE05/software/ros2_ws/install
[6.650s] DEBUG:colcon.colcon_installed_package_information.package_discovery:Found 297 installed packages in /opt/ros/galactic
[6.655s] Level 1:colcon.colcon_core.package_discovery:discover_packages(prefix_path) using defaults
[6.967s] Level 5:colcon.colcon_core.verb:set package 'air_lab5' build argument 'cmake_args' from command line to 'None'
[6.967s] Level 5:colcon.colcon_core.verb:set package 'air_lab5' build argument 'cmake_target' from command line to 'None'
[6.967s] Level 5:colcon.colcon_core.verb:set package 'air_lab5' build argument 'cmake_target_skip_unavailable' from command line to 'False'
[6.967s] Level 5:colcon.colcon_core.verb:set package 'air_lab5' build argument 'cmake_clean_cache' from command line to 'False'
[6.967s] Level 5:colcon.colcon_core.verb:set package 'air_lab5' build argument 'cmake_clean_first' from command line to 'False'
[6.967s] Level 5:colcon.colcon_core.verb:set package 'air_lab5' build argument 'cmake_force_configure' from command line to 'False'
[6.967s] Level 5:colcon.colcon_core.verb:set package 'air_lab5' build argument 'ament_cmake_args' from command line to 'None'
[6.967s] Level 5:colcon.colcon_core.verb:set package 'air_lab5' build argument 'catkin_cmake_args' from command line to 'None'
[6.967s] Level 5:colcon.colcon_core.verb:set package 'air_lab5' build argument 'catkin_skip_building_tests' from command line to 'False'
[6.967s] DEBUG:colcon.colcon_core.verb:Building package 'air_lab5' with the following arguments: {'ament_cmake_args': None, 'build_base': '/home/antel460/TDDE05/ros2_ws/src/labs/air_lab5/build/air_lab5', 'catkin_cmake_args': None, 'catkin_skip_building_tests': False, 'cmake_args': None, 'cmake_clean_cache': False, 'cmake_clean_first': False, 'cmake_force_configure': False, 'cmake_target': None, 'cmake_target_skip_unavailable': False, 'install_base': '/home/antel460/TDDE05/ros2_ws/src/labs/air_lab5/install/air_lab5', 'merge_install': False, 'path': '/home/antel460/TDDE05/ros2_ws/src/labs/air_lab5', 'symlink_install': False, 'test_result_base': None}
[6.968s] INFO:colcon.colcon_core.executor:Executing jobs using 'parallel' executor
[6.972s] DEBUG:colcon.colcon_parallel_executor.executor.parallel:run_until_complete
[6.972s] INFO:colcon.colcon_ros.task.ament_python.build:Building ROS package in '/home/antel460/TDDE05/ros2_ws/src/labs/air_lab5' with build type 'ament_python'
[6.973s] Level 1:colcon.colcon_core.shell:create_environment_hook('air_lab5', 'ament_prefix_path')
[7.074s] INFO:colcon.colcon_core.plugin_system:Skipping extension 'colcon_core.shell.bat': Not used on non-Windows systems
[7.074s] INFO:colcon.colcon_core.shell:Creating environment hook '/home/antel460/TDDE05/ros2_ws/src/labs/air_lab5/install/air_lab5/share/air_lab5/hook/ament_prefix_path.ps1'
[7.105s] INFO:colcon.colcon_core.shell:Creating environment descriptor '/home/antel460/TDDE05/ros2_ws/src/labs/air_lab5/install/air_lab5/share/air_lab5/hook/ament_prefix_path.dsv'
[7.124s] INFO:colcon.colcon_core.shell:Creating environment hook '/home/antel460/TDDE05/ros2_ws/src/labs/air_lab5/install/air_lab5/share/air_lab5/hook/ament_prefix_path.sh'
[7.144s] INFO:colcon.colcon_core.shell:Skip shell extension 'powershell' for command environment: Not usable outside of PowerShell
[7.145s] DEBUG:colcon.colcon_core.shell:Skip shell extension 'dsv' for command environment
[16.788s] INFO:colcon.colcon_core.task.python.build:Building Python package in '/home/antel460/TDDE05/ros2_ws/src/labs/air_lab5'
[16.793s] INFO:colcon.colcon_core.shell:Skip shell extension 'powershell' for command environment: Not usable outside of PowerShell
[16.793s] DEBUG:colcon.colcon_core.shell:Skip shell extension 'dsv' for command environment
[31.502s] DEBUG:colcon.colcon_core.event_handler.log_command:Invoking command in '/home/antel460/TDDE05/ros2_ws/src/labs/air_lab5': PYTHONPATH=/home/antel460/TDDE05/ros2_ws/src/labs/air_lab5/build/air_lab5/prefix_override:/home/antel460/TDDE05/ros2_ws/src/labs/air_lab5/install/air_lab5/lib/python3.8/site-packages:${PYTHONPATH} /usr/bin/python3 setup.py egg_info --egg-base build/air_lab5 build --build-base /home/antel460/TDDE05/ros2_ws/src/labs/air_lab5/build/air_lab5/build install --record /home/antel460/TDDE05/ros2_ws/src/labs/air_lab5/build/air_lab5/install.log --single-version-externally-managed
[71.242s] DEBUG:colcon.colcon_core.event_handler.log_command:Invoked command in '/home/antel460/TDDE05/ros2_ws/src/labs/air_lab5' returned '0': PYTHONPATH=/home/antel460/TDDE05/ros2_ws/src/labs/air_lab5/build/air_lab5/prefix_override:/home/antel460/TDDE05/ros2_ws/src/labs/air_lab5/install/air_lab5/lib/python3.8/site-packages:${PYTHONPATH} /usr/bin/python3 setup.py egg_info --egg-base build/air_lab5 build --build-base /home/antel460/TDDE05/ros2_ws/src/labs/air_lab5/build/air_lab5/build install --record /home/antel460/TDDE05/ros2_ws/src/labs/air_lab5/build/air_lab5/install.log --single-version-externally-managed
[71.337s] Level 1:colcon.colcon_core.environment:checking '/home/antel460/TDDE05/ros2_ws/src/labs/air_lab5/install/air_lab5' for CMake module files
[71.472s] Level 1:colcon.colcon_core.environment:checking '/home/antel460/TDDE05/ros2_ws/src/labs/air_lab5/install/air_lab5' for CMake config files
[71.660s] Level 1:colcon.colcon_core.environment:checking '/home/antel460/TDDE05/ros2_ws/src/labs/air_lab5/install/air_lab5/lib'
[71.672s] Level 1:colcon.colcon_core.environment:checking '/home/antel460/TDDE05/ros2_ws/src/labs/air_lab5/install/air_lab5/bin'
[71.677s] Level 1:colcon.colcon_core.environment:checking '/home/antel460/TDDE05/ros2_ws/src/labs/air_lab5/install/air_lab5/lib/pkgconfig/air_lab5.pc'
[71.683s] Level 1:colcon.colcon_core.environment:checking '/home/antel460/TDDE05/ros2_ws/src/labs/air_lab5/install/air_lab5/lib/python3.8/site-packages'
[71.687s] Level 1:colcon.colcon_core.shell:create_environment_hook('air_lab5', 'pythonpath')
[71.691s] INFO:colcon.colcon_core.shell:Creating environment hook '/home/antel460/TDDE05/ros2_ws/src/labs/air_lab5/install/air_lab5/share/air_lab5/hook/pythonpath.ps1'
[71.714s] INFO:colcon.colcon_core.shell:Creating environment descriptor '/home/antel460/TDDE05/ros2_ws/src/labs/air_lab5/install/air_lab5/share/air_lab5/hook/pythonpath.dsv'
[71.745s] INFO:colcon.colcon_core.shell:Creating environment hook '/home/antel460/TDDE05/ros2_ws/src/labs/air_lab5/install/air_lab5/share/air_lab5/hook/pythonpath.sh'
[71.781s] Level 1:colcon.colcon_core.environment:checking '/home/antel460/TDDE05/ros2_ws/src/labs/air_lab5/install/air_lab5/bin'
[71.787s] Level 1:colcon.colcon_core.environment:create_environment_scripts_only(air_lab5)
[71.793s] INFO:colcon.colcon_core.shell:Creating package script '/home/antel460/TDDE05/ros2_ws/src/labs/air_lab5/install/air_lab5/share/air_lab5/package.ps1'
[71.819s] INFO:colcon.colcon_core.shell:Creating package descriptor '/home/antel460/TDDE05/ros2_ws/src/labs/air_lab5/install/air_lab5/share/air_lab5/package.dsv'
[71.844s] INFO:colcon.colcon_core.shell:Creating package script '/home/antel460/TDDE05/ros2_ws/src/labs/air_lab5/install/air_lab5/share/air_lab5/package.sh'
[71.865s] INFO:colcon.colcon_core.shell:Creating package script '/home/antel460/TDDE05/ros2_ws/src/labs/air_lab5/install/air_lab5/share/air_lab5/package.bash'
[71.886s] INFO:colcon.colcon_core.shell:Creating package script '/home/antel460/TDDE05/ros2_ws/src/labs/air_lab5/install/air_lab5/share/air_lab5/package.zsh'
[71.912s] Level 1:colcon.colcon_core.environment:create_file_with_runtime_dependencies(/home/antel460/TDDE05/ros2_ws/src/labs/air_lab5/install/air_lab5/share/colcon-core/packages/air_lab5)
[71.931s] DEBUG:colcon.colcon_parallel_executor.executor.parallel:closing loop
[71.932s] DEBUG:colcon.colcon_parallel_executor.executor.parallel:loop closed
[71.932s] DEBUG:colcon.colcon_parallel_executor.executor.parallel:run_until_complete finished with '0'
[71.932s] DEBUG:colcon.colcon_core.event_reactor:joining thread
[72.176s] INFO:colcon.colcon_core.plugin_system:Skipping extension 'colcon_notification.desktop_notification.terminal_notifier': Not used on non-Darwin systems
[72.176s] INFO:colcon.colcon_core.plugin_system:Skipping extension 'colcon_notification.desktop_notification.win32': Not used on non-Windows systems
[72.176s] INFO:colcon.colcon_notification.desktop_notification:Sending desktop notification using 'notify2'
[72.649s] DEBUG:colcon.colcon_core.event_reactor:joined thread
[72.651s] INFO:colcon.colcon_core.shell:Creating prefix script '/home/antel460/TDDE05/ros2_ws/src/labs/air_lab5/install/local_setup.ps1'
[72.689s] INFO:colcon.colcon_core.shell:Creating prefix util module '/home/antel460/TDDE05/ros2_ws/src/labs/air_lab5/install/_local_setup_util_ps1.py'
[72.729s] INFO:colcon.colcon_core.shell:Creating prefix chain script '/home/antel460/TDDE05/ros2_ws/src/labs/air_lab5/install/setup.ps1'
[73.027s] INFO:colcon.colcon_core.shell:Creating prefix script '/home/antel460/TDDE05/ros2_ws/src/labs/air_lab5/install/local_setup.sh'
[73.061s] INFO:colcon.colcon_core.shell:Creating prefix util module '/home/antel460/TDDE05/ros2_ws/src/labs/air_lab5/install/_local_setup_util_sh.py'
[73.110s] INFO:colcon.colcon_core.shell:Creating prefix chain script '/home/antel460/TDDE05/ros2_ws/src/labs/air_lab5/install/setup.sh'
[73.365s] INFO:colcon.colcon_core.shell:Creating prefix script '/home/antel460/TDDE05/ros2_ws/src/labs/air_lab5/install/local_setup.bash'
[73.385s] INFO:colcon.colcon_core.shell:Creating prefix chain script '/home/antel460/TDDE05/ros2_ws/src/labs/air_lab5/install/setup.bash'
[73.611s] INFO:colcon.colcon_core.shell:Creating prefix script '/home/antel460/TDDE05/ros2_ws/src/labs/air_lab5/install/local_setup.zsh'
[73.631s] INFO:colcon.colcon_core.shell:Creating prefix chain script '/home/antel460/TDDE05/ros2_ws/src/labs/air_lab5/install/setup.zsh'
