[4.969s] DEBUG:colcon:Command line arguments: ['/usr/bin/colcon', 'build']
[4.970s] DEBUG:colcon:Parsed command line arguments: Namespace(allow_overriding=[], ament_cmake_args=None, base_paths=['.'], build_base='build', catkin_cmake_args=None, catkin_skip_building_tests=False, cmake_args=None, cmake_clean_cache=False, cmake_clean_first=False, cmake_force_configure=False, cmake_target=None, cmake_target_skip_unavailable=False, continue_on_error=False, event_handlers=None, executor='parallel', ignore_user_meta=False, install_base='install', log_base=None, log_level=None, main=<bound method BuildVerb.main of <colcon_core.verb.build.BuildVerb object at 0x7fdf165e0190>>, merge_install=False, metas=['./colcon.meta'], packages_above=None, packages_above_and_dependencies=None, packages_above_depth=None, packages_end=None, packages_ignore=None, packages_ignore_regex=None, packages_select=None, packages_select_build_failed=False, packages_select_by_dep=None, packages_select_regex=None, packages_select_test_failures=False, packages_skip=None, packages_skip_build_finished=False, packages_skip_by_dep=None, packages_skip_regex=None, packages_skip_test_passed=False, packages_skip_up_to=None, packages_start=None, packages_up_to=None, packages_up_to_regex=None, parallel_workers=4, paths=None, symlink_install=False, test_result_base=None, verb_extension=<colcon_core.verb.build.BuildVerb object at 0x7fdf165e0190>, verb_name='build', verb_parser=<colcon_defaults.argument_parser.defaults.DefaultArgumentsDecorator object at 0x7fdf165e06d0>)
[5.508s] Level 1:colcon.colcon_core.package_discovery:discover_packages(colcon_meta) check parameters
[5.510s] Level 1:colcon.colcon_core.package_discovery:discover_packages(recursive) check parameters
[5.510s] Level 1:colcon.colcon_core.package_discovery:discover_packages(ignore) check parameters
[5.510s] Level 1:colcon.colcon_core.package_discovery:discover_packages(path) check parameters
[5.510s] Level 1:colcon.colcon_core.package_discovery:discover_packages(colcon_meta) discover
[5.511s] Level 1:colcon.colcon_core.package_discovery:discover_packages(recursive) discover
[5.511s] INFO:colcon.colcon_core.package_discovery:Crawling recursively for packages in '/home/antel460/TDDE05/ros2_ws/src/labs/air_lab5'
[5.513s] Level 1:colcon.colcon_core.package_identification:_identify(.) by extensions ['ignore', 'ignore_ament_install']
[5.513s] Level 1:colcon.colcon_core.package_identification:_identify(.) by extension 'ignore'
[5.517s] Level 1:colcon.colcon_core.package_identification:_identify(.) by extension 'ignore_ament_install'
[5.518s] Level 1:colcon.colcon_core.package_identification:_identify(.) by extensions ['colcon_pkg']
[5.519s] Level 1:colcon.colcon_core.package_identification:_identify(.) by extension 'colcon_pkg'
[5.520s] Level 1:colcon.colcon_core.package_identification:_identify(.) by extensions ['colcon_meta']
[5.521s] Level 1:colcon.colcon_core.package_identification:_identify(.) by extension 'colcon_meta'
[5.521s] Level 1:colcon.colcon_core.package_identification:_identify(.) by extensions ['ros']
[5.521s] Level 1:colcon.colcon_core.package_identification:_identify(.) by extension 'ros'
[5.592s] DEBUG:colcon.colcon_core.package_identification:Package '.' with type 'ros.ament_python' and name 'air_lab5'
[5.592s] Level 1:colcon.colcon_core.package_discovery:discover_packages(recursive) using defaults
[5.593s] Level 1:colcon.colcon_core.package_discovery:discover_packages(ignore) discover
[5.593s] Level 1:colcon.colcon_core.package_discovery:discover_packages(ignore) using defaults
[5.593s] Level 1:colcon.colcon_core.package_discovery:discover_packages(path) discover
[5.593s] Level 1:colcon.colcon_core.package_discovery:discover_packages(path) using defaults
[6.169s] Level 1:colcon.colcon_core.package_discovery:discover_packages(prefix_path) check parameters
[6.169s] Level 1:colcon.colcon_core.package_discovery:discover_packages(prefix_path) discover
[6.453s] DEBUG:colcon.colcon_installed_package_information.package_discovery:Found 5 installed packages in /home/antel460/TDDE05/ros2_ws/install
[6.541s] DEBUG:colcon.colcon_installed_package_information.package_discovery:Found 1 installed packages in /home/antel460/TDDE05/ros2_ws/src/labs/air_lab5/install
[6.652s] DEBUG:colcon.colcon_installed_package_information.package_discovery:Found 1 installed packages in /home/antel460/TDDE05/ros2_ws/src/labs/air_lab2/install
[6.756s] DEBUG:colcon.colcon_installed_package_information.package_discovery:Found 10 installed packages in /courses/TDDE05/software/ros2_ws/install
[6.763s] DEBUG:colcon.colcon_installed_package_information.package_discovery:Found 297 installed packages in /opt/ros/galactic
[6.767s] Level 1:colcon.colcon_core.package_discovery:discover_packages(prefix_path) using defaults
[7.085s] Level 5:colcon.colcon_core.verb:set package 'air_lab5' build argument 'cmake_args' from command line to 'None'
[7.086s] Level 5:colcon.colcon_core.verb:set package 'air_lab5' build argument 'cmake_target' from command line to 'None'
[7.086s] Level 5:colcon.colcon_core.verb:set package 'air_lab5' build argument 'cmake_target_skip_unavailable' from command line to 'False'
[7.086s] Level 5:colcon.colcon_core.verb:set package 'air_lab5' build argument 'cmake_clean_cache' from command line to 'False'
[7.086s] Level 5:colcon.colcon_core.verb:set package 'air_lab5' build argument 'cmake_clean_first' from command line to 'False'
[7.086s] Level 5:colcon.colcon_core.verb:set package 'air_lab5' build argument 'cmake_force_configure' from command line to 'False'
[7.086s] Level 5:colcon.colcon_core.verb:set package 'air_lab5' build argument 'ament_cmake_args' from command line to 'None'
[7.086s] Level 5:colcon.colcon_core.verb:set package 'air_lab5' build argument 'catkin_cmake_args' from command line to 'None'
[7.086s] Level 5:colcon.colcon_core.verb:set package 'air_lab5' build argument 'catkin_skip_building_tests' from command line to 'False'
[7.086s] DEBUG:colcon.colcon_core.verb:Building package 'air_lab5' with the following arguments: {'ament_cmake_args': None, 'build_base': '/home/antel460/TDDE05/ros2_ws/src/labs/air_lab5/build/air_lab5', 'catkin_cmake_args': None, 'catkin_skip_building_tests': False, 'cmake_args': None, 'cmake_clean_cache': False, 'cmake_clean_first': False, 'cmake_force_configure': False, 'cmake_target': None, 'cmake_target_skip_unavailable': False, 'install_base': '/home/antel460/TDDE05/ros2_ws/src/labs/air_lab5/install/air_lab5', 'merge_install': False, 'path': '/home/antel460/TDDE05/ros2_ws/src/labs/air_lab5', 'symlink_install': False, 'test_result_base': None}
[7.087s] INFO:colcon.colcon_core.executor:Executing jobs using 'parallel' executor
[7.090s] DEBUG:colcon.colcon_parallel_executor.executor.parallel:run_until_complete
[7.091s] INFO:colcon.colcon_ros.task.ament_python.build:Building ROS package in '/home/antel460/TDDE05/ros2_ws/src/labs/air_lab5' with build type 'ament_python'
[7.091s] Level 1:colcon.colcon_core.shell:create_environment_hook('air_lab5', 'ament_prefix_path')
[7.205s] INFO:colcon.colcon_core.plugin_system:Skipping extension 'colcon_core.shell.bat': Not used on non-Windows systems
[7.206s] INFO:colcon.colcon_core.shell:Creating environment hook '/home/antel460/TDDE05/ros2_ws/src/labs/air_lab5/install/air_lab5/share/air_lab5/hook/ament_prefix_path.ps1'
[7.238s] INFO:colcon.colcon_core.shell:Creating environment descriptor '/home/antel460/TDDE05/ros2_ws/src/labs/air_lab5/install/air_lab5/share/air_lab5/hook/ament_prefix_path.dsv'
[7.267s] INFO:colcon.colcon_core.shell:Creating environment hook '/home/antel460/TDDE05/ros2_ws/src/labs/air_lab5/install/air_lab5/share/air_lab5/hook/ament_prefix_path.sh'
[7.297s] INFO:colcon.colcon_core.shell:Skip shell extension 'powershell' for command environment: Not usable outside of PowerShell
[7.297s] DEBUG:colcon.colcon_core.shell:Skip shell extension 'dsv' for command environment
[15.867s] INFO:colcon.colcon_core.task.python.build:Building Python package in '/home/antel460/TDDE05/ros2_ws/src/labs/air_lab5'
[15.871s] INFO:colcon.colcon_core.shell:Skip shell extension 'powershell' for command environment: Not usable outside of PowerShell
[15.871s] DEBUG:colcon.colcon_core.shell:Skip shell extension 'dsv' for command environment
[31.295s] DEBUG:colcon.colcon_core.event_handler.log_command:Invoking command in '/home/antel460/TDDE05/ros2_ws/src/labs/air_lab5': PYTHONPATH=/home/antel460/TDDE05/ros2_ws/src/labs/air_lab5/build/air_lab5/prefix_override:/home/antel460/TDDE05/ros2_ws/src/labs/air_lab5/install/air_lab5/lib/python3.8/site-packages:${PYTHONPATH} /usr/bin/python3 setup.py egg_info --egg-base build/air_lab5 build --build-base /home/antel460/TDDE05/ros2_ws/src/labs/air_lab5/build/air_lab5/build install --record /home/antel460/TDDE05/ros2_ws/src/labs/air_lab5/build/air_lab5/install.log --single-version-externally-managed
[72.942s] DEBUG:colcon.colcon_core.event_handler.log_command:Invoked command in '/home/antel460/TDDE05/ros2_ws/src/labs/air_lab5' returned '0': PYTHONPATH=/home/antel460/TDDE05/ros2_ws/src/labs/air_lab5/build/air_lab5/prefix_override:/home/antel460/TDDE05/ros2_ws/src/labs/air_lab5/install/air_lab5/lib/python3.8/site-packages:${PYTHONPATH} /usr/bin/python3 setup.py egg_info --egg-base build/air_lab5 build --build-base /home/antel460/TDDE05/ros2_ws/src/labs/air_lab5/build/air_lab5/build install --record /home/antel460/TDDE05/ros2_ws/src/labs/air_lab5/build/air_lab5/install.log --single-version-externally-managed
[73.072s] Level 1:colcon.colcon_core.environment:checking '/home/antel460/TDDE05/ros2_ws/src/labs/air_lab5/install/air_lab5' for CMake module files
[73.268s] Level 1:colcon.colcon_core.environment:checking '/home/antel460/TDDE05/ros2_ws/src/labs/air_lab5/install/air_lab5' for CMake config files
[73.491s] Level 1:colcon.colcon_core.environment:checking '/home/antel460/TDDE05/ros2_ws/src/labs/air_lab5/install/air_lab5/lib'
[73.506s] Level 1:colcon.colcon_core.environment:checking '/home/antel460/TDDE05/ros2_ws/src/labs/air_lab5/install/air_lab5/bin'
[73.511s] Level 1:colcon.colcon_core.environment:checking '/home/antel460/TDDE05/ros2_ws/src/labs/air_lab5/install/air_lab5/lib/pkgconfig/air_lab5.pc'
[73.519s] Level 1:colcon.colcon_core.environment:checking '/home/antel460/TDDE05/ros2_ws/src/labs/air_lab5/install/air_lab5/lib/python3.8/site-packages'
[73.528s] Level 1:colcon.colcon_core.shell:create_environment_hook('air_lab5', 'pythonpath')
[73.533s] INFO:colcon.colcon_core.shell:Creating environment hook '/home/antel460/TDDE05/ros2_ws/src/labs/air_lab5/install/air_lab5/share/air_lab5/hook/pythonpath.ps1'
[73.570s] INFO:colcon.colcon_core.shell:Creating environment descriptor '/home/antel460/TDDE05/ros2_ws/src/labs/air_lab5/install/air_lab5/share/air_lab5/hook/pythonpath.dsv'
[73.607s] INFO:colcon.colcon_core.shell:Creating environment hook '/home/antel460/TDDE05/ros2_ws/src/labs/air_lab5/install/air_lab5/share/air_lab5/hook/pythonpath.sh'
[73.647s] Level 1:colcon.colcon_core.environment:checking '/home/antel460/TDDE05/ros2_ws/src/labs/air_lab5/install/air_lab5/bin'
[73.655s] Level 1:colcon.colcon_core.environment:create_environment_scripts_only(air_lab5)
[73.660s] INFO:colcon.colcon_core.shell:Creating package script '/home/antel460/TDDE05/ros2_ws/src/labs/air_lab5/install/air_lab5/share/air_lab5/package.ps1'
[73.694s] INFO:colcon.colcon_core.shell:Creating package descriptor '/home/antel460/TDDE05/ros2_ws/src/labs/air_lab5/install/air_lab5/share/air_lab5/package.dsv'
[73.727s] INFO:colcon.colcon_core.shell:Creating package script '/home/antel460/TDDE05/ros2_ws/src/labs/air_lab5/install/air_lab5/share/air_lab5/package.sh'
[73.761s] INFO:colcon.colcon_core.shell:Creating package script '/home/antel460/TDDE05/ros2_ws/src/labs/air_lab5/install/air_lab5/share/air_lab5/package.bash'
[73.793s] INFO:colcon.colcon_core.shell:Creating package script '/home/antel460/TDDE05/ros2_ws/src/labs/air_lab5/install/air_lab5/share/air_lab5/package.zsh'
[73.833s] Level 1:colcon.colcon_core.environment:create_file_with_runtime_dependencies(/home/antel460/TDDE05/ros2_ws/src/labs/air_lab5/install/air_lab5/share/colcon-core/packages/air_lab5)
[73.858s] DEBUG:colcon.colcon_parallel_executor.executor.parallel:closing loop
[73.859s] DEBUG:colcon.colcon_parallel_executor.executor.parallel:loop closed
[73.859s] DEBUG:colcon.colcon_parallel_executor.executor.parallel:run_until_complete finished with '0'
[73.859s] DEBUG:colcon.colcon_core.event_reactor:joining thread
[74.091s] INFO:colcon.colcon_core.plugin_system:Skipping extension 'colcon_notification.desktop_notification.terminal_notifier': Not used on non-Darwin systems
[74.091s] INFO:colcon.colcon_core.plugin_system:Skipping extension 'colcon_notification.desktop_notification.win32': Not used on non-Windows systems
[74.091s] INFO:colcon.colcon_notification.desktop_notification:Sending desktop notification using 'notify2'
[74.525s] DEBUG:colcon.colcon_core.event_reactor:joined thread
[74.527s] INFO:colcon.colcon_core.shell:Creating prefix script '/home/antel460/TDDE05/ros2_ws/src/labs/air_lab5/install/local_setup.ps1'
[74.539s] INFO:colcon.colcon_core.shell:Creating prefix util module '/home/antel460/TDDE05/ros2_ws/src/labs/air_lab5/install/_local_setup_util_ps1.py'
[74.557s] INFO:colcon.colcon_core.shell:Creating prefix chain script '/home/antel460/TDDE05/ros2_ws/src/labs/air_lab5/install/setup.ps1'
[74.745s] INFO:colcon.colcon_core.shell:Creating prefix script '/home/antel460/TDDE05/ros2_ws/src/labs/air_lab5/install/local_setup.sh'
[74.767s] INFO:colcon.colcon_core.shell:Creating prefix util module '/home/antel460/TDDE05/ros2_ws/src/labs/air_lab5/install/_local_setup_util_sh.py'
[74.786s] INFO:colcon.colcon_core.shell:Creating prefix chain script '/home/antel460/TDDE05/ros2_ws/src/labs/air_lab5/install/setup.sh'
[74.986s] INFO:colcon.colcon_core.shell:Creating prefix script '/home/antel460/TDDE05/ros2_ws/src/labs/air_lab5/install/local_setup.bash'
[75.004s] INFO:colcon.colcon_core.shell:Creating prefix chain script '/home/antel460/TDDE05/ros2_ws/src/labs/air_lab5/install/setup.bash'
[75.198s] INFO:colcon.colcon_core.shell:Creating prefix script '/home/antel460/TDDE05/ros2_ws/src/labs/air_lab5/install/local_setup.zsh'
[75.224s] INFO:colcon.colcon_core.shell:Creating prefix chain script '/home/antel460/TDDE05/ros2_ws/src/labs/air_lab5/install/setup.zsh'
