running egg_info
writing ../build/air_lab3/air_lab3.egg-info/PKG-INFO
writing dependency_links to ../build/air_lab3/air_lab3.egg-info/dependency_links.txt
writing entry points to ../build/air_lab3/air_lab3.egg-info/entry_points.txt
writing requirements to ../build/air_lab3/air_lab3.egg-info/requires.txt
writing top-level names to ../build/air_lab3/air_lab3.egg-info/top_level.txt
writing manifest file '../build/air_lab3/air_lab3.egg-info/SOURCES.txt'
running build
running build_py
copying air_lab3/lab3_vis_node.py -> /home/antel460/TDDE05/ros2_ws/src/labs/build/air_lab3/build/lib/air_lab3
running install
running install_lib
copying /home/antel460/TDDE05/ros2_ws/src/labs/build/air_lab3/build/lib/air_lab3/lab3_vis_node.py -> /home/antel460/TDDE05/ros2_ws/src/labs/install/air_lab3/lib/python3.8/site-packages/air_lab3
byte-compiling /home/antel460/TDDE05/ros2_ws/src/labs/install/air_lab3/lib/python3.8/site-packages/air_lab3/lab3_vis_node.py to lab3_vis_node.cpython-38.pyc
running install_data
running install_egg_info
removing '/home/antel460/TDDE05/ros2_ws/src/labs/install/air_lab3/lib/python3.8/site-packages/air_lab3-0.0.0-py3.8.egg-info' (and everything under it)
Copying ../build/air_lab3/air_lab3.egg-info to /home/antel460/TDDE05/ros2_ws/src/labs/install/air_lab3/lib/python3.8/site-packages/air_lab3-0.0.0-py3.8.egg-info
running install_scripts
Installing lab3_node script to /home/antel460/TDDE05/ros2_ws/src/labs/install/air_lab3/lib/air_lab3
Installing lab3_vis_node script to /home/antel460/TDDE05/ros2_ws/src/labs/install/air_lab3/lib/air_lab3
Installing tst_executor script to /home/antel460/TDDE05/ros2_ws/src/labs/install/air_lab3/lib/air_lab3
writing list of installed files to '/home/antel460/TDDE05/ros2_ws/src/labs/build/air_lab3/install.log'
