running egg_info
writing build/air_lab5/air_lab5.egg-info/PKG-INFO
writing dependency_links to build/air_lab5/air_lab5.egg-info/dependency_links.txt
writing entry points to build/air_lab5/air_lab5.egg-info/entry_points.txt
writing requirements to build/air_lab5/air_lab5.egg-info/requires.txt
writing top-level names to build/air_lab5/air_lab5.egg-info/top_level.txt
writing manifest file 'build/air_lab5/air_lab5.egg-info/SOURCES.txt'
running build
running build_py
copying air_lab5/decision.py -> /home/antel460/TDDE05/ros2_ws/src/labs/air_lab5/build/air_lab5/build/lib/air_lab5
running install
running install_lib
copying /home/antel460/TDDE05/ros2_ws/src/labs/air_lab5/build/air_lab5/build/lib/air_lab5/decision.py -> /home/antel460/TDDE05/ros2_ws/src/labs/air_lab5/install/air_lab5/lib/python3.8/site-packages/air_lab5
byte-compiling /home/antel460/TDDE05/ros2_ws/src/labs/air_lab5/install/air_lab5/lib/python3.8/site-packages/air_lab5/decision.py to decision.cpython-38.pyc
running install_data
running install_egg_info
removing '/home/antel460/TDDE05/ros2_ws/src/labs/air_lab5/install/air_lab5/lib/python3.8/site-packages/air_lab5-0.0.0-py3.8.egg-info' (and everything under it)
Copying build/air_lab5/air_lab5.egg-info to /home/antel460/TDDE05/ros2_ws/src/labs/air_lab5/install/air_lab5/lib/python3.8/site-packages/air_lab5-0.0.0-py3.8.egg-info
running install_scripts
Installing decision script to /home/antel460/TDDE05/ros2_ws/src/labs/air_lab5/install/air_lab5/lib/air_lab5
Installing text_to_goals script to /home/antel460/TDDE05/ros2_ws/src/labs/air_lab5/install/air_lab5/lib/air_lab5
writing list of installed files to '/home/antel460/TDDE05/ros2_ws/src/labs/air_lab5/build/air_lab5/install.log'
