/home/matge373/TDDE05/ros2_ws/src/labs/install/air_lab3/lib/python3.8/site-packages/air_lab3/ExploreExecutor.py
/home/matge373/TDDE05/ros2_ws/src/labs/install/air_lab3/lib/python3.8/site-packages/air_lab3/lab3_node.py
/home/matge373/TDDE05/ros2_ws/src/labs/install/air_lab3/lib/python3.8/site-packages/air_lab3/RecordSemantic.py
/home/matge373/TDDE05/ros2_ws/src/labs/install/air_lab3/lib/python3.8/site-packages/air_lab3/__init__.py
/home/matge373/TDDE05/ros2_ws/src/labs/install/air_lab3/lib/python3.8/site-packages/air_lab3/UndockExecutor.py
/home/matge373/TDDE05/ros2_ws/src/labs/install/air_lab3/lib/python3.8/site-packages/air_lab3/lab3_vis_node.py
/home/matge373/TDDE05/ros2_ws/src/labs/install/air_lab3/lib/python3.8/site-packages/air_lab3/GenerateHumans.py
/home/matge373/TDDE05/ros2_ws/src/labs/install/air_lab3/lib/python3.8/site-packages/air_lab3/tst_executor.py
/home/matge373/TDDE05/ros2_ws/src/labs/install/air_lab3/lib/python3.8/site-packages/air_lab3/DriveToExecutor.py
/home/matge373/TDDE05/ros2_ws/src/labs/install/air_lab3/lib/python3.8/site-packages/air_lab3/HumanHarassment.py
/home/matge373/TDDE05/ros2_ws/src/labs/install/air_lab3/lib/python3.8/site-packages/air_lab3/DockExecutor.py
/home/matge373/TDDE05/ros2_ws/src/labs/install/air_lab3/lib/python3.8/site-packages/air_lab3/__pycache__/ExploreExecutor.cpython-38.pyc
/home/matge373/TDDE05/ros2_ws/src/labs/install/air_lab3/lib/python3.8/site-packages/air_lab3/__pycache__/lab3_node.cpython-38.pyc
/home/matge373/TDDE05/ros2_ws/src/labs/install/air_lab3/lib/python3.8/site-packages/air_lab3/__pycache__/RecordSemantic.cpython-38.pyc
/home/matge373/TDDE05/ros2_ws/src/labs/install/air_lab3/lib/python3.8/site-packages/air_lab3/__pycache__/__init__.cpython-38.pyc
/home/matge373/TDDE05/ros2_ws/src/labs/install/air_lab3/lib/python3.8/site-packages/air_lab3/__pycache__/UndockExecutor.cpython-38.pyc
/home/matge373/TDDE05/ros2_ws/src/labs/install/air_lab3/lib/python3.8/site-packages/air_lab3/__pycache__/lab3_vis_node.cpython-38.pyc
/home/matge373/TDDE05/ros2_ws/src/labs/install/air_lab3/lib/python3.8/site-packages/air_lab3/__pycache__/GenerateHumans.cpython-38.pyc
/home/matge373/TDDE05/ros2_ws/src/labs/install/air_lab3/lib/python3.8/site-packages/air_lab3/__pycache__/tst_executor.cpython-38.pyc
/home/matge373/TDDE05/ros2_ws/src/labs/install/air_lab3/lib/python3.8/site-packages/air_lab3/__pycache__/DriveToExecutor.cpython-38.pyc
/home/matge373/TDDE05/ros2_ws/src/labs/install/air_lab3/lib/python3.8/site-packages/air_lab3/__pycache__/HumanHarassment.cpython-38.pyc
/home/matge373/TDDE05/ros2_ws/src/labs/install/air_lab3/lib/python3.8/site-packages/air_lab3/__pycache__/DockExecutor.cpython-38.pyc
/home/matge373/TDDE05/ros2_ws/src/labs/install/air_lab3/share/ament_index/resource_index/packages/air_lab3
/home/matge373/TDDE05/ros2_ws/src/labs/install/air_lab3/share/air_lab3/package.xml
/home/matge373/TDDE05/ros2_ws/src/labs/install/air_lab3/lib/python3.8/site-packages/air_lab3-0.0.0-py3.8.egg-info/top_level.txt
/home/matge373/TDDE05/ros2_ws/src/labs/install/air_lab3/lib/python3.8/site-packages/air_lab3-0.0.0-py3.8.egg-info/requires.txt
/home/matge373/TDDE05/ros2_ws/src/labs/install/air_lab3/lib/python3.8/site-packages/air_lab3-0.0.0-py3.8.egg-info/entry_points.txt
/home/matge373/TDDE05/ros2_ws/src/labs/install/air_lab3/lib/python3.8/site-packages/air_lab3-0.0.0-py3.8.egg-info/zip-safe
/home/matge373/TDDE05/ros2_ws/src/labs/install/air_lab3/lib/python3.8/site-packages/air_lab3-0.0.0-py3.8.egg-info/dependency_links.txt
/home/matge373/TDDE05/ros2_ws/src/labs/install/air_lab3/lib/python3.8/site-packages/air_lab3-0.0.0-py3.8.egg-info/SOURCES.txt
/home/matge373/TDDE05/ros2_ws/src/labs/install/air_lab3/lib/python3.8/site-packages/air_lab3-0.0.0-py3.8.egg-info/PKG-INFO
/home/matge373/TDDE05/ros2_ws/src/labs/install/air_lab3/lib/air_lab3/lab3_node
/home/matge373/TDDE05/ros2_ws/src/labs/install/air_lab3/lib/air_lab3/lab3_vis_node
/home/matge373/TDDE05/ros2_ws/src/labs/install/air_lab3/lib/air_lab3/tst_executor
