[0.617s] DEBUG:colcon:Command line arguments: ['/usr/bin/colcon', 'build']
[0.617s] DEBUG:colcon:Parsed command line arguments: Namespace(allow_overriding=[], ament_cmake_args=None, base_paths=['.'], build_base='build', catkin_cmake_args=None, catkin_skip_building_tests=False, cmake_args=None, cmake_clean_cache=False, cmake_clean_first=False, cmake_force_configure=False, cmake_target=None, cmake_target_skip_unavailable=False, continue_on_error=False, event_handlers=None, executor='parallel', ignore_user_meta=False, install_base='install', log_base=None, log_level=None, main=<bound method BuildVerb.main of <colcon_core.verb.build.BuildVerb object at 0x7f28b1e494f0>>, merge_install=False, metas=['./colcon.meta'], packages_above=None, packages_above_and_dependencies=None, packages_above_depth=None, packages_end=None, packages_ignore=None, packages_ignore_regex=None, packages_select=None, packages_select_build_failed=False, packages_select_by_dep=None, packages_select_regex=None, packages_select_test_failures=False, packages_skip=None, packages_skip_build_finished=False, packages_skip_by_dep=None, packages_skip_regex=None, packages_skip_test_passed=False, packages_skip_up_to=None, packages_start=None, packages_up_to=None, packages_up_to_regex=None, parallel_workers=4, paths=None, symlink_install=False, test_result_base=None, verb_extension=<colcon_core.verb.build.BuildVerb object at 0x7f28b1e494f0>, verb_name='build', verb_parser=<colcon_defaults.argument_parser.defaults.DefaultArgumentsDecorator object at 0x7f28b1e49a30>)
[0.701s] Level 1:colcon.colcon_core.package_discovery:discover_packages(colcon_meta) check parameters
[0.702s] Level 1:colcon.colcon_core.package_discovery:discover_packages(recursive) check parameters
[0.702s] Level 1:colcon.colcon_core.package_discovery:discover_packages(ignore) check parameters
[0.702s] Level 1:colcon.colcon_core.package_discovery:discover_packages(path) check parameters
[0.702s] Level 1:colcon.colcon_core.package_discovery:discover_packages(colcon_meta) discover
[0.702s] Level 1:colcon.colcon_core.package_discovery:discover_packages(recursive) discover
[0.702s] INFO:colcon.colcon_core.package_discovery:Crawling recursively for packages in '/home/matge373/TDDE05/ros2_ws/src/labs'
[0.703s] Level 1:colcon.colcon_core.package_identification:_identify(.) by extensions ['ignore', 'ignore_ament_install']
[0.703s] Level 1:colcon.colcon_core.package_identification:_identify(.) by extension 'ignore'
[0.703s] Level 1:colcon.colcon_core.package_identification:_identify(.) by extension 'ignore_ament_install'
[0.704s] Level 1:colcon.colcon_core.package_identification:_identify(.) by extensions ['colcon_pkg']
[0.704s] Level 1:colcon.colcon_core.package_identification:_identify(.) by extension 'colcon_pkg'
[0.704s] Level 1:colcon.colcon_core.package_identification:_identify(.) by extensions ['colcon_meta']
[0.704s] Level 1:colcon.colcon_core.package_identification:_identify(.) by extension 'colcon_meta'
[0.704s] Level 1:colcon.colcon_core.package_identification:_identify(.) by extensions ['ros']
[0.704s] Level 1:colcon.colcon_core.package_identification:_identify(.) by extension 'ros'
[0.718s] Level 1:colcon.colcon_core.package_identification:_identify(.) by extensions ['cmake', 'python']
[0.718s] Level 1:colcon.colcon_core.package_identification:_identify(.) by extension 'cmake'
[0.719s] Level 1:colcon.colcon_core.package_identification:_identify(.) by extension 'python'
[0.719s] Level 1:colcon.colcon_core.package_identification:_identify(.) by extensions ['python_setup_py']
[0.719s] Level 1:colcon.colcon_core.package_identification:_identify(.) by extension 'python_setup_py'
[0.721s] Level 1:colcon.colcon_core.package_identification:_identify(air_lab2) by extensions ['ignore', 'ignore_ament_install']
[0.721s] Level 1:colcon.colcon_core.package_identification:_identify(air_lab2) by extension 'ignore'
[0.721s] Level 1:colcon.colcon_core.package_identification:_identify(air_lab2) by extension 'ignore_ament_install'
[0.722s] Level 1:colcon.colcon_core.package_identification:_identify(air_lab2) by extensions ['colcon_pkg']
[0.722s] Level 1:colcon.colcon_core.package_identification:_identify(air_lab2) by extension 'colcon_pkg'
[0.723s] Level 1:colcon.colcon_core.package_identification:_identify(air_lab2) by extensions ['colcon_meta']
[0.723s] Level 1:colcon.colcon_core.package_identification:_identify(air_lab2) by extension 'colcon_meta'
[0.723s] Level 1:colcon.colcon_core.package_identification:_identify(air_lab2) by extensions ['ros']
[0.723s] Level 1:colcon.colcon_core.package_identification:_identify(air_lab2) by extension 'ros'
[0.730s] DEBUG:colcon.colcon_core.package_identification:Package 'air_lab2' with type 'ros.ament_python' and name 'air_lab2'
[0.730s] Level 1:colcon.colcon_core.package_identification:_identify(air_lab3) by extensions ['ignore', 'ignore_ament_install']
[0.730s] Level 1:colcon.colcon_core.package_identification:_identify(air_lab3) by extension 'ignore'
[0.731s] Level 1:colcon.colcon_core.package_identification:_identify(air_lab3) by extension 'ignore_ament_install'
[0.731s] Level 1:colcon.colcon_core.package_identification:_identify(air_lab3) by extensions ['colcon_pkg']
[0.731s] Level 1:colcon.colcon_core.package_identification:_identify(air_lab3) by extension 'colcon_pkg'
[0.732s] Level 1:colcon.colcon_core.package_identification:_identify(air_lab3) by extensions ['colcon_meta']
[0.732s] Level 1:colcon.colcon_core.package_identification:_identify(air_lab3) by extension 'colcon_meta'
[0.732s] Level 1:colcon.colcon_core.package_identification:_identify(air_lab3) by extensions ['ros']
[0.732s] Level 1:colcon.colcon_core.package_identification:_identify(air_lab3) by extension 'ros'
[0.750s] DEBUG:colcon.colcon_core.package_identification:Package 'air_lab3' with type 'ros.ament_python' and name 'air_lab3'
[0.756s] Level 1:colcon.colcon_core.package_identification:_identify(air_lab5) by extensions ['ignore', 'ignore_ament_install']
[0.756s] Level 1:colcon.colcon_core.package_identification:_identify(air_lab5) by extension 'ignore'
[0.760s] Level 1:colcon.colcon_core.package_identification:_identify(air_lab5) by extension 'ignore_ament_install'
[0.761s] Level 1:colcon.colcon_core.package_identification:_identify(air_lab5) by extensions ['colcon_pkg']
[0.761s] Level 1:colcon.colcon_core.package_identification:_identify(air_lab5) by extension 'colcon_pkg'
[0.761s] Level 1:colcon.colcon_core.package_identification:_identify(air_lab5) by extensions ['colcon_meta']
[0.761s] Level 1:colcon.colcon_core.package_identification:_identify(air_lab5) by extension 'colcon_meta'
[0.761s] Level 1:colcon.colcon_core.package_identification:_identify(air_lab5) by extensions ['ros']
[0.761s] Level 1:colcon.colcon_core.package_identification:_identify(air_lab5) by extension 'ros'
[0.763s] DEBUG:colcon.colcon_core.package_identification:Package 'air_lab5' with type 'ros.ament_python' and name 'air_lab5'
[0.763s] Level 1:colcon.colcon_core.package_identification:_identify(air_lab_common) by extensions ['ignore', 'ignore_ament_install']
[0.764s] Level 1:colcon.colcon_core.package_identification:_identify(air_lab_common) by extension 'ignore'
[0.764s] Level 1:colcon.colcon_core.package_identification:_identify(air_lab_common) by extension 'ignore_ament_install'
[0.765s] Level 1:colcon.colcon_core.package_identification:_identify(air_lab_common) by extensions ['colcon_pkg']
[0.765s] Level 1:colcon.colcon_core.package_identification:_identify(air_lab_common) by extension 'colcon_pkg'
[0.765s] Level 1:colcon.colcon_core.package_identification:_identify(air_lab_common) by extensions ['colcon_meta']
[0.765s] Level 1:colcon.colcon_core.package_identification:_identify(air_lab_common) by extension 'colcon_meta'
[0.765s] Level 1:colcon.colcon_core.package_identification:_identify(air_lab_common) by extensions ['ros']
[0.765s] Level 1:colcon.colcon_core.package_identification:_identify(air_lab_common) by extension 'ros'
[0.787s] DEBUG:colcon.colcon_core.package_identification:Package 'air_lab_common' with type 'ros.ament_python' and name 'air_lab_common'
[0.789s] Level 1:colcon.colcon_core.package_identification:_identify(build) by extensions ['ignore', 'ignore_ament_install']
[0.790s] Level 1:colcon.colcon_core.package_identification:_identify(build) by extension 'ignore'
[0.790s] Level 1:colcon.colcon_core.package_identification:_identify(build) ignored
[0.792s] Level 1:colcon.colcon_core.package_identification:_identify(install) by extensions ['ignore', 'ignore_ament_install']
[0.792s] Level 1:colcon.colcon_core.package_identification:_identify(install) by extension 'ignore'
[0.792s] Level 1:colcon.colcon_core.package_identification:_identify(install) ignored
[0.793s] Level 1:colcon.colcon_core.package_identification:_identify(log) by extensions ['ignore', 'ignore_ament_install']
[0.793s] Level 1:colcon.colcon_core.package_identification:_identify(log) by extension 'ignore'
[0.793s] Level 1:colcon.colcon_core.package_identification:_identify(log) ignored
[0.793s] Level 1:colcon.colcon_core.package_discovery:discover_packages(recursive) using defaults
[0.793s] Level 1:colcon.colcon_core.package_discovery:discover_packages(ignore) discover
[0.793s] Level 1:colcon.colcon_core.package_discovery:discover_packages(ignore) using defaults
[0.793s] Level 1:colcon.colcon_core.package_discovery:discover_packages(path) discover
[0.793s] Level 1:colcon.colcon_core.package_discovery:discover_packages(path) using defaults
[0.861s] Level 1:colcon.colcon_core.package_discovery:discover_packages(prefix_path) check parameters
[0.861s] Level 1:colcon.colcon_core.package_discovery:discover_packages(prefix_path) discover
[0.905s] DEBUG:colcon.colcon_installed_package_information.package_discovery:Found 4 installed packages in /home/matge373/TDDE05/ros2_ws/install
[0.926s] DEBUG:colcon.colcon_installed_package_information.package_discovery:Found 10 installed packages in /courses/TDDE05/software/ros2_ws/install
[0.928s] DEBUG:colcon.colcon_installed_package_information.package_discovery:Found 297 installed packages in /opt/ros/galactic
[0.930s] Level 1:colcon.colcon_core.package_discovery:discover_packages(prefix_path) using defaults
[1.106s] Level 5:colcon.colcon_core.verb:set package 'air_lab2' build argument 'cmake_args' from command line to 'None'
[1.106s] Level 5:colcon.colcon_core.verb:set package 'air_lab2' build argument 'cmake_target' from command line to 'None'
[1.107s] Level 5:colcon.colcon_core.verb:set package 'air_lab2' build argument 'cmake_target_skip_unavailable' from command line to 'False'
[1.107s] Level 5:colcon.colcon_core.verb:set package 'air_lab2' build argument 'cmake_clean_cache' from command line to 'False'
[1.107s] Level 5:colcon.colcon_core.verb:set package 'air_lab2' build argument 'cmake_clean_first' from command line to 'False'
[1.107s] Level 5:colcon.colcon_core.verb:set package 'air_lab2' build argument 'cmake_force_configure' from command line to 'False'
[1.107s] Level 5:colcon.colcon_core.verb:set package 'air_lab2' build argument 'ament_cmake_args' from command line to 'None'
[1.107s] Level 5:colcon.colcon_core.verb:set package 'air_lab2' build argument 'catkin_cmake_args' from command line to 'None'
[1.107s] Level 5:colcon.colcon_core.verb:set package 'air_lab2' build argument 'catkin_skip_building_tests' from command line to 'False'
[1.107s] DEBUG:colcon.colcon_core.verb:Building package 'air_lab2' with the following arguments: {'ament_cmake_args': None, 'build_base': '/home/matge373/TDDE05/ros2_ws/src/labs/build/air_lab2', 'catkin_cmake_args': None, 'catkin_skip_building_tests': False, 'cmake_args': None, 'cmake_clean_cache': False, 'cmake_clean_first': False, 'cmake_force_configure': False, 'cmake_target': None, 'cmake_target_skip_unavailable': False, 'install_base': '/home/matge373/TDDE05/ros2_ws/src/labs/install/air_lab2', 'merge_install': False, 'path': '/home/matge373/TDDE05/ros2_ws/src/labs/air_lab2', 'symlink_install': False, 'test_result_base': None}
[1.109s] Level 5:colcon.colcon_core.verb:set package 'air_lab3' build argument 'cmake_args' from command line to 'None'
[1.109s] Level 5:colcon.colcon_core.verb:set package 'air_lab3' build argument 'cmake_target' from command line to 'None'
[1.109s] Level 5:colcon.colcon_core.verb:set package 'air_lab3' build argument 'cmake_target_skip_unavailable' from command line to 'False'
[1.109s] Level 5:colcon.colcon_core.verb:set package 'air_lab3' build argument 'cmake_clean_cache' from command line to 'False'
[1.109s] Level 5:colcon.colcon_core.verb:set package 'air_lab3' build argument 'cmake_clean_first' from command line to 'False'
[1.109s] Level 5:colcon.colcon_core.verb:set package 'air_lab3' build argument 'cmake_force_configure' from command line to 'False'
[1.109s] Level 5:colcon.colcon_core.verb:set package 'air_lab3' build argument 'ament_cmake_args' from command line to 'None'
[1.109s] Level 5:colcon.colcon_core.verb:set package 'air_lab3' build argument 'catkin_cmake_args' from command line to 'None'
[1.109s] Level 5:colcon.colcon_core.verb:set package 'air_lab3' build argument 'catkin_skip_building_tests' from command line to 'False'
[1.109s] DEBUG:colcon.colcon_core.verb:Building package 'air_lab3' with the following arguments: {'ament_cmake_args': None, 'build_base': '/home/matge373/TDDE05/ros2_ws/src/labs/build/air_lab3', 'catkin_cmake_args': None, 'catkin_skip_building_tests': False, 'cmake_args': None, 'cmake_clean_cache': False, 'cmake_clean_first': False, 'cmake_force_configure': False, 'cmake_target': None, 'cmake_target_skip_unavailable': False, 'install_base': '/home/matge373/TDDE05/ros2_ws/src/labs/install/air_lab3', 'merge_install': False, 'path': '/home/matge373/TDDE05/ros2_ws/src/labs/air_lab3', 'symlink_install': False, 'test_result_base': None}
[1.111s] Level 5:colcon.colcon_core.verb:set package 'air_lab5' build argument 'cmake_args' from command line to 'None'
[1.112s] Level 5:colcon.colcon_core.verb:set package 'air_lab5' build argument 'cmake_target' from command line to 'None'
[1.112s] Level 5:colcon.colcon_core.verb:set package 'air_lab5' build argument 'cmake_target_skip_unavailable' from command line to 'False'
[1.112s] Level 5:colcon.colcon_core.verb:set package 'air_lab5' build argument 'cmake_clean_cache' from command line to 'False'
[1.112s] Level 5:colcon.colcon_core.verb:set package 'air_lab5' build argument 'cmake_clean_first' from command line to 'False'
[1.112s] Level 5:colcon.colcon_core.verb:set package 'air_lab5' build argument 'cmake_force_configure' from command line to 'False'
[1.112s] Level 5:colcon.colcon_core.verb:set package 'air_lab5' build argument 'ament_cmake_args' from command line to 'None'
[1.112s] Level 5:colcon.colcon_core.verb:set package 'air_lab5' build argument 'catkin_cmake_args' from command line to 'None'
[1.112s] Level 5:colcon.colcon_core.verb:set package 'air_lab5' build argument 'catkin_skip_building_tests' from command line to 'False'
[1.112s] DEBUG:colcon.colcon_core.verb:Building package 'air_lab5' with the following arguments: {'ament_cmake_args': None, 'build_base': '/home/matge373/TDDE05/ros2_ws/src/labs/build/air_lab5', 'catkin_cmake_args': None, 'catkin_skip_building_tests': False, 'cmake_args': None, 'cmake_clean_cache': False, 'cmake_clean_first': False, 'cmake_force_configure': False, 'cmake_target': None, 'cmake_target_skip_unavailable': False, 'install_base': '/home/matge373/TDDE05/ros2_ws/src/labs/install/air_lab5', 'merge_install': False, 'path': '/home/matge373/TDDE05/ros2_ws/src/labs/air_lab5', 'symlink_install': False, 'test_result_base': None}
[1.113s] Level 5:colcon.colcon_core.verb:set package 'air_lab_common' build argument 'cmake_args' from command line to 'None'
[1.113s] Level 5:colcon.colcon_core.verb:set package 'air_lab_common' build argument 'cmake_target' from command line to 'None'
[1.113s] Level 5:colcon.colcon_core.verb:set package 'air_lab_common' build argument 'cmake_target_skip_unavailable' from command line to 'False'
[1.113s] Level 5:colcon.colcon_core.verb:set package 'air_lab_common' build argument 'cmake_clean_cache' from command line to 'False'
[1.113s] Level 5:colcon.colcon_core.verb:set package 'air_lab_common' build argument 'cmake_clean_first' from command line to 'False'
[1.113s] Level 5:colcon.colcon_core.verb:set package 'air_lab_common' build argument 'cmake_force_configure' from command line to 'False'
[1.113s] Level 5:colcon.colcon_core.verb:set package 'air_lab_common' build argument 'ament_cmake_args' from command line to 'None'
[1.114s] Level 5:colcon.colcon_core.verb:set package 'air_lab_common' build argument 'catkin_cmake_args' from command line to 'None'
[1.114s] Level 5:colcon.colcon_core.verb:set package 'air_lab_common' build argument 'catkin_skip_building_tests' from command line to 'False'
[1.114s] DEBUG:colcon.colcon_core.verb:Building package 'air_lab_common' with the following arguments: {'ament_cmake_args': None, 'build_base': '/home/matge373/TDDE05/ros2_ws/src/labs/build/air_lab_common', 'catkin_cmake_args': None, 'catkin_skip_building_tests': False, 'cmake_args': None, 'cmake_clean_cache': False, 'cmake_clean_first': False, 'cmake_force_configure': False, 'cmake_target': None, 'cmake_target_skip_unavailable': False, 'install_base': '/home/matge373/TDDE05/ros2_ws/src/labs/install/air_lab_common', 'merge_install': False, 'path': '/home/matge373/TDDE05/ros2_ws/src/labs/air_lab_common', 'symlink_install': False, 'test_result_base': None}
[1.115s] INFO:colcon.colcon_core.executor:Executing jobs using 'parallel' executor
[1.118s] DEBUG:colcon.colcon_parallel_executor.executor.parallel:run_until_complete
[1.119s] INFO:colcon.colcon_ros.task.ament_python.build:Building ROS package in '/home/matge373/TDDE05/ros2_ws/src/labs/air_lab2' with build type 'ament_python'
[1.119s] Level 1:colcon.colcon_core.shell:create_environment_hook('air_lab2', 'ament_prefix_path')
[1.130s] INFO:colcon.colcon_core.plugin_system:Skipping extension 'colcon_core.shell.bat': Not used on non-Windows systems
[1.130s] INFO:colcon.colcon_core.shell:Creating environment hook '/home/matge373/TDDE05/ros2_ws/src/labs/install/air_lab2/share/air_lab2/hook/ament_prefix_path.ps1'
[1.137s] INFO:colcon.colcon_core.shell:Creating environment descriptor '/home/matge373/TDDE05/ros2_ws/src/labs/install/air_lab2/share/air_lab2/hook/ament_prefix_path.dsv'
[1.140s] INFO:colcon.colcon_core.shell:Creating environment hook '/home/matge373/TDDE05/ros2_ws/src/labs/install/air_lab2/share/air_lab2/hook/ament_prefix_path.sh'
[1.146s] INFO:colcon.colcon_core.shell:Skip shell extension 'powershell' for command environment: Not usable outside of PowerShell
[1.146s] DEBUG:colcon.colcon_core.shell:Skip shell extension 'dsv' for command environment
[1.191s] INFO:colcon.colcon_ros.task.ament_python.build:Building ROS package in '/home/matge373/TDDE05/ros2_ws/src/labs/air_lab3' with build type 'ament_python'
[1.192s] Level 1:colcon.colcon_core.shell:create_environment_hook('air_lab3', 'ament_prefix_path')
[1.194s] INFO:colcon.colcon_core.shell:Creating environment hook '/home/matge373/TDDE05/ros2_ws/src/labs/install/air_lab3/share/air_lab3/hook/ament_prefix_path.ps1'
[1.203s] INFO:colcon.colcon_core.shell:Creating environment descriptor '/home/matge373/TDDE05/ros2_ws/src/labs/install/air_lab3/share/air_lab3/hook/ament_prefix_path.dsv'
[1.213s] INFO:colcon.colcon_core.shell:Creating environment hook '/home/matge373/TDDE05/ros2_ws/src/labs/install/air_lab3/share/air_lab3/hook/ament_prefix_path.sh'
[1.216s] INFO:colcon.colcon_core.shell:Skip shell extension 'powershell' for command environment: Not usable outside of PowerShell
[1.217s] DEBUG:colcon.colcon_core.shell:Skip shell extension 'dsv' for command environment
[1.263s] INFO:colcon.colcon_ros.task.ament_python.build:Building ROS package in '/home/matge373/TDDE05/ros2_ws/src/labs/air_lab5' with build type 'ament_python'
[1.264s] Level 1:colcon.colcon_core.shell:create_environment_hook('air_lab5', 'ament_prefix_path')
[1.266s] INFO:colcon.colcon_core.shell:Creating environment hook '/home/matge373/TDDE05/ros2_ws/src/labs/install/air_lab5/share/air_lab5/hook/ament_prefix_path.ps1'
[1.274s] INFO:colcon.colcon_core.shell:Creating environment descriptor '/home/matge373/TDDE05/ros2_ws/src/labs/install/air_lab5/share/air_lab5/hook/ament_prefix_path.dsv'
[1.277s] INFO:colcon.colcon_core.shell:Creating environment hook '/home/matge373/TDDE05/ros2_ws/src/labs/install/air_lab5/share/air_lab5/hook/ament_prefix_path.sh'
[1.281s] INFO:colcon.colcon_core.shell:Skip shell extension 'powershell' for command environment: Not usable outside of PowerShell
[1.281s] DEBUG:colcon.colcon_core.shell:Skip shell extension 'dsv' for command environment
[1.317s] INFO:colcon.colcon_ros.task.ament_python.build:Building ROS package in '/home/matge373/TDDE05/ros2_ws/src/labs/air_lab_common' with build type 'ament_python'
[1.317s] Level 1:colcon.colcon_core.shell:create_environment_hook('air_lab_common', 'ament_prefix_path')
[1.320s] INFO:colcon.colcon_core.shell:Creating environment hook '/home/matge373/TDDE05/ros2_ws/src/labs/install/air_lab_common/share/air_lab_common/hook/ament_prefix_path.ps1'
[1.332s] INFO:colcon.colcon_core.shell:Creating environment descriptor '/home/matge373/TDDE05/ros2_ws/src/labs/install/air_lab_common/share/air_lab_common/hook/ament_prefix_path.dsv'
[1.344s] INFO:colcon.colcon_core.shell:Creating environment hook '/home/matge373/TDDE05/ros2_ws/src/labs/install/air_lab_common/share/air_lab_common/hook/ament_prefix_path.sh'
[1.348s] INFO:colcon.colcon_core.shell:Skip shell extension 'powershell' for command environment: Not usable outside of PowerShell
[1.348s] DEBUG:colcon.colcon_core.shell:Skip shell extension 'dsv' for command environment
[1.818s] INFO:colcon.colcon_core.task.python.build:Building Python package in '/home/matge373/TDDE05/ros2_ws/src/labs/air_lab2'
[1.820s] INFO:colcon.colcon_core.shell:Skip shell extension 'powershell' for command environment: Not usable outside of PowerShell
[1.820s] DEBUG:colcon.colcon_core.shell:Skip shell extension 'dsv' for command environment
[2.291s] INFO:colcon.colcon_core.task.python.build:Building Python package in '/home/matge373/TDDE05/ros2_ws/src/labs/air_lab3'
[2.293s] INFO:colcon.colcon_core.shell:Skip shell extension 'powershell' for command environment: Not usable outside of PowerShell
[2.293s] DEBUG:colcon.colcon_core.shell:Skip shell extension 'dsv' for command environment
[2.778s] INFO:colcon.colcon_core.task.python.build:Building Python package in '/home/matge373/TDDE05/ros2_ws/src/labs/air_lab5'
[2.781s] INFO:colcon.colcon_core.shell:Skip shell extension 'powershell' for command environment: Not usable outside of PowerShell
[2.781s] DEBUG:colcon.colcon_core.shell:Skip shell extension 'dsv' for command environment
[3.249s] INFO:colcon.colcon_core.task.python.build:Building Python package in '/home/matge373/TDDE05/ros2_ws/src/labs/air_lab_common'
[3.252s] INFO:colcon.colcon_core.shell:Skip shell extension 'powershell' for command environment: Not usable outside of PowerShell
[3.252s] DEBUG:colcon.colcon_core.shell:Skip shell extension 'dsv' for command environment
[4.782s] DEBUG:colcon.colcon_core.event_handler.log_command:Invoking command in '/home/matge373/TDDE05/ros2_ws/src/labs/air_lab3': PYTHONPATH=/home/matge373/TDDE05/ros2_ws/src/labs/build/air_lab3/prefix_override:/home/matge373/TDDE05/ros2_ws/src/labs/install/air_lab3/lib/python3.8/site-packages:${PYTHONPATH} /usr/bin/python3 setup.py egg_info --egg-base ../build/air_lab3 build --build-base /home/matge373/TDDE05/ros2_ws/src/labs/build/air_lab3/build install --record /home/matge373/TDDE05/ros2_ws/src/labs/build/air_lab3/install.log --single-version-externally-managed
[4.827s] DEBUG:colcon.colcon_core.event_handler.log_command:Invoking command in '/home/matge373/TDDE05/ros2_ws/src/labs/air_lab_common': PYTHONPATH=/home/matge373/TDDE05/ros2_ws/src/labs/build/air_lab_common/prefix_override:/home/matge373/TDDE05/ros2_ws/src/labs/install/air_lab_common/lib/python3.8/site-packages:${PYTHONPATH} /usr/bin/python3 setup.py egg_info --egg-base ../build/air_lab_common build --build-base /home/matge373/TDDE05/ros2_ws/src/labs/build/air_lab_common/build install --record /home/matge373/TDDE05/ros2_ws/src/labs/build/air_lab_common/install.log --single-version-externally-managed
[4.865s] DEBUG:colcon.colcon_core.event_handler.log_command:Invoking command in '/home/matge373/TDDE05/ros2_ws/src/labs/air_lab2': PYTHONPATH=/home/matge373/TDDE05/ros2_ws/src/labs/build/air_lab2/prefix_override:/home/matge373/TDDE05/ros2_ws/src/labs/install/air_lab2/lib/python3.8/site-packages:${PYTHONPATH} /usr/bin/python3 setup.py egg_info --egg-base ../build/air_lab2 build --build-base /home/matge373/TDDE05/ros2_ws/src/labs/build/air_lab2/build install --record /home/matge373/TDDE05/ros2_ws/src/labs/build/air_lab2/install.log --single-version-externally-managed
[4.879s] DEBUG:colcon.colcon_core.event_handler.log_command:Invoking command in '/home/matge373/TDDE05/ros2_ws/src/labs/air_lab5': PYTHONPATH=/home/matge373/TDDE05/ros2_ws/src/labs/build/air_lab5/prefix_override:/home/matge373/TDDE05/ros2_ws/src/labs/install/air_lab5/lib/python3.8/site-packages:${PYTHONPATH} /usr/bin/python3 setup.py egg_info --egg-base ../build/air_lab5 build --build-base /home/matge373/TDDE05/ros2_ws/src/labs/build/air_lab5/build install --record /home/matge373/TDDE05/ros2_ws/src/labs/build/air_lab5/install.log --single-version-externally-managed
[8.011s] DEBUG:colcon.colcon_core.event_handler.log_command:Invoked command in '/home/matge373/TDDE05/ros2_ws/src/labs/air_lab_common' returned '0': PYTHONPATH=/home/matge373/TDDE05/ros2_ws/src/labs/build/air_lab_common/prefix_override:/home/matge373/TDDE05/ros2_ws/src/labs/install/air_lab_common/lib/python3.8/site-packages:${PYTHONPATH} /usr/bin/python3 setup.py egg_info --egg-base ../build/air_lab_common build --build-base /home/matge373/TDDE05/ros2_ws/src/labs/build/air_lab_common/build install --record /home/matge373/TDDE05/ros2_ws/src/labs/build/air_lab_common/install.log --single-version-externally-managed
[8.039s] Level 1:colcon.colcon_core.environment:checking '/home/matge373/TDDE05/ros2_ws/src/labs/install/air_lab_common' for CMake module files
[8.043s] Level 1:colcon.colcon_core.environment:checking '/home/matge373/TDDE05/ros2_ws/src/labs/install/air_lab_common' for CMake config files
[8.061s] Level 1:colcon.colcon_core.environment:checking '/home/matge373/TDDE05/ros2_ws/src/labs/install/air_lab_common/lib'
[8.062s] Level 1:colcon.colcon_core.environment:checking '/home/matge373/TDDE05/ros2_ws/src/labs/install/air_lab_common/bin'
[8.062s] Level 1:colcon.colcon_core.environment:checking '/home/matge373/TDDE05/ros2_ws/src/labs/install/air_lab_common/lib/pkgconfig/air_lab_common.pc'
[8.063s] Level 1:colcon.colcon_core.environment:checking '/home/matge373/TDDE05/ros2_ws/src/labs/install/air_lab_common/lib/python3.8/site-packages'
[8.063s] Level 1:colcon.colcon_core.shell:create_environment_hook('air_lab_common', 'pythonpath')
[8.064s] INFO:colcon.colcon_core.shell:Creating environment hook '/home/matge373/TDDE05/ros2_ws/src/labs/install/air_lab_common/share/air_lab_common/hook/pythonpath.ps1'
[8.067s] INFO:colcon.colcon_core.shell:Creating environment descriptor '/home/matge373/TDDE05/ros2_ws/src/labs/install/air_lab_common/share/air_lab_common/hook/pythonpath.dsv'
[8.070s] INFO:colcon.colcon_core.shell:Creating environment hook '/home/matge373/TDDE05/ros2_ws/src/labs/install/air_lab_common/share/air_lab_common/hook/pythonpath.sh'
[8.072s] Level 1:colcon.colcon_core.environment:checking '/home/matge373/TDDE05/ros2_ws/src/labs/install/air_lab_common/bin'
[8.072s] Level 1:colcon.colcon_core.environment:create_environment_scripts_only(air_lab_common)
[8.075s] INFO:colcon.colcon_core.shell:Creating package script '/home/matge373/TDDE05/ros2_ws/src/labs/install/air_lab_common/share/air_lab_common/package.ps1'
[8.080s] INFO:colcon.colcon_core.shell:Creating package descriptor '/home/matge373/TDDE05/ros2_ws/src/labs/install/air_lab_common/share/air_lab_common/package.dsv'
[8.088s] INFO:colcon.colcon_core.shell:Creating package script '/home/matge373/TDDE05/ros2_ws/src/labs/install/air_lab_common/share/air_lab_common/package.sh'
[8.093s] INFO:colcon.colcon_core.shell:Creating package script '/home/matge373/TDDE05/ros2_ws/src/labs/install/air_lab_common/share/air_lab_common/package.bash'
[8.102s] INFO:colcon.colcon_core.shell:Creating package script '/home/matge373/TDDE05/ros2_ws/src/labs/install/air_lab_common/share/air_lab_common/package.zsh'
[8.108s] Level 1:colcon.colcon_core.environment:create_file_with_runtime_dependencies(/home/matge373/TDDE05/ros2_ws/src/labs/install/air_lab_common/share/colcon-core/packages/air_lab_common)
[8.117s] Level 1:colcon.colcon_core.environment:checking '/home/matge373/TDDE05/ros2_ws/src/labs/install/air_lab5' for CMake module files
[8.123s] DEBUG:colcon.colcon_core.event_handler.log_command:Invoked command in '/home/matge373/TDDE05/ros2_ws/src/labs/air_lab5' returned '0': PYTHONPATH=/home/matge373/TDDE05/ros2_ws/src/labs/build/air_lab5/prefix_override:/home/matge373/TDDE05/ros2_ws/src/labs/install/air_lab5/lib/python3.8/site-packages:${PYTHONPATH} /usr/bin/python3 setup.py egg_info --egg-base ../build/air_lab5 build --build-base /home/matge373/TDDE05/ros2_ws/src/labs/build/air_lab5/build install --record /home/matge373/TDDE05/ros2_ws/src/labs/build/air_lab5/install.log --single-version-externally-managed
[8.131s] Level 1:colcon.colcon_core.environment:checking '/home/matge373/TDDE05/ros2_ws/src/labs/install/air_lab5' for CMake config files
[8.147s] Level 1:colcon.colcon_core.environment:checking '/home/matge373/TDDE05/ros2_ws/src/labs/install/air_lab5/lib'
[8.148s] Level 1:colcon.colcon_core.environment:checking '/home/matge373/TDDE05/ros2_ws/src/labs/install/air_lab5/bin'
[8.150s] Level 1:colcon.colcon_core.environment:checking '/home/matge373/TDDE05/ros2_ws/src/labs/install/air_lab5/lib/pkgconfig/air_lab5.pc'
[8.152s] Level 1:colcon.colcon_core.environment:checking '/home/matge373/TDDE05/ros2_ws/src/labs/install/air_lab5/lib/python3.8/site-packages'
[8.153s] Level 1:colcon.colcon_core.shell:create_environment_hook('air_lab5', 'pythonpath')
[8.155s] INFO:colcon.colcon_core.shell:Creating environment hook '/home/matge373/TDDE05/ros2_ws/src/labs/install/air_lab5/share/air_lab5/hook/pythonpath.ps1'
[8.158s] INFO:colcon.colcon_core.shell:Creating environment descriptor '/home/matge373/TDDE05/ros2_ws/src/labs/install/air_lab5/share/air_lab5/hook/pythonpath.dsv'
[8.160s] INFO:colcon.colcon_core.shell:Creating environment hook '/home/matge373/TDDE05/ros2_ws/src/labs/install/air_lab5/share/air_lab5/hook/pythonpath.sh'
[8.163s] Level 1:colcon.colcon_core.environment:checking '/home/matge373/TDDE05/ros2_ws/src/labs/install/air_lab5/bin'
[8.163s] Level 1:colcon.colcon_core.environment:create_environment_scripts_only(air_lab5)
[8.165s] INFO:colcon.colcon_core.shell:Creating package script '/home/matge373/TDDE05/ros2_ws/src/labs/install/air_lab5/share/air_lab5/package.ps1'
[8.169s] INFO:colcon.colcon_core.shell:Creating package descriptor '/home/matge373/TDDE05/ros2_ws/src/labs/install/air_lab5/share/air_lab5/package.dsv'
[8.171s] INFO:colcon.colcon_core.shell:Creating package script '/home/matge373/TDDE05/ros2_ws/src/labs/install/air_lab5/share/air_lab5/package.sh'
[8.174s] INFO:colcon.colcon_core.shell:Creating package script '/home/matge373/TDDE05/ros2_ws/src/labs/install/air_lab5/share/air_lab5/package.bash'
[8.177s] INFO:colcon.colcon_core.shell:Creating package script '/home/matge373/TDDE05/ros2_ws/src/labs/install/air_lab5/share/air_lab5/package.zsh'
[8.185s] Level 1:colcon.colcon_core.environment:create_file_with_runtime_dependencies(/home/matge373/TDDE05/ros2_ws/src/labs/install/air_lab5/share/colcon-core/packages/air_lab5)
[8.251s] Level 1:colcon.colcon_core.environment:checking '/home/matge373/TDDE05/ros2_ws/src/labs/install/air_lab2' for CMake module files
[8.252s] DEBUG:colcon.colcon_core.event_handler.log_command:Invoked command in '/home/matge373/TDDE05/ros2_ws/src/labs/air_lab2' returned '0': PYTHONPATH=/home/matge373/TDDE05/ros2_ws/src/labs/build/air_lab2/prefix_override:/home/matge373/TDDE05/ros2_ws/src/labs/install/air_lab2/lib/python3.8/site-packages:${PYTHONPATH} /usr/bin/python3 setup.py egg_info --egg-base ../build/air_lab2 build --build-base /home/matge373/TDDE05/ros2_ws/src/labs/build/air_lab2/build install --record /home/matge373/TDDE05/ros2_ws/src/labs/build/air_lab2/install.log --single-version-externally-managed
[8.257s] Level 1:colcon.colcon_core.environment:checking '/home/matge373/TDDE05/ros2_ws/src/labs/install/air_lab2' for CMake config files
[8.282s] Level 1:colcon.colcon_core.environment:checking '/home/matge373/TDDE05/ros2_ws/src/labs/install/air_lab2/lib'
[8.283s] Level 1:colcon.colcon_core.environment:checking '/home/matge373/TDDE05/ros2_ws/src/labs/install/air_lab2/bin'
[8.283s] Level 1:colcon.colcon_core.environment:checking '/home/matge373/TDDE05/ros2_ws/src/labs/install/air_lab2/lib/pkgconfig/air_lab2.pc'
[8.284s] Level 1:colcon.colcon_core.environment:checking '/home/matge373/TDDE05/ros2_ws/src/labs/install/air_lab2/lib/python3.8/site-packages'
[8.284s] Level 1:colcon.colcon_core.shell:create_environment_hook('air_lab2', 'pythonpath')
[8.286s] INFO:colcon.colcon_core.shell:Creating environment hook '/home/matge373/TDDE05/ros2_ws/src/labs/install/air_lab2/share/air_lab2/hook/pythonpath.ps1'
[8.289s] INFO:colcon.colcon_core.shell:Creating environment descriptor '/home/matge373/TDDE05/ros2_ws/src/labs/install/air_lab2/share/air_lab2/hook/pythonpath.dsv'
[8.291s] INFO:colcon.colcon_core.shell:Creating environment hook '/home/matge373/TDDE05/ros2_ws/src/labs/install/air_lab2/share/air_lab2/hook/pythonpath.sh'
[8.293s] Level 1:colcon.colcon_core.environment:checking '/home/matge373/TDDE05/ros2_ws/src/labs/install/air_lab2/bin'
[8.293s] Level 1:colcon.colcon_core.environment:create_environment_scripts_only(air_lab2)
[8.296s] INFO:colcon.colcon_core.shell:Creating package script '/home/matge373/TDDE05/ros2_ws/src/labs/install/air_lab2/share/air_lab2/package.ps1'
[8.299s] INFO:colcon.colcon_core.shell:Creating package descriptor '/home/matge373/TDDE05/ros2_ws/src/labs/install/air_lab2/share/air_lab2/package.dsv'
[8.308s] INFO:colcon.colcon_core.shell:Creating package script '/home/matge373/TDDE05/ros2_ws/src/labs/install/air_lab2/share/air_lab2/package.sh'
[8.314s] INFO:colcon.colcon_core.shell:Creating package script '/home/matge373/TDDE05/ros2_ws/src/labs/install/air_lab2/share/air_lab2/package.bash'
[8.317s] INFO:colcon.colcon_core.shell:Creating package script '/home/matge373/TDDE05/ros2_ws/src/labs/install/air_lab2/share/air_lab2/package.zsh'
[8.319s] Level 1:colcon.colcon_core.environment:create_file_with_runtime_dependencies(/home/matge373/TDDE05/ros2_ws/src/labs/install/air_lab2/share/colcon-core/packages/air_lab2)
[8.325s] Level 1:colcon.colcon_core.environment:checking '/home/matge373/TDDE05/ros2_ws/src/labs/install/air_lab3' for CMake module files
[8.330s] Level 1:colcon.colcon_core.environment:checking '/home/matge373/TDDE05/ros2_ws/src/labs/install/air_lab3' for CMake config files
[8.331s] DEBUG:colcon.colcon_core.event_handler.log_command:Invoked command in '/home/matge373/TDDE05/ros2_ws/src/labs/air_lab3' returned '0': PYTHONPATH=/home/matge373/TDDE05/ros2_ws/src/labs/build/air_lab3/prefix_override:/home/matge373/TDDE05/ros2_ws/src/labs/install/air_lab3/lib/python3.8/site-packages:${PYTHONPATH} /usr/bin/python3 setup.py egg_info --egg-base ../build/air_lab3 build --build-base /home/matge373/TDDE05/ros2_ws/src/labs/build/air_lab3/build install --record /home/matge373/TDDE05/ros2_ws/src/labs/build/air_lab3/install.log --single-version-externally-managed
[8.344s] Level 1:colcon.colcon_core.environment:checking '/home/matge373/TDDE05/ros2_ws/src/labs/install/air_lab3/lib'
[8.345s] Level 1:colcon.colcon_core.environment:checking '/home/matge373/TDDE05/ros2_ws/src/labs/install/air_lab3/bin'
[8.345s] Level 1:colcon.colcon_core.environment:checking '/home/matge373/TDDE05/ros2_ws/src/labs/install/air_lab3/lib/pkgconfig/air_lab3.pc'
[8.346s] Level 1:colcon.colcon_core.environment:checking '/home/matge373/TDDE05/ros2_ws/src/labs/install/air_lab3/lib/python3.8/site-packages'
[8.346s] Level 1:colcon.colcon_core.shell:create_environment_hook('air_lab3', 'pythonpath')
[8.348s] INFO:colcon.colcon_core.shell:Creating environment hook '/home/matge373/TDDE05/ros2_ws/src/labs/install/air_lab3/share/air_lab3/hook/pythonpath.ps1'
[8.351s] INFO:colcon.colcon_core.shell:Creating environment descriptor '/home/matge373/TDDE05/ros2_ws/src/labs/install/air_lab3/share/air_lab3/hook/pythonpath.dsv'
[8.353s] INFO:colcon.colcon_core.shell:Creating environment hook '/home/matge373/TDDE05/ros2_ws/src/labs/install/air_lab3/share/air_lab3/hook/pythonpath.sh'
[8.356s] Level 1:colcon.colcon_core.environment:checking '/home/matge373/TDDE05/ros2_ws/src/labs/install/air_lab3/bin'
[8.356s] Level 1:colcon.colcon_core.environment:create_environment_scripts_only(air_lab3)
[8.359s] INFO:colcon.colcon_core.shell:Creating package script '/home/matge373/TDDE05/ros2_ws/src/labs/install/air_lab3/share/air_lab3/package.ps1'
[8.362s] INFO:colcon.colcon_core.shell:Creating package descriptor '/home/matge373/TDDE05/ros2_ws/src/labs/install/air_lab3/share/air_lab3/package.dsv'
[8.364s] INFO:colcon.colcon_core.shell:Creating package script '/home/matge373/TDDE05/ros2_ws/src/labs/install/air_lab3/share/air_lab3/package.sh'
[8.367s] INFO:colcon.colcon_core.shell:Creating package script '/home/matge373/TDDE05/ros2_ws/src/labs/install/air_lab3/share/air_lab3/package.bash'
[8.371s] INFO:colcon.colcon_core.shell:Creating package script '/home/matge373/TDDE05/ros2_ws/src/labs/install/air_lab3/share/air_lab3/package.zsh'
[8.375s] Level 1:colcon.colcon_core.environment:create_file_with_runtime_dependencies(/home/matge373/TDDE05/ros2_ws/src/labs/install/air_lab3/share/colcon-core/packages/air_lab3)
[8.379s] DEBUG:colcon.colcon_parallel_executor.executor.parallel:closing loop
[8.379s] DEBUG:colcon.colcon_parallel_executor.executor.parallel:loop closed
[8.379s] DEBUG:colcon.colcon_parallel_executor.executor.parallel:run_until_complete finished with '0'
[8.379s] DEBUG:colcon.colcon_core.event_reactor:joining thread
[8.396s] INFO:colcon.colcon_core.plugin_system:Skipping extension 'colcon_notification.desktop_notification.terminal_notifier': Not used on non-Darwin systems
[8.396s] INFO:colcon.colcon_core.plugin_system:Skipping extension 'colcon_notification.desktop_notification.win32': Not used on non-Windows systems
[8.396s] INFO:colcon.colcon_notification.desktop_notification:Sending desktop notification using 'notify2'
[8.398s] DEBUG:colcon.colcon_notification.desktop_notification.notify2:Failed to initialize notify2: org.freedesktop.systemd1.UnitMasked: Unit dunst.service is masked.
[8.398s] DEBUG:colcon.colcon_core.event_reactor:joined thread
[8.402s] INFO:colcon.colcon_core.shell:Creating prefix script '/home/matge373/TDDE05/ros2_ws/src/labs/install/local_setup.ps1'
[8.406s] INFO:colcon.colcon_core.shell:Creating prefix util module '/home/matge373/TDDE05/ros2_ws/src/labs/install/_local_setup_util_ps1.py'
[8.412s] INFO:colcon.colcon_core.shell:Creating prefix chain script '/home/matge373/TDDE05/ros2_ws/src/labs/install/setup.ps1'
[8.431s] INFO:colcon.colcon_core.shell:Creating prefix script '/home/matge373/TDDE05/ros2_ws/src/labs/install/local_setup.sh'
[8.435s] INFO:colcon.colcon_core.shell:Creating prefix util module '/home/matge373/TDDE05/ros2_ws/src/labs/install/_local_setup_util_sh.py'
[8.438s] INFO:colcon.colcon_core.shell:Creating prefix chain script '/home/matge373/TDDE05/ros2_ws/src/labs/install/setup.sh'
[8.458s] INFO:colcon.colcon_core.shell:Creating prefix script '/home/matge373/TDDE05/ros2_ws/src/labs/install/local_setup.bash'
[8.461s] INFO:colcon.colcon_core.shell:Creating prefix chain script '/home/matge373/TDDE05/ros2_ws/src/labs/install/setup.bash'
[8.479s] INFO:colcon.colcon_core.shell:Creating prefix script '/home/matge373/TDDE05/ros2_ws/src/labs/install/local_setup.zsh'
[8.482s] INFO:colcon.colcon_core.shell:Creating prefix chain script '/home/matge373/TDDE05/ros2_ws/src/labs/install/setup.zsh'
