running egg_info
creating ../build/air_lab_common/air_lab_common.egg-info
writing ../build/air_lab_common/air_lab_common.egg-info/PKG-INFO
writing dependency_links to ../build/air_lab_common/air_lab_common.egg-info/dependency_links.txt
writing entry points to ../build/air_lab_common/air_lab_common.egg-info/entry_points.txt
writing requirements to ../build/air_lab_common/air_lab_common.egg-info/requires.txt
writing top-level names to ../build/air_lab_common/air_lab_common.egg-info/top_level.txt
writing manifest file '../build/air_lab_common/air_lab_common.egg-info/SOURCES.txt'
writing manifest file '../build/air_lab_common/air_lab_common.egg-info/SOURCES.txt'
running build
running build_py
creating /home/matge373/TDDE05/ros2_ws/src/labs/build/air_lab_common/build
creating /home/matge373/TDDE05/ros2_ws/src/labs/build/air_lab_common/build/lib
creating /home/matge373/TDDE05/ros2_ws/src/labs/build/air_lab_common/build/lib/air_lab_common
copying air_lab_common/__init__.py -> /home/matge373/TDDE05/ros2_ws/src/labs/build/air_lab_common/build/lib/air_lab_common
running install
running install_lib
creating /home/matge373/TDDE05/ros2_ws/src/labs/install/air_lab_common/lib/python3.8/site-packages/air_lab_common
copying /home/matge373/TDDE05/ros2_ws/src/labs/build/air_lab_common/build/lib/air_lab_common/__init__.py -> /home/matge373/TDDE05/ros2_ws/src/labs/install/air_lab_common/lib/python3.8/site-packages/air_lab_common
byte-compiling /home/matge373/TDDE05/ros2_ws/src/labs/install/air_lab_common/lib/python3.8/site-packages/air_lab_common/__init__.py to __init__.cpython-38.pyc
running install_data
creating /home/matge373/TDDE05/ros2_ws/src/labs/install/air_lab_common/share/ament_index
creating /home/matge373/TDDE05/ros2_ws/src/labs/install/air_lab_common/share/ament_index/resource_index
creating /home/matge373/TDDE05/ros2_ws/src/labs/install/air_lab_common/share/ament_index/resource_index/packages
copying resource/air_lab_common -> /home/matge373/TDDE05/ros2_ws/src/labs/install/air_lab_common/share/ament_index/resource_index/packages
copying package.xml -> /home/matge373/TDDE05/ros2_ws/src/labs/install/air_lab_common/share/air_lab_common
creating /home/matge373/TDDE05/ros2_ws/src/labs/install/air_lab_common/share/air_lab_common/screen
copying screen/screen.tdde05 -> /home/matge373/TDDE05/ros2_ws/src/labs/install/air_lab_common/share/air_lab_common/screen
running install_egg_info
Copying ../build/air_lab_common/air_lab_common.egg-info to /home/matge373/TDDE05/ros2_ws/src/labs/install/air_lab_common/lib/python3.8/site-packages/air_lab_common-0.0.0-py3.8.egg-info
running install_scripts
writing list of installed files to '/home/matge373/TDDE05/ros2_ws/src/labs/build/air_lab_common/install.log'
