[0.287s] DEBUG:colcon:Command line arguments: ['/bin/colcon', 'build']
[0.287s] DEBUG:colcon:Parsed command line arguments: Namespace(allow_overriding=[], ament_cmake_args=None, base_paths=['.'], build_base='build', catkin_cmake_args=None, catkin_skip_building_tests=False, cmake_args=None, cmake_clean_cache=False, cmake_clean_first=False, cmake_force_configure=False, cmake_target=None, cmake_target_skip_unavailable=False, continue_on_error=False, event_handlers=None, executor='parallel', ignore_user_meta=False, install_base='install', log_base=None, log_level=None, main=<bound method BuildVerb.main of <colcon_core.verb.build.BuildVerb object at 0x7f33d5a96760>>, merge_install=False, metas=['./colcon.meta'], packages_above=None, packages_above_and_dependencies=None, packages_above_depth=None, packages_end=None, packages_ignore=None, packages_ignore_regex=None, packages_select=None, packages_select_build_failed=False, packages_select_by_dep=None, packages_select_regex=None, packages_select_test_failures=False, packages_skip=None, packages_skip_build_finished=False, packages_skip_by_dep=None, packages_skip_regex=None, packages_skip_test_passed=False, packages_skip_up_to=None, packages_start=None, packages_up_to=None, packages_up_to_regex=None, parallel_workers=20, paths=None, symlink_install=False, test_result_base=None, verb_extension=<colcon_core.verb.build.BuildVerb object at 0x7f33d5a96760>, verb_name='build', verb_parser=<colcon_defaults.argument_parser.defaults.DefaultArgumentsDecorator object at 0x7f33d5a96cd0>)
[0.334s] Level 1:colcon.colcon_core.package_discovery:discover_packages(colcon_meta) check parameters
[0.335s] Level 1:colcon.colcon_core.package_discovery:discover_packages(recursive) check parameters
[0.336s] Level 1:colcon.colcon_core.package_discovery:discover_packages(ignore) check parameters
[0.336s] Level 1:colcon.colcon_core.package_discovery:discover_packages(path) check parameters
[0.336s] Level 1:colcon.colcon_core.package_discovery:discover_packages(colcon_meta) discover
[0.336s] Level 1:colcon.colcon_core.package_discovery:discover_packages(recursive) discover
[0.336s] INFO:colcon.colcon_core.package_discovery:Crawling recursively for packages in '/home/antel460/TDDE05/ros2_ws/src/labs/air_lab2'
[0.337s] Level 1:colcon.colcon_core.package_identification:_identify(.) by extensions ['ignore', 'ignore_ament_install']
[0.338s] Level 1:colcon.colcon_core.package_identification:_identify(.) by extension 'ignore'
[0.338s] Level 1:colcon.colcon_core.package_identification:_identify(.) by extension 'ignore_ament_install'
[0.338s] Level 1:colcon.colcon_core.package_identification:_identify(.) by extensions ['colcon_pkg']
[0.338s] Level 1:colcon.colcon_core.package_identification:_identify(.) by extension 'colcon_pkg'
[0.338s] Level 1:colcon.colcon_core.package_identification:_identify(.) by extensions ['colcon_meta']
[0.338s] Level 1:colcon.colcon_core.package_identification:_identify(.) by extension 'colcon_meta'
[0.338s] Level 1:colcon.colcon_core.package_identification:_identify(.) by extensions ['ros']
[0.338s] Level 1:colcon.colcon_core.package_identification:_identify(.) by extension 'ros'
[0.384s] DEBUG:colcon.colcon_core.package_identification:Package '.' with type 'ros.ament_python' and name 'air_lab2'
[0.384s] Level 1:colcon.colcon_core.package_discovery:discover_packages(recursive) using defaults
[0.385s] Level 1:colcon.colcon_core.package_discovery:discover_packages(ignore) discover
[0.385s] Level 1:colcon.colcon_core.package_discovery:discover_packages(ignore) using defaults
[0.385s] Level 1:colcon.colcon_core.package_discovery:discover_packages(path) discover
[0.385s] Level 1:colcon.colcon_core.package_discovery:discover_packages(path) using defaults
[0.423s] Level 1:colcon.colcon_core.package_discovery:discover_packages(prefix_path) check parameters
[0.424s] Level 1:colcon.colcon_core.package_discovery:discover_packages(prefix_path) discover
[0.436s] WARNING:colcon.colcon_ros.prefix_path.catkin:The path '/courses/TDDE05/software/extra/mongo/inst/' in the environment variable CMAKE_PREFIX_PATH doesn't exist
[0.437s] WARNING:colcon.colcon_ros.prefix_path.catkin:The path '/courses/TDDE05/software/extra/bullet/inst/' in the environment variable CMAKE_PREFIX_PATH doesn't exist
[0.445s] DEBUG:colcon.colcon_installed_package_information.package_discovery:Found 1 installed packages in /home/antel460/TDDE05/ros2_ws/src/labs/air_lab2/install
[0.454s] DEBUG:colcon.colcon_installed_package_information.package_discovery:Found 2 installed packages in /home/antel460/TDDE05/ros2_ws/install
[0.468s] DEBUG:colcon.colcon_installed_package_information.package_discovery:Found 5 installed packages in /courses/TDDE05/software/ros2_ws/install
[0.471s] DEBUG:colcon.colcon_installed_package_information.package_discovery:Found 297 installed packages in /opt/ros/galactic
[0.474s] Level 1:colcon.colcon_core.package_discovery:discover_packages(prefix_path) using defaults
[0.595s] Level 5:colcon.colcon_core.verb:set package 'air_lab2' build argument 'cmake_args' from command line to 'None'
[0.595s] Level 5:colcon.colcon_core.verb:set package 'air_lab2' build argument 'cmake_target' from command line to 'None'
[0.596s] Level 5:colcon.colcon_core.verb:set package 'air_lab2' build argument 'cmake_target_skip_unavailable' from command line to 'False'
[0.596s] Level 5:colcon.colcon_core.verb:set package 'air_lab2' build argument 'cmake_clean_cache' from command line to 'False'
[0.596s] Level 5:colcon.colcon_core.verb:set package 'air_lab2' build argument 'cmake_clean_first' from command line to 'False'
[0.596s] Level 5:colcon.colcon_core.verb:set package 'air_lab2' build argument 'cmake_force_configure' from command line to 'False'
[0.596s] Level 5:colcon.colcon_core.verb:set package 'air_lab2' build argument 'ament_cmake_args' from command line to 'None'
[0.596s] Level 5:colcon.colcon_core.verb:set package 'air_lab2' build argument 'catkin_cmake_args' from command line to 'None'
[0.596s] Level 5:colcon.colcon_core.verb:set package 'air_lab2' build argument 'catkin_skip_building_tests' from command line to 'False'
[0.597s] DEBUG:colcon.colcon_core.verb:Building package 'air_lab2' with the following arguments: {'ament_cmake_args': None, 'build_base': '/home/antel460/TDDE05/ros2_ws/src/labs/air_lab2/build/air_lab2', 'catkin_cmake_args': None, 'catkin_skip_building_tests': False, 'cmake_args': None, 'cmake_clean_cache': False, 'cmake_clean_first': False, 'cmake_force_configure': False, 'cmake_target': None, 'cmake_target_skip_unavailable': False, 'install_base': '/home/antel460/TDDE05/ros2_ws/src/labs/air_lab2/install/air_lab2', 'merge_install': False, 'path': '/home/antel460/TDDE05/ros2_ws/src/labs/air_lab2', 'symlink_install': False, 'test_result_base': None}
[0.598s] INFO:colcon.colcon_core.executor:Executing jobs using 'parallel' executor
[0.603s] DEBUG:colcon.colcon_parallel_executor.executor.parallel:run_until_complete
[0.604s] INFO:colcon.colcon_ros.task.ament_python.build:Building ROS package in '/home/antel460/TDDE05/ros2_ws/src/labs/air_lab2' with build type 'ament_python'
[0.605s] Level 1:colcon.colcon_core.shell:create_environment_hook('air_lab2', 'ament_prefix_path')
[0.612s] INFO:colcon.colcon_core.plugin_system:Skipping extension 'colcon_core.shell.bat': Not used on non-Windows systems
[0.612s] INFO:colcon.colcon_core.shell:Creating environment hook '/home/antel460/TDDE05/ros2_ws/src/labs/air_lab2/install/air_lab2/share/air_lab2/hook/ament_prefix_path.ps1'
[0.617s] INFO:colcon.colcon_core.shell:Creating environment descriptor '/home/antel460/TDDE05/ros2_ws/src/labs/air_lab2/install/air_lab2/share/air_lab2/hook/ament_prefix_path.dsv'
[0.620s] INFO:colcon.colcon_core.shell:Creating environment hook '/home/antel460/TDDE05/ros2_ws/src/labs/air_lab2/install/air_lab2/share/air_lab2/hook/ament_prefix_path.sh'
[0.626s] INFO:colcon.colcon_core.shell:Skip shell extension 'powershell' for command environment: Not usable outside of PowerShell
[0.626s] DEBUG:colcon.colcon_core.shell:Skip shell extension 'dsv' for command environment
[1.163s] INFO:colcon.colcon_core.task.python.build:Building Python package in '/home/antel460/TDDE05/ros2_ws/src/labs/air_lab2'
[1.167s] INFO:colcon.colcon_core.shell:Skip shell extension 'powershell' for command environment: Not usable outside of PowerShell
[1.167s] DEBUG:colcon.colcon_core.shell:Skip shell extension 'dsv' for command environment
[2.247s] DEBUG:colcon.colcon_core.event_handler.log_command:Invoking command in '/home/antel460/TDDE05/ros2_ws/src/labs/air_lab2': PYTHONPATH=/home/antel460/TDDE05/ros2_ws/src/labs/air_lab2/build/air_lab2/prefix_override:/home/antel460/TDDE05/ros2_ws/src/labs/air_lab2/install/air_lab2/lib/python3.8/site-packages:${PYTHONPATH} /usr/bin/python3 setup.py egg_info --egg-base build/air_lab2 build --build-base /home/antel460/TDDE05/ros2_ws/src/labs/air_lab2/build/air_lab2/build install --record /home/antel460/TDDE05/ros2_ws/src/labs/air_lab2/build/air_lab2/install.log --single-version-externally-managed
[3.569s] DEBUG:colcon.colcon_core.event_handler.log_command:Invoked command in '/home/antel460/TDDE05/ros2_ws/src/labs/air_lab2' returned '0': PYTHONPATH=/home/antel460/TDDE05/ros2_ws/src/labs/air_lab2/build/air_lab2/prefix_override:/home/antel460/TDDE05/ros2_ws/src/labs/air_lab2/install/air_lab2/lib/python3.8/site-packages:${PYTHONPATH} /usr/bin/python3 setup.py egg_info --egg-base build/air_lab2 build --build-base /home/antel460/TDDE05/ros2_ws/src/labs/air_lab2/build/air_lab2/build install --record /home/antel460/TDDE05/ros2_ws/src/labs/air_lab2/build/air_lab2/install.log --single-version-externally-managed
[3.583s] Level 1:colcon.colcon_core.environment:checking '/home/antel460/TDDE05/ros2_ws/src/labs/air_lab2/install/air_lab2' for CMake module files
[3.587s] Level 1:colcon.colcon_core.environment:checking '/home/antel460/TDDE05/ros2_ws/src/labs/air_lab2/install/air_lab2' for CMake config files
[3.597s] Level 1:colcon.colcon_core.environment:checking '/home/antel460/TDDE05/ros2_ws/src/labs/air_lab2/install/air_lab2/lib'
[3.598s] Level 1:colcon.colcon_core.environment:checking '/home/antel460/TDDE05/ros2_ws/src/labs/air_lab2/install/air_lab2/bin'
[3.598s] Level 1:colcon.colcon_core.environment:checking '/home/antel460/TDDE05/ros2_ws/src/labs/air_lab2/install/air_lab2/lib/pkgconfig/air_lab2.pc'
[3.599s] Level 1:colcon.colcon_core.environment:checking '/home/antel460/TDDE05/ros2_ws/src/labs/air_lab2/install/air_lab2/lib/python3.8/site-packages'
[3.600s] Level 1:colcon.colcon_core.shell:create_environment_hook('air_lab2', 'pythonpath')
[3.603s] INFO:colcon.colcon_core.shell:Creating environment hook '/home/antel460/TDDE05/ros2_ws/src/labs/air_lab2/install/air_lab2/share/air_lab2/hook/pythonpath.ps1'
[3.607s] INFO:colcon.colcon_core.shell:Creating environment descriptor '/home/antel460/TDDE05/ros2_ws/src/labs/air_lab2/install/air_lab2/share/air_lab2/hook/pythonpath.dsv'
[3.610s] INFO:colcon.colcon_core.shell:Creating environment hook '/home/antel460/TDDE05/ros2_ws/src/labs/air_lab2/install/air_lab2/share/air_lab2/hook/pythonpath.sh'
[3.614s] Level 1:colcon.colcon_core.environment:checking '/home/antel460/TDDE05/ros2_ws/src/labs/air_lab2/install/air_lab2/bin'
[3.614s] Level 1:colcon.colcon_core.environment:create_environment_scripts_only(air_lab2)
[3.618s] INFO:colcon.colcon_core.shell:Creating package script '/home/antel460/TDDE05/ros2_ws/src/labs/air_lab2/install/air_lab2/share/air_lab2/package.ps1'
[3.622s] INFO:colcon.colcon_core.shell:Creating package descriptor '/home/antel460/TDDE05/ros2_ws/src/labs/air_lab2/install/air_lab2/share/air_lab2/package.dsv'
[3.625s] INFO:colcon.colcon_core.shell:Creating package script '/home/antel460/TDDE05/ros2_ws/src/labs/air_lab2/install/air_lab2/share/air_lab2/package.sh'
[3.629s] INFO:colcon.colcon_core.shell:Creating package script '/home/antel460/TDDE05/ros2_ws/src/labs/air_lab2/install/air_lab2/share/air_lab2/package.bash'
[3.633s] INFO:colcon.colcon_core.shell:Creating package script '/home/antel460/TDDE05/ros2_ws/src/labs/air_lab2/install/air_lab2/share/air_lab2/package.zsh'
[3.636s] Level 1:colcon.colcon_core.environment:create_file_with_runtime_dependencies(/home/antel460/TDDE05/ros2_ws/src/labs/air_lab2/install/air_lab2/share/colcon-core/packages/air_lab2)
[3.638s] DEBUG:colcon.colcon_parallel_executor.executor.parallel:closing loop
[3.639s] DEBUG:colcon.colcon_parallel_executor.executor.parallel:loop closed
[3.639s] DEBUG:colcon.colcon_parallel_executor.executor.parallel:run_until_complete finished with '0'
[3.640s] DEBUG:colcon.colcon_core.event_reactor:joining thread
[3.656s] INFO:colcon.colcon_core.plugin_system:Skipping extension 'colcon_notification.desktop_notification.terminal_notifier': Not used on non-Darwin systems
[3.656s] INFO:colcon.colcon_core.plugin_system:Skipping extension 'colcon_notification.desktop_notification.win32': Not used on non-Windows systems
[3.657s] INFO:colcon.colcon_notification.desktop_notification:Sending desktop notification using 'notify2'
[4.087s] DEBUG:colcon.colcon_core.event_reactor:joined thread
[4.090s] INFO:colcon.colcon_core.shell:Creating prefix script '/home/antel460/TDDE05/ros2_ws/src/labs/air_lab2/install/local_setup.ps1'
[4.095s] INFO:colcon.colcon_core.shell:Creating prefix util module '/home/antel460/TDDE05/ros2_ws/src/labs/air_lab2/install/_local_setup_util_ps1.py'
[4.099s] INFO:colcon.colcon_core.shell:Creating prefix chain script '/home/antel460/TDDE05/ros2_ws/src/labs/air_lab2/install/setup.ps1'
[4.121s] INFO:colcon.colcon_core.shell:Creating prefix script '/home/antel460/TDDE05/ros2_ws/src/labs/air_lab2/install/local_setup.sh'
[4.125s] INFO:colcon.colcon_core.shell:Creating prefix util module '/home/antel460/TDDE05/ros2_ws/src/labs/air_lab2/install/_local_setup_util_sh.py'
[4.129s] INFO:colcon.colcon_core.shell:Creating prefix chain script '/home/antel460/TDDE05/ros2_ws/src/labs/air_lab2/install/setup.sh'
[4.145s] INFO:colcon.colcon_core.shell:Creating prefix script '/home/antel460/TDDE05/ros2_ws/src/labs/air_lab2/install/local_setup.bash'
[4.148s] INFO:colcon.colcon_core.shell:Creating prefix chain script '/home/antel460/TDDE05/ros2_ws/src/labs/air_lab2/install/setup.bash'
[4.169s] INFO:colcon.colcon_core.shell:Creating prefix script '/home/antel460/TDDE05/ros2_ws/src/labs/air_lab2/install/local_setup.zsh'
[4.173s] INFO:colcon.colcon_core.shell:Creating prefix chain script '/home/antel460/TDDE05/ros2_ws/src/labs/air_lab2/install/setup.zsh'
