running egg_info
creating build/air_lab3/air_lab3.egg-info
writing build/air_lab3/air_lab3.egg-info/PKG-INFO
writing dependency_links to build/air_lab3/air_lab3.egg-info/dependency_links.txt
writing entry points to build/air_lab3/air_lab3.egg-info/entry_points.txt
writing requirements to build/air_lab3/air_lab3.egg-info/requires.txt
writing top-level names to build/air_lab3/air_lab3.egg-info/top_level.txt
writing manifest file 'build/air_lab3/air_lab3.egg-info/SOURCES.txt'
writing manifest file 'build/air_lab3/air_lab3.egg-info/SOURCES.txt'
running build
running build_py
creating /home/antel460/TDDE05/ros2_ws/src/labs/air_lab3/build/air_lab3/build
creating /home/antel460/TDDE05/ros2_ws/src/labs/air_lab3/build/air_lab3/build/lib
creating /home/antel460/TDDE05/ros2_ws/src/labs/air_lab3/build/air_lab3/build/lib/air_lab3
copying air_lab3/DriveToExecutor.py -> /home/antel460/TDDE05/ros2_ws/src/labs/air_lab3/build/air_lab3/build/lib/air_lab3
copying air_lab3/DockExecutor.py -> /home/antel460/TDDE05/ros2_ws/src/labs/air_lab3/build/air_lab3/build/lib/air_lab3
copying air_lab3/tst_executor.py -> /home/antel460/TDDE05/ros2_ws/src/labs/air_lab3/build/air_lab3/build/lib/air_lab3
copying air_lab3/__init__.py -> /home/antel460/TDDE05/ros2_ws/src/labs/air_lab3/build/air_lab3/build/lib/air_lab3
copying air_lab3/UndockExecutor.py -> /home/antel460/TDDE05/ros2_ws/src/labs/air_lab3/build/air_lab3/build/lib/air_lab3
copying air_lab3/lab3_node.py -> /home/antel460/TDDE05/ros2_ws/src/labs/air_lab3/build/air_lab3/build/lib/air_lab3
copying air_lab3/ExploreExecutor.py -> /home/antel460/TDDE05/ros2_ws/src/labs/air_lab3/build/air_lab3/build/lib/air_lab3
running install
running install_lib
creating /home/antel460/TDDE05/ros2_ws/src/labs/air_lab3/install/air_lab3/lib/python3.8/site-packages/air_lab3
copying /home/antel460/TDDE05/ros2_ws/src/labs/air_lab3/build/air_lab3/build/lib/air_lab3/__init__.py -> /home/antel460/TDDE05/ros2_ws/src/labs/air_lab3/install/air_lab3/lib/python3.8/site-packages/air_lab3
copying /home/antel460/TDDE05/ros2_ws/src/labs/air_lab3/build/air_lab3/build/lib/air_lab3/DriveToExecutor.py -> /home/antel460/TDDE05/ros2_ws/src/labs/air_lab3/install/air_lab3/lib/python3.8/site-packages/air_lab3
copying /home/antel460/TDDE05/ros2_ws/src/labs/air_lab3/build/air_lab3/build/lib/air_lab3/tst_executor.py -> /home/antel460/TDDE05/ros2_ws/src/labs/air_lab3/install/air_lab3/lib/python3.8/site-packages/air_lab3
copying /home/antel460/TDDE05/ros2_ws/src/labs/air_lab3/build/air_lab3/build/lib/air_lab3/lab3_node.py -> /home/antel460/TDDE05/ros2_ws/src/labs/air_lab3/install/air_lab3/lib/python3.8/site-packages/air_lab3
copying /home/antel460/TDDE05/ros2_ws/src/labs/air_lab3/build/air_lab3/build/lib/air_lab3/DockExecutor.py -> /home/antel460/TDDE05/ros2_ws/src/labs/air_lab3/install/air_lab3/lib/python3.8/site-packages/air_lab3
copying /home/antel460/TDDE05/ros2_ws/src/labs/air_lab3/build/air_lab3/build/lib/air_lab3/UndockExecutor.py -> /home/antel460/TDDE05/ros2_ws/src/labs/air_lab3/install/air_lab3/lib/python3.8/site-packages/air_lab3
copying /home/antel460/TDDE05/ros2_ws/src/labs/air_lab3/build/air_lab3/build/lib/air_lab3/ExploreExecutor.py -> /home/antel460/TDDE05/ros2_ws/src/labs/air_lab3/install/air_lab3/lib/python3.8/site-packages/air_lab3
byte-compiling /home/antel460/TDDE05/ros2_ws/src/labs/air_lab3/install/air_lab3/lib/python3.8/site-packages/air_lab3/__init__.py to __init__.cpython-38.pyc
byte-compiling /home/antel460/TDDE05/ros2_ws/src/labs/air_lab3/install/air_lab3/lib/python3.8/site-packages/air_lab3/DriveToExecutor.py to DriveToExecutor.cpython-38.pyc
byte-compiling /home/antel460/TDDE05/ros2_ws/src/labs/air_lab3/install/air_lab3/lib/python3.8/site-packages/air_lab3/tst_executor.py to tst_executor.cpython-38.pyc
byte-compiling /home/antel460/TDDE05/ros2_ws/src/labs/air_lab3/install/air_lab3/lib/python3.8/site-packages/air_lab3/lab3_node.py to lab3_node.cpython-38.pyc
byte-compiling /home/antel460/TDDE05/ros2_ws/src/labs/air_lab3/install/air_lab3/lib/python3.8/site-packages/air_lab3/DockExecutor.py to DockExecutor.cpython-38.pyc
byte-compiling /home/antel460/TDDE05/ros2_ws/src/labs/air_lab3/install/air_lab3/lib/python3.8/site-packages/air_lab3/UndockExecutor.py to UndockExecutor.cpython-38.pyc
byte-compiling /home/antel460/TDDE05/ros2_ws/src/labs/air_lab3/install/air_lab3/lib/python3.8/site-packages/air_lab3/ExploreExecutor.py to ExploreExecutor.cpython-38.pyc
running install_data
creating /home/antel460/TDDE05/ros2_ws/src/labs/air_lab3/install/air_lab3/share/ament_index
creating /home/antel460/TDDE05/ros2_ws/src/labs/air_lab3/install/air_lab3/share/ament_index/resource_index
creating /home/antel460/TDDE05/ros2_ws/src/labs/air_lab3/install/air_lab3/share/ament_index/resource_index/packages
copying resource/air_lab3 -> /home/antel460/TDDE05/ros2_ws/src/labs/air_lab3/install/air_lab3/share/ament_index/resource_index/packages
copying package.xml -> /home/antel460/TDDE05/ros2_ws/src/labs/air_lab3/install/air_lab3/share/air_lab3
running install_egg_info
Copying build/air_lab3/air_lab3.egg-info to /home/antel460/TDDE05/ros2_ws/src/labs/air_lab3/install/air_lab3/lib/python3.8/site-packages/air_lab3-0.0.0-py3.8.egg-info
running install_scripts
Installing lab3_node script to /home/antel460/TDDE05/ros2_ws/src/labs/air_lab3/install/air_lab3/lib/air_lab3
Installing tst_executor script to /home/antel460/TDDE05/ros2_ws/src/labs/air_lab3/install/air_lab3/lib/air_lab3
writing list of installed files to '/home/antel460/TDDE05/ros2_ws/src/labs/air_lab3/build/air_lab3/install.log'
