[1.549s] Invoking command in '/home/antel460/TDDE05/ros2_ws/src/labs/air_lab2': PYTHONPATH=/home/antel460/TDDE05/ros2_ws/src/labs/air_lab2/build/air_lab2/prefix_override:/home/antel460/TDDE05/ros2_ws/src/labs/air_lab2/install/air_lab2/lib/python3.8/site-packages:${PYTHONPATH} /usr/bin/python3 setup.py egg_info --egg-base build/air_lab2 build --build-base /home/antel460/TDDE05/ros2_ws/src/labs/air_lab2/build/air_lab2/build install --record /home/antel460/TDDE05/ros2_ws/src/labs/air_lab2/build/air_lab2/install.log --single-version-externally-managed
[2.106s] running egg_info
[2.107s] writing build/air_lab2/air_lab2.egg-info/PKG-INFO
[2.111s] writing dependency_links to build/air_lab2/air_lab2.egg-info/dependency_links.txt
[2.114s] writing entry points to build/air_lab2/air_lab2.egg-info/entry_points.txt
[2.116s] writing requirements to build/air_lab2/air_lab2.egg-info/requires.txt
[2.119s] writing top-level names to build/air_lab2/air_lab2.egg-info/top_level.txt
[2.702s] writing manifest file 'build/air_lab2/air_lab2.egg-info/SOURCES.txt'
[2.705s] running build
[2.705s] running build_py
[2.707s] copying air_lab2/random_exploration.py -> /home/antel460/TDDE05/ros2_ws/src/labs/air_lab2/build/air_lab2/build/lib/air_lab2
[2.711s] running install
[2.715s] running install_lib
[2.719s] copying /home/antel460/TDDE05/ros2_ws/src/labs/air_lab2/build/air_lab2/build/lib/air_lab2/random_exploration.py -> /home/antel460/TDDE05/ros2_ws/src/labs/air_lab2/install/air_lab2/lib/python3.8/site-packages/air_lab2
[2.726s] byte-compiling /home/antel460/TDDE05/ros2_ws/src/labs/air_lab2/install/air_lab2/lib/python3.8/site-packages/air_lab2/random_exploration.py to random_exploration.cpython-38.pyc
[2.735s] running install_data
[2.737s] running install_egg_info
[2.738s] removing '/home/antel460/TDDE05/ros2_ws/src/labs/air_lab2/install/air_lab2/lib/python3.8/site-packages/air_lab2-0.0.0-py3.8.egg-info' (and everything under it)
[2.747s] Copying build/air_lab2/air_lab2.egg-info to /home/antel460/TDDE05/ros2_ws/src/labs/air_lab2/install/air_lab2/lib/python3.8/site-packages/air_lab2-0.0.0-py3.8.egg-info
[2.783s] running install_scripts
[2.811s] Installing lab2_node script to /home/antel460/TDDE05/ros2_ws/src/labs/air_lab2/install/air_lab2/lib/air_lab2
[2.814s] Installing random_exploration script to /home/antel460/TDDE05/ros2_ws/src/labs/air_lab2/install/air_lab2/lib/air_lab2
[2.817s] writing list of installed files to '/home/antel460/TDDE05/ros2_ws/src/labs/air_lab2/build/air_lab2/install.log'
[2.855s] Invoked command in '/home/antel460/TDDE05/ros2_ws/src/labs/air_lab2' returned '0': PYTHONPATH=/home/antel460/TDDE05/ros2_ws/src/labs/air_lab2/build/air_lab2/prefix_override:/home/antel460/TDDE05/ros2_ws/src/labs/air_lab2/install/air_lab2/lib/python3.8/site-packages:${PYTHONPATH} /usr/bin/python3 setup.py egg_info --egg-base build/air_lab2 build --build-base /home/antel460/TDDE05/ros2_ws/src/labs/air_lab2/build/air_lab2/build install --record /home/antel460/TDDE05/ros2_ws/src/labs/air_lab2/build/air_lab2/install.log --single-version-externally-managed
