[0.643s] DEBUG:colcon:Command line arguments: ['/bin/colcon', 'build']
[0.643s] DEBUG:colcon:Parsed command line arguments: Namespace(allow_overriding=[], ament_cmake_args=None, base_paths=['.'], build_base='build', catkin_cmake_args=None, catkin_skip_building_tests=False, cmake_args=None, cmake_clean_cache=False, cmake_clean_first=False, cmake_force_configure=False, cmake_target=None, cmake_target_skip_unavailable=False, continue_on_error=False, event_handlers=None, executor='parallel', ignore_user_meta=False, install_base='install', log_base=None, log_level=None, main=<bound method BuildVerb.main of <colcon_core.verb.build.BuildVerb object at 0x7fa1da5d3bb0>>, merge_install=False, metas=['./colcon.meta'], packages_above=None, packages_above_and_dependencies=None, packages_above_depth=None, packages_end=None, packages_ignore=None, packages_ignore_regex=None, packages_select=None, packages_select_build_failed=False, packages_select_by_dep=None, packages_select_regex=None, packages_select_test_failures=False, packages_skip=None, packages_skip_build_finished=False, packages_skip_by_dep=None, packages_skip_regex=None, packages_skip_test_passed=False, packages_skip_up_to=None, packages_start=None, packages_up_to=None, packages_up_to_regex=None, parallel_workers=20, paths=None, symlink_install=False, test_result_base=None, verb_extension=<colcon_core.verb.build.BuildVerb object at 0x7fa1da5d3bb0>, verb_name='build', verb_parser=<colcon_defaults.argument_parser.defaults.DefaultArgumentsDecorator object at 0x7fa1da5dc160>)
[0.701s] Level 1:colcon.colcon_core.package_discovery:discover_packages(colcon_meta) check parameters
[0.701s] Level 1:colcon.colcon_core.package_discovery:discover_packages(recursive) check parameters
[0.702s] Level 1:colcon.colcon_core.package_discovery:discover_packages(ignore) check parameters
[0.702s] Level 1:colcon.colcon_core.package_discovery:discover_packages(path) check parameters
[0.702s] Level 1:colcon.colcon_core.package_discovery:discover_packages(colcon_meta) discover
[0.702s] Level 1:colcon.colcon_core.package_discovery:discover_packages(recursive) discover
[0.702s] INFO:colcon.colcon_core.package_discovery:Crawling recursively for packages in '/home/antel460/TDDE05/ros2_ws/src/labs/air_lab3'
[0.704s] Level 1:colcon.colcon_core.package_identification:_identify(.) by extensions ['ignore', 'ignore_ament_install']
[0.704s] Level 1:colcon.colcon_core.package_identification:_identify(.) by extension 'ignore'
[0.704s] Level 1:colcon.colcon_core.package_identification:_identify(.) by extension 'ignore_ament_install'
[0.706s] Level 1:colcon.colcon_core.package_identification:_identify(.) by extensions ['colcon_pkg']
[0.706s] Level 1:colcon.colcon_core.package_identification:_identify(.) by extension 'colcon_pkg'
[0.706s] Level 1:colcon.colcon_core.package_identification:_identify(.) by extensions ['colcon_meta']
[0.707s] Level 1:colcon.colcon_core.package_identification:_identify(.) by extension 'colcon_meta'
[0.707s] Level 1:colcon.colcon_core.package_identification:_identify(.) by extensions ['ros']
[0.707s] Level 1:colcon.colcon_core.package_identification:_identify(.) by extension 'ros'
[0.726s] DEBUG:colcon.colcon_core.package_identification:Package '.' with type 'ros.ament_python' and name 'air_lab3'
[0.726s] Level 1:colcon.colcon_core.package_discovery:discover_packages(recursive) using defaults
[0.726s] Level 1:colcon.colcon_core.package_discovery:discover_packages(ignore) discover
[0.727s] Level 1:colcon.colcon_core.package_discovery:discover_packages(ignore) using defaults
[0.727s] Level 1:colcon.colcon_core.package_discovery:discover_packages(path) discover
[0.727s] Level 1:colcon.colcon_core.package_discovery:discover_packages(path) using defaults
[0.757s] Level 1:colcon.colcon_core.package_discovery:discover_packages(prefix_path) check parameters
[0.757s] Level 1:colcon.colcon_core.package_discovery:discover_packages(prefix_path) discover
[0.778s] DEBUG:colcon.colcon_installed_package_information.package_discovery:Found 3 installed packages in /home/antel460/TDDE05/ros2_ws/install
[0.781s] DEBUG:colcon.colcon_installed_package_information.package_discovery:Found 1 installed packages in /home/antel460/TDDE05/ros2_ws/src/labs/air_lab2/install
[0.784s] DEBUG:colcon.colcon_installed_package_information.package_discovery:Found 8 installed packages in /courses/TDDE05/software/ros2_ws/install
[0.787s] DEBUG:colcon.colcon_installed_package_information.package_discovery:Found 297 installed packages in /opt/ros/galactic
[0.789s] Level 1:colcon.colcon_core.package_discovery:discover_packages(prefix_path) using defaults
[0.897s] Level 5:colcon.colcon_core.verb:set package 'air_lab3' build argument 'cmake_args' from command line to 'None'
[0.897s] Level 5:colcon.colcon_core.verb:set package 'air_lab3' build argument 'cmake_target' from command line to 'None'
[0.897s] Level 5:colcon.colcon_core.verb:set package 'air_lab3' build argument 'cmake_target_skip_unavailable' from command line to 'False'
[0.897s] Level 5:colcon.colcon_core.verb:set package 'air_lab3' build argument 'cmake_clean_cache' from command line to 'False'
[0.898s] Level 5:colcon.colcon_core.verb:set package 'air_lab3' build argument 'cmake_clean_first' from command line to 'False'
[0.898s] Level 5:colcon.colcon_core.verb:set package 'air_lab3' build argument 'cmake_force_configure' from command line to 'False'
[0.898s] Level 5:colcon.colcon_core.verb:set package 'air_lab3' build argument 'ament_cmake_args' from command line to 'None'
[0.898s] Level 5:colcon.colcon_core.verb:set package 'air_lab3' build argument 'catkin_cmake_args' from command line to 'None'
[0.898s] Level 5:colcon.colcon_core.verb:set package 'air_lab3' build argument 'catkin_skip_building_tests' from command line to 'False'
[0.898s] DEBUG:colcon.colcon_core.verb:Building package 'air_lab3' with the following arguments: {'ament_cmake_args': None, 'build_base': '/home/antel460/TDDE05/ros2_ws/src/labs/air_lab3/build/air_lab3', 'catkin_cmake_args': None, 'catkin_skip_building_tests': False, 'cmake_args': None, 'cmake_clean_cache': False, 'cmake_clean_first': False, 'cmake_force_configure': False, 'cmake_target': None, 'cmake_target_skip_unavailable': False, 'install_base': '/home/antel460/TDDE05/ros2_ws/src/labs/air_lab3/install/air_lab3', 'merge_install': False, 'path': '/home/antel460/TDDE05/ros2_ws/src/labs/air_lab3', 'symlink_install': False, 'test_result_base': None}
[0.899s] INFO:colcon.colcon_core.executor:Executing jobs using 'parallel' executor
[0.904s] DEBUG:colcon.colcon_parallel_executor.executor.parallel:run_until_complete
[0.905s] INFO:colcon.colcon_ros.task.ament_python.build:Building ROS package in '/home/antel460/TDDE05/ros2_ws/src/labs/air_lab3' with build type 'ament_python'
[0.905s] Level 1:colcon.colcon_core.shell:create_environment_hook('air_lab3', 'ament_prefix_path')
[0.911s] INFO:colcon.colcon_core.plugin_system:Skipping extension 'colcon_core.shell.bat': Not used on non-Windows systems
[0.912s] INFO:colcon.colcon_core.shell:Creating environment hook '/home/antel460/TDDE05/ros2_ws/src/labs/air_lab3/install/air_lab3/share/air_lab3/hook/ament_prefix_path.ps1'
[0.918s] INFO:colcon.colcon_core.shell:Creating environment descriptor '/home/antel460/TDDE05/ros2_ws/src/labs/air_lab3/install/air_lab3/share/air_lab3/hook/ament_prefix_path.dsv'
[0.921s] INFO:colcon.colcon_core.shell:Creating environment hook '/home/antel460/TDDE05/ros2_ws/src/labs/air_lab3/install/air_lab3/share/air_lab3/hook/ament_prefix_path.sh'
[0.926s] INFO:colcon.colcon_core.shell:Skip shell extension 'powershell' for command environment: Not usable outside of PowerShell
[0.926s] DEBUG:colcon.colcon_core.shell:Skip shell extension 'dsv' for command environment
[1.450s] INFO:colcon.colcon_core.task.python.build:Building Python package in '/home/antel460/TDDE05/ros2_ws/src/labs/air_lab3'
[1.453s] INFO:colcon.colcon_core.shell:Skip shell extension 'powershell' for command environment: Not usable outside of PowerShell
[1.453s] DEBUG:colcon.colcon_core.shell:Skip shell extension 'dsv' for command environment
[2.397s] DEBUG:colcon.colcon_core.event_handler.log_command:Invoking command in '/home/antel460/TDDE05/ros2_ws/src/labs/air_lab3': PYTHONPATH=/home/antel460/TDDE05/ros2_ws/src/labs/air_lab3/build/air_lab3/prefix_override:/home/antel460/TDDE05/ros2_ws/src/labs/air_lab3/install/air_lab3/lib/python3.8/site-packages:${PYTHONPATH} /usr/bin/python3 setup.py egg_info --egg-base build/air_lab3 build --build-base /home/antel460/TDDE05/ros2_ws/src/labs/air_lab3/build/air_lab3/build install --record /home/antel460/TDDE05/ros2_ws/src/labs/air_lab3/build/air_lab3/install.log --single-version-externally-managed
[4.284s] DEBUG:colcon.colcon_core.event_handler.log_command:Invoked command in '/home/antel460/TDDE05/ros2_ws/src/labs/air_lab3' returned '0': PYTHONPATH=/home/antel460/TDDE05/ros2_ws/src/labs/air_lab3/build/air_lab3/prefix_override:/home/antel460/TDDE05/ros2_ws/src/labs/air_lab3/install/air_lab3/lib/python3.8/site-packages:${PYTHONPATH} /usr/bin/python3 setup.py egg_info --egg-base build/air_lab3 build --build-base /home/antel460/TDDE05/ros2_ws/src/labs/air_lab3/build/air_lab3/build install --record /home/antel460/TDDE05/ros2_ws/src/labs/air_lab3/build/air_lab3/install.log --single-version-externally-managed
[4.292s] Level 1:colcon.colcon_core.environment:checking '/home/antel460/TDDE05/ros2_ws/src/labs/air_lab3/install/air_lab3' for CMake module files
[4.296s] Level 1:colcon.colcon_core.environment:checking '/home/antel460/TDDE05/ros2_ws/src/labs/air_lab3/install/air_lab3' for CMake config files
[4.305s] Level 1:colcon.colcon_core.environment:checking '/home/antel460/TDDE05/ros2_ws/src/labs/air_lab3/install/air_lab3/lib'
[4.306s] Level 1:colcon.colcon_core.environment:checking '/home/antel460/TDDE05/ros2_ws/src/labs/air_lab3/install/air_lab3/bin'
[4.306s] Level 1:colcon.colcon_core.environment:checking '/home/antel460/TDDE05/ros2_ws/src/labs/air_lab3/install/air_lab3/lib/pkgconfig/air_lab3.pc'
[4.307s] Level 1:colcon.colcon_core.environment:checking '/home/antel460/TDDE05/ros2_ws/src/labs/air_lab3/install/air_lab3/lib/python3.8/site-packages'
[4.307s] Level 1:colcon.colcon_core.shell:create_environment_hook('air_lab3', 'pythonpath')
[4.310s] INFO:colcon.colcon_core.shell:Creating environment hook '/home/antel460/TDDE05/ros2_ws/src/labs/air_lab3/install/air_lab3/share/air_lab3/hook/pythonpath.ps1'
[4.312s] INFO:colcon.colcon_core.shell:Creating environment descriptor '/home/antel460/TDDE05/ros2_ws/src/labs/air_lab3/install/air_lab3/share/air_lab3/hook/pythonpath.dsv'
[4.314s] INFO:colcon.colcon_core.shell:Creating environment hook '/home/antel460/TDDE05/ros2_ws/src/labs/air_lab3/install/air_lab3/share/air_lab3/hook/pythonpath.sh'
[4.316s] Level 1:colcon.colcon_core.environment:checking '/home/antel460/TDDE05/ros2_ws/src/labs/air_lab3/install/air_lab3/bin'
[4.317s] Level 1:colcon.colcon_core.environment:create_environment_scripts_only(air_lab3)
[4.319s] INFO:colcon.colcon_core.shell:Creating package script '/home/antel460/TDDE05/ros2_ws/src/labs/air_lab3/install/air_lab3/share/air_lab3/package.ps1'
[4.323s] INFO:colcon.colcon_core.shell:Creating package descriptor '/home/antel460/TDDE05/ros2_ws/src/labs/air_lab3/install/air_lab3/share/air_lab3/package.dsv'
[4.325s] INFO:colcon.colcon_core.shell:Creating package script '/home/antel460/TDDE05/ros2_ws/src/labs/air_lab3/install/air_lab3/share/air_lab3/package.sh'
[4.328s] INFO:colcon.colcon_core.shell:Creating package script '/home/antel460/TDDE05/ros2_ws/src/labs/air_lab3/install/air_lab3/share/air_lab3/package.bash'
[4.333s] INFO:colcon.colcon_core.shell:Creating package script '/home/antel460/TDDE05/ros2_ws/src/labs/air_lab3/install/air_lab3/share/air_lab3/package.zsh'
[4.338s] Level 1:colcon.colcon_core.environment:create_file_with_runtime_dependencies(/home/antel460/TDDE05/ros2_ws/src/labs/air_lab3/install/air_lab3/share/colcon-core/packages/air_lab3)
[4.348s] DEBUG:colcon.colcon_parallel_executor.executor.parallel:closing loop
[4.348s] DEBUG:colcon.colcon_parallel_executor.executor.parallel:loop closed
[4.349s] DEBUG:colcon.colcon_parallel_executor.executor.parallel:run_until_complete finished with '0'
[4.349s] DEBUG:colcon.colcon_core.event_reactor:joining thread
[4.364s] INFO:colcon.colcon_core.plugin_system:Skipping extension 'colcon_notification.desktop_notification.terminal_notifier': Not used on non-Darwin systems
[4.364s] INFO:colcon.colcon_core.plugin_system:Skipping extension 'colcon_notification.desktop_notification.win32': Not used on non-Windows systems
[4.364s] INFO:colcon.colcon_notification.desktop_notification:Sending desktop notification using 'notify2'
[4.374s] DEBUG:colcon.colcon_core.event_reactor:joined thread
[4.376s] INFO:colcon.colcon_core.shell:Creating prefix script '/home/antel460/TDDE05/ros2_ws/src/labs/air_lab3/install/local_setup.ps1'
[4.380s] INFO:colcon.colcon_core.shell:Creating prefix util module '/home/antel460/TDDE05/ros2_ws/src/labs/air_lab3/install/_local_setup_util_ps1.py'
[4.386s] INFO:colcon.colcon_core.shell:Creating prefix chain script '/home/antel460/TDDE05/ros2_ws/src/labs/air_lab3/install/setup.ps1'
[4.402s] INFO:colcon.colcon_core.shell:Creating prefix script '/home/antel460/TDDE05/ros2_ws/src/labs/air_lab3/install/local_setup.sh'
[4.405s] INFO:colcon.colcon_core.shell:Creating prefix util module '/home/antel460/TDDE05/ros2_ws/src/labs/air_lab3/install/_local_setup_util_sh.py'
[4.408s] INFO:colcon.colcon_core.shell:Creating prefix chain script '/home/antel460/TDDE05/ros2_ws/src/labs/air_lab3/install/setup.sh'
[4.423s] INFO:colcon.colcon_core.shell:Creating prefix script '/home/antel460/TDDE05/ros2_ws/src/labs/air_lab3/install/local_setup.bash'
[4.426s] INFO:colcon.colcon_core.shell:Creating prefix chain script '/home/antel460/TDDE05/ros2_ws/src/labs/air_lab3/install/setup.bash'
[4.440s] INFO:colcon.colcon_core.shell:Creating prefix script '/home/antel460/TDDE05/ros2_ws/src/labs/air_lab3/install/local_setup.zsh'
[4.443s] INFO:colcon.colcon_core.shell:Creating prefix chain script '/home/antel460/TDDE05/ros2_ws/src/labs/air_lab3/install/setup.zsh'
