[0.324s] DEBUG:colcon:Command line arguments: ['/bin/colcon', 'build']
[0.325s] DEBUG:colcon:Parsed command line arguments: Namespace(allow_overriding=[], ament_cmake_args=None, base_paths=['.'], build_base='build', catkin_cmake_args=None, catkin_skip_building_tests=False, cmake_args=None, cmake_clean_cache=False, cmake_clean_first=False, cmake_force_configure=False, cmake_target=None, cmake_target_skip_unavailable=False, continue_on_error=False, event_handlers=None, executor='parallel', ignore_user_meta=False, install_base='install', log_base=None, log_level=None, main=<bound method BuildVerb.main of <colcon_core.verb.build.BuildVerb object at 0x7f898a0ea5b0>>, merge_install=False, metas=['./colcon.meta'], packages_above=None, packages_above_and_dependencies=None, packages_above_depth=None, packages_end=None, packages_ignore=None, packages_ignore_regex=None, packages_select=None, packages_select_build_failed=False, packages_select_by_dep=None, packages_select_regex=None, packages_select_test_failures=False, packages_skip=None, packages_skip_build_finished=False, packages_skip_by_dep=None, packages_skip_regex=None, packages_skip_test_passed=False, packages_skip_up_to=None, packages_start=None, packages_up_to=None, packages_up_to_regex=None, parallel_workers=20, paths=None, symlink_install=False, test_result_base=None, verb_extension=<colcon_core.verb.build.BuildVerb object at 0x7f898a0ea5b0>, verb_name='build', verb_parser=<colcon_defaults.argument_parser.defaults.DefaultArgumentsDecorator object at 0x7f898a0eaaf0>)
[0.390s] Level 1:colcon.colcon_core.package_discovery:discover_packages(colcon_meta) check parameters
[0.390s] Level 1:colcon.colcon_core.package_discovery:discover_packages(recursive) check parameters
[0.391s] Level 1:colcon.colcon_core.package_discovery:discover_packages(ignore) check parameters
[0.391s] Level 1:colcon.colcon_core.package_discovery:discover_packages(path) check parameters
[0.392s] Level 1:colcon.colcon_core.package_discovery:discover_packages(colcon_meta) discover
[0.393s] Level 1:colcon.colcon_core.package_discovery:discover_packages(recursive) discover
[0.393s] INFO:colcon.colcon_core.package_discovery:Crawling recursively for packages in '/home/antel460/TDDE05/ros2_ws/src/labs/air_lab2'
[0.393s] Level 1:colcon.colcon_core.package_identification:_identify(.) by extensions ['ignore', 'ignore_ament_install']
[0.394s] Level 1:colcon.colcon_core.package_identification:_identify(.) by extension 'ignore'
[0.394s] Level 1:colcon.colcon_core.package_identification:_identify(.) by extension 'ignore_ament_install'
[0.395s] Level 1:colcon.colcon_core.package_identification:_identify(.) by extensions ['colcon_pkg']
[0.395s] Level 1:colcon.colcon_core.package_identification:_identify(.) by extension 'colcon_pkg'
[0.395s] Level 1:colcon.colcon_core.package_identification:_identify(.) by extensions ['colcon_meta']
[0.396s] Level 1:colcon.colcon_core.package_identification:_identify(.) by extension 'colcon_meta'
[0.396s] Level 1:colcon.colcon_core.package_identification:_identify(.) by extensions ['ros']
[0.397s] Level 1:colcon.colcon_core.package_identification:_identify(.) by extension 'ros'
[0.461s] DEBUG:colcon.colcon_core.package_identification:Package '.' with type 'ros.ament_python' and name 'air_lab2'
[0.461s] Level 1:colcon.colcon_core.package_discovery:discover_packages(recursive) using defaults
[0.462s] Level 1:colcon.colcon_core.package_discovery:discover_packages(ignore) discover
[0.462s] Level 1:colcon.colcon_core.package_discovery:discover_packages(ignore) using defaults
[0.462s] Level 1:colcon.colcon_core.package_discovery:discover_packages(path) discover
[0.462s] Level 1:colcon.colcon_core.package_discovery:discover_packages(path) using defaults
[0.515s] Level 1:colcon.colcon_core.package_discovery:discover_packages(prefix_path) check parameters
[0.515s] Level 1:colcon.colcon_core.package_discovery:discover_packages(prefix_path) discover
[0.528s] WARNING:colcon.colcon_ros.prefix_path.catkin:The path '/courses/TDDE05/software/extra/mongo/inst/' in the environment variable CMAKE_PREFIX_PATH doesn't exist
[0.528s] WARNING:colcon.colcon_ros.prefix_path.catkin:The path '/courses/TDDE05/software/extra/bullet/inst/' in the environment variable CMAKE_PREFIX_PATH doesn't exist
[0.540s] DEBUG:colcon.colcon_installed_package_information.package_discovery:Found 2 installed packages in /home/antel460/TDDE05/ros2_ws/install
[0.547s] DEBUG:colcon.colcon_installed_package_information.package_discovery:Found 1 installed packages in /home/antel460/TDDE05/ros2_ws/src/labs/air_lab2/install
[0.560s] DEBUG:colcon.colcon_installed_package_information.package_discovery:Found 5 installed packages in /courses/TDDE05/software/ros2_ws/install
[0.567s] DEBUG:colcon.colcon_installed_package_information.package_discovery:Found 297 installed packages in /opt/ros/galactic
[0.569s] Level 1:colcon.colcon_core.package_discovery:discover_packages(prefix_path) using defaults
[0.697s] Level 5:colcon.colcon_core.verb:set package 'air_lab2' build argument 'cmake_args' from command line to 'None'
[0.697s] Level 5:colcon.colcon_core.verb:set package 'air_lab2' build argument 'cmake_target' from command line to 'None'
[0.697s] Level 5:colcon.colcon_core.verb:set package 'air_lab2' build argument 'cmake_target_skip_unavailable' from command line to 'False'
[0.698s] Level 5:colcon.colcon_core.verb:set package 'air_lab2' build argument 'cmake_clean_cache' from command line to 'False'
[0.698s] Level 5:colcon.colcon_core.verb:set package 'air_lab2' build argument 'cmake_clean_first' from command line to 'False'
[0.698s] Level 5:colcon.colcon_core.verb:set package 'air_lab2' build argument 'cmake_force_configure' from command line to 'False'
[0.698s] Level 5:colcon.colcon_core.verb:set package 'air_lab2' build argument 'ament_cmake_args' from command line to 'None'
[0.698s] Level 5:colcon.colcon_core.verb:set package 'air_lab2' build argument 'catkin_cmake_args' from command line to 'None'
[0.698s] Level 5:colcon.colcon_core.verb:set package 'air_lab2' build argument 'catkin_skip_building_tests' from command line to 'False'
[0.698s] DEBUG:colcon.colcon_core.verb:Building package 'air_lab2' with the following arguments: {'ament_cmake_args': None, 'build_base': '/home/antel460/TDDE05/ros2_ws/src/labs/air_lab2/build/air_lab2', 'catkin_cmake_args': None, 'catkin_skip_building_tests': False, 'cmake_args': None, 'cmake_clean_cache': False, 'cmake_clean_first': False, 'cmake_force_configure': False, 'cmake_target': None, 'cmake_target_skip_unavailable': False, 'install_base': '/home/antel460/TDDE05/ros2_ws/src/labs/air_lab2/install/air_lab2', 'merge_install': False, 'path': '/home/antel460/TDDE05/ros2_ws/src/labs/air_lab2', 'symlink_install': False, 'test_result_base': None}
[0.699s] INFO:colcon.colcon_core.executor:Executing jobs using 'parallel' executor
[0.705s] DEBUG:colcon.colcon_parallel_executor.executor.parallel:run_until_complete
[0.705s] INFO:colcon.colcon_ros.task.ament_python.build:Building ROS package in '/home/antel460/TDDE05/ros2_ws/src/labs/air_lab2' with build type 'ament_python'
[0.705s] Level 1:colcon.colcon_core.shell:create_environment_hook('air_lab2', 'ament_prefix_path')
[0.713s] INFO:colcon.colcon_core.plugin_system:Skipping extension 'colcon_core.shell.bat': Not used on non-Windows systems
[0.713s] INFO:colcon.colcon_core.shell:Creating environment hook '/home/antel460/TDDE05/ros2_ws/src/labs/air_lab2/install/air_lab2/share/air_lab2/hook/ament_prefix_path.ps1'
[0.717s] INFO:colcon.colcon_core.shell:Creating environment descriptor '/home/antel460/TDDE05/ros2_ws/src/labs/air_lab2/install/air_lab2/share/air_lab2/hook/ament_prefix_path.dsv'
[0.721s] INFO:colcon.colcon_core.shell:Creating environment hook '/home/antel460/TDDE05/ros2_ws/src/labs/air_lab2/install/air_lab2/share/air_lab2/hook/ament_prefix_path.sh'
[0.727s] INFO:colcon.colcon_core.shell:Skip shell extension 'powershell' for command environment: Not usable outside of PowerShell
[0.727s] DEBUG:colcon.colcon_core.shell:Skip shell extension 'dsv' for command environment
[1.220s] INFO:colcon.colcon_core.task.python.build:Building Python package in '/home/antel460/TDDE05/ros2_ws/src/labs/air_lab2'
[1.228s] INFO:colcon.colcon_core.shell:Skip shell extension 'powershell' for command environment: Not usable outside of PowerShell
[1.228s] DEBUG:colcon.colcon_core.shell:Skip shell extension 'dsv' for command environment
[2.328s] DEBUG:colcon.colcon_core.event_handler.log_command:Invoking command in '/home/antel460/TDDE05/ros2_ws/src/labs/air_lab2': PYTHONPATH=/home/antel460/TDDE05/ros2_ws/src/labs/air_lab2/build/air_lab2/prefix_override:/home/antel460/TDDE05/ros2_ws/src/labs/air_lab2/install/air_lab2/lib/python3.8/site-packages:${PYTHONPATH} /usr/bin/python3 setup.py egg_info --egg-base build/air_lab2 build --build-base /home/antel460/TDDE05/ros2_ws/src/labs/air_lab2/build/air_lab2/build install --record /home/antel460/TDDE05/ros2_ws/src/labs/air_lab2/build/air_lab2/install.log --single-version-externally-managed
[3.632s] DEBUG:colcon.colcon_core.event_handler.log_command:Invoked command in '/home/antel460/TDDE05/ros2_ws/src/labs/air_lab2' returned '0': PYTHONPATH=/home/antel460/TDDE05/ros2_ws/src/labs/air_lab2/build/air_lab2/prefix_override:/home/antel460/TDDE05/ros2_ws/src/labs/air_lab2/install/air_lab2/lib/python3.8/site-packages:${PYTHONPATH} /usr/bin/python3 setup.py egg_info --egg-base build/air_lab2 build --build-base /home/antel460/TDDE05/ros2_ws/src/labs/air_lab2/build/air_lab2/build install --record /home/antel460/TDDE05/ros2_ws/src/labs/air_lab2/build/air_lab2/install.log --single-version-externally-managed
[3.640s] Level 1:colcon.colcon_core.environment:checking '/home/antel460/TDDE05/ros2_ws/src/labs/air_lab2/install/air_lab2' for CMake module files
[3.644s] Level 1:colcon.colcon_core.environment:checking '/home/antel460/TDDE05/ros2_ws/src/labs/air_lab2/install/air_lab2' for CMake config files
[3.652s] Level 1:colcon.colcon_core.environment:checking '/home/antel460/TDDE05/ros2_ws/src/labs/air_lab2/install/air_lab2/lib'
[3.653s] Level 1:colcon.colcon_core.environment:checking '/home/antel460/TDDE05/ros2_ws/src/labs/air_lab2/install/air_lab2/bin'
[3.653s] Level 1:colcon.colcon_core.environment:checking '/home/antel460/TDDE05/ros2_ws/src/labs/air_lab2/install/air_lab2/lib/pkgconfig/air_lab2.pc'
[3.654s] Level 1:colcon.colcon_core.environment:checking '/home/antel460/TDDE05/ros2_ws/src/labs/air_lab2/install/air_lab2/lib/python3.8/site-packages'
[3.654s] Level 1:colcon.colcon_core.shell:create_environment_hook('air_lab2', 'pythonpath')
[3.657s] INFO:colcon.colcon_core.shell:Creating environment hook '/home/antel460/TDDE05/ros2_ws/src/labs/air_lab2/install/air_lab2/share/air_lab2/hook/pythonpath.ps1'
[3.661s] INFO:colcon.colcon_core.shell:Creating environment descriptor '/home/antel460/TDDE05/ros2_ws/src/labs/air_lab2/install/air_lab2/share/air_lab2/hook/pythonpath.dsv'
[3.664s] INFO:colcon.colcon_core.shell:Creating environment hook '/home/antel460/TDDE05/ros2_ws/src/labs/air_lab2/install/air_lab2/share/air_lab2/hook/pythonpath.sh'
[3.669s] Level 1:colcon.colcon_core.environment:checking '/home/antel460/TDDE05/ros2_ws/src/labs/air_lab2/install/air_lab2/bin'
[3.670s] Level 1:colcon.colcon_core.environment:create_environment_scripts_only(air_lab2)
[3.676s] INFO:colcon.colcon_core.shell:Creating package script '/home/antel460/TDDE05/ros2_ws/src/labs/air_lab2/install/air_lab2/share/air_lab2/package.ps1'
[3.681s] INFO:colcon.colcon_core.shell:Creating package descriptor '/home/antel460/TDDE05/ros2_ws/src/labs/air_lab2/install/air_lab2/share/air_lab2/package.dsv'
[3.686s] INFO:colcon.colcon_core.shell:Creating package script '/home/antel460/TDDE05/ros2_ws/src/labs/air_lab2/install/air_lab2/share/air_lab2/package.sh'
[3.691s] INFO:colcon.colcon_core.shell:Creating package script '/home/antel460/TDDE05/ros2_ws/src/labs/air_lab2/install/air_lab2/share/air_lab2/package.bash'
[3.696s] INFO:colcon.colcon_core.shell:Creating package script '/home/antel460/TDDE05/ros2_ws/src/labs/air_lab2/install/air_lab2/share/air_lab2/package.zsh'
[3.700s] Level 1:colcon.colcon_core.environment:create_file_with_runtime_dependencies(/home/antel460/TDDE05/ros2_ws/src/labs/air_lab2/install/air_lab2/share/colcon-core/packages/air_lab2)
[3.703s] DEBUG:colcon.colcon_parallel_executor.executor.parallel:closing loop
[3.704s] DEBUG:colcon.colcon_parallel_executor.executor.parallel:loop closed
[3.704s] DEBUG:colcon.colcon_parallel_executor.executor.parallel:run_until_complete finished with '0'
[3.704s] DEBUG:colcon.colcon_core.event_reactor:joining thread
[3.716s] INFO:colcon.colcon_core.plugin_system:Skipping extension 'colcon_notification.desktop_notification.terminal_notifier': Not used on non-Darwin systems
[3.716s] INFO:colcon.colcon_core.plugin_system:Skipping extension 'colcon_notification.desktop_notification.win32': Not used on non-Windows systems
[3.717s] INFO:colcon.colcon_notification.desktop_notification:Sending desktop notification using 'notify2'
[4.081s] DEBUG:colcon.colcon_core.event_reactor:joined thread
[4.087s] INFO:colcon.colcon_core.shell:Creating prefix script '/home/antel460/TDDE05/ros2_ws/src/labs/air_lab2/install/local_setup.ps1'
[4.094s] INFO:colcon.colcon_core.shell:Creating prefix util module '/home/antel460/TDDE05/ros2_ws/src/labs/air_lab2/install/_local_setup_util_ps1.py'
[4.101s] INFO:colcon.colcon_core.shell:Creating prefix chain script '/home/antel460/TDDE05/ros2_ws/src/labs/air_lab2/install/setup.ps1'
[4.119s] INFO:colcon.colcon_core.shell:Creating prefix script '/home/antel460/TDDE05/ros2_ws/src/labs/air_lab2/install/local_setup.sh'
[4.123s] INFO:colcon.colcon_core.shell:Creating prefix util module '/home/antel460/TDDE05/ros2_ws/src/labs/air_lab2/install/_local_setup_util_sh.py'
[4.127s] INFO:colcon.colcon_core.shell:Creating prefix chain script '/home/antel460/TDDE05/ros2_ws/src/labs/air_lab2/install/setup.sh'
[4.143s] INFO:colcon.colcon_core.shell:Creating prefix script '/home/antel460/TDDE05/ros2_ws/src/labs/air_lab2/install/local_setup.bash'
[4.146s] INFO:colcon.colcon_core.shell:Creating prefix chain script '/home/antel460/TDDE05/ros2_ws/src/labs/air_lab2/install/setup.bash'
[4.163s] INFO:colcon.colcon_core.shell:Creating prefix script '/home/antel460/TDDE05/ros2_ws/src/labs/air_lab2/install/local_setup.zsh'
[4.166s] INFO:colcon.colcon_core.shell:Creating prefix chain script '/home/antel460/TDDE05/ros2_ws/src/labs/air_lab2/install/setup.zsh'
