running egg_info
creating ../build/air_lab2/air_lab2.egg-info
writing ../build/air_lab2/air_lab2.egg-info/PKG-INFO
writing dependency_links to ../build/air_lab2/air_lab2.egg-info/dependency_links.txt
writing entry points to ../build/air_lab2/air_lab2.egg-info/entry_points.txt
writing requirements to ../build/air_lab2/air_lab2.egg-info/requires.txt
writing top-level names to ../build/air_lab2/air_lab2.egg-info/top_level.txt
writing manifest file '../build/air_lab2/air_lab2.egg-info/SOURCES.txt'
writing manifest file '../build/air_lab2/air_lab2.egg-info/SOURCES.txt'
running build
running build_py
creating /home/matge373/TDDE05/ros2_ws/src/labs/build/air_lab2/build
creating /home/matge373/TDDE05/ros2_ws/src/labs/build/air_lab2/build/lib
creating /home/matge373/TDDE05/ros2_ws/src/labs/build/air_lab2/build/lib/air_lab2
copying air_lab2/random_exploration.py -> /home/matge373/TDDE05/ros2_ws/src/labs/build/air_lab2/build/lib/air_lab2
copying air_lab2/lab2_node.py -> /home/matge373/TDDE05/ros2_ws/src/labs/build/air_lab2/build/lib/air_lab2
copying air_lab2/__init__.py -> /home/matge373/TDDE05/ros2_ws/src/labs/build/air_lab2/build/lib/air_lab2
running install
running install_lib
creating /home/matge373/TDDE05/ros2_ws/src/labs/install/air_lab2/lib/python3.8/site-packages/air_lab2
copying /home/matge373/TDDE05/ros2_ws/src/labs/build/air_lab2/build/lib/air_lab2/__init__.py -> /home/matge373/TDDE05/ros2_ws/src/labs/install/air_lab2/lib/python3.8/site-packages/air_lab2
copying /home/matge373/TDDE05/ros2_ws/src/labs/build/air_lab2/build/lib/air_lab2/lab2_node.py -> /home/matge373/TDDE05/ros2_ws/src/labs/install/air_lab2/lib/python3.8/site-packages/air_lab2
copying /home/matge373/TDDE05/ros2_ws/src/labs/build/air_lab2/build/lib/air_lab2/random_exploration.py -> /home/matge373/TDDE05/ros2_ws/src/labs/install/air_lab2/lib/python3.8/site-packages/air_lab2
byte-compiling /home/matge373/TDDE05/ros2_ws/src/labs/install/air_lab2/lib/python3.8/site-packages/air_lab2/__init__.py to __init__.cpython-38.pyc
byte-compiling /home/matge373/TDDE05/ros2_ws/src/labs/install/air_lab2/lib/python3.8/site-packages/air_lab2/lab2_node.py to lab2_node.cpython-38.pyc
byte-compiling /home/matge373/TDDE05/ros2_ws/src/labs/install/air_lab2/lib/python3.8/site-packages/air_lab2/random_exploration.py to random_exploration.cpython-38.pyc
running install_data
creating /home/matge373/TDDE05/ros2_ws/src/labs/install/air_lab2/share/ament_index
creating /home/matge373/TDDE05/ros2_ws/src/labs/install/air_lab2/share/ament_index/resource_index
creating /home/matge373/TDDE05/ros2_ws/src/labs/install/air_lab2/share/ament_index/resource_index/packages
copying resource/air_lab2 -> /home/matge373/TDDE05/ros2_ws/src/labs/install/air_lab2/share/ament_index/resource_index/packages
copying package.xml -> /home/matge373/TDDE05/ros2_ws/src/labs/install/air_lab2/share/air_lab2
running install_egg_info
Copying ../build/air_lab2/air_lab2.egg-info to /home/matge373/TDDE05/ros2_ws/src/labs/install/air_lab2/lib/python3.8/site-packages/air_lab2-0.0.0-py3.8.egg-info
running install_scripts
Installing lab2_node script to /home/matge373/TDDE05/ros2_ws/src/labs/install/air_lab2/lib/air_lab2
Installing random_exploration script to /home/matge373/TDDE05/ros2_ws/src/labs/install/air_lab2/lib/air_lab2
writing list of installed files to '/home/matge373/TDDE05/ros2_ws/src/labs/build/air_lab2/install.log'
