[19.114s] Invoking command in '/home/antel460/TDDE05/ros2_ws/src/labs/air_lab2': PYTHONPATH=/home/antel460/TDDE05/ros2_ws/src/labs/build/air_lab2/prefix_override:/home/antel460/TDDE05/ros2_ws/src/labs/install/air_lab2/lib/python3.8/site-packages:${PYTHONPATH} /usr/bin/python3 setup.py egg_info --egg-base ../build/air_lab2 build --build-base /home/antel460/TDDE05/ros2_ws/src/labs/build/air_lab2/build install --record /home/antel460/TDDE05/ros2_ws/src/labs/build/air_lab2/install.log --single-version-externally-managed
[23.834s] running egg_info
[23.841s] writing ../build/air_lab2/air_lab2.egg-info/PKG-INFO
[23.850s] writing dependency_links to ../build/air_lab2/air_lab2.egg-info/dependency_links.txt
[23.854s] writing entry points to ../build/air_lab2/air_lab2.egg-info/entry_points.txt
[23.861s] writing requirements to ../build/air_lab2/air_lab2.egg-info/requires.txt
[23.863s] writing top-level names to ../build/air_lab2/air_lab2.egg-info/top_level.txt
[42.192s] writing manifest file '../build/air_lab2/air_lab2.egg-info/SOURCES.txt'
[42.195s] running build
[42.195s] running build_py
[42.220s] running install
[42.244s] running install_lib
[42.352s] running install_data
[42.369s] running install_egg_info
[42.373s] removing '/home/antel460/TDDE05/ros2_ws/src/labs/install/air_lab2/lib/python3.8/site-packages/air_lab2-0.0.0-py3.8.egg-info' (and everything under it)
[42.425s] Copying ../build/air_lab2/air_lab2.egg-info to /home/antel460/TDDE05/ros2_ws/src/labs/install/air_lab2/lib/python3.8/site-packages/air_lab2-0.0.0-py3.8.egg-info
[42.568s] running install_scripts
[42.749s] Installing lab2_node script to /home/antel460/TDDE05/ros2_ws/src/labs/install/air_lab2/lib/air_lab2
[42.758s] Installing random_exploration script to /home/antel460/TDDE05/ros2_ws/src/labs/install/air_lab2/lib/air_lab2
[42.768s] writing list of installed files to '/home/antel460/TDDE05/ros2_ws/src/labs/build/air_lab2/install.log'
[42.808s] Invoked command in '/home/antel460/TDDE05/ros2_ws/src/labs/air_lab2' returned '0': PYTHONPATH=/home/antel460/TDDE05/ros2_ws/src/labs/build/air_lab2/prefix_override:/home/antel460/TDDE05/ros2_ws/src/labs/install/air_lab2/lib/python3.8/site-packages:${PYTHONPATH} /usr/bin/python3 setup.py egg_info --egg-base ../build/air_lab2 build --build-base /home/antel460/TDDE05/ros2_ws/src/labs/build/air_lab2/build install --record /home/antel460/TDDE05/ros2_ws/src/labs/build/air_lab2/install.log --single-version-externally-managed
